Copyright 1986-2018 Xilinx, Inc. All Rights Reserved.
-------------------------------------------------------------------------------------------------------------------------------------------------------------------------------------------------------------------
| Tool Version     : Vivado v.2018.3 (win64) Build 2405991 Thu Dec  6 23:38:27 MST 2018
| Date             : Sat Jun  6 01:14:48 2026
| Host             : LAPTOP-476JT8H0 running 64-bit major release  (build 9200)
| Command          : report_power -file board_demo_competition_dac8_top_power_routed.rpt -pb board_demo_competition_dac8_top_power_summary_routed.pb -rpx board_demo_competition_dac8_top_power_routed.rpx
| Design           : board_demo_competition_dac8_top
| Device           : xc7a35tfgg484-2
| Design State     : routed
| Grade            : commercial
| Process          : typical
| Characterization : Production
-------------------------------------------------------------------------------------------------------------------------------------------------------------------------------------------------------------------

Power Report

Table of Contents
-----------------
1. Summary
1.1 On-Chip Components
1.2 Power Supply Summary
1.3 Confidence Level
2. Settings
2.1 Environment
2.2 Clock Constraints
3. Detailed Reports
3.1 By Hierarchy

1. Summary
----------

+--------------------------+--------------+
| Total On-Chip Power (W)  | 0.292        |
| Design Power Budget (W)  | Unspecified* |
| Power Budget Margin (W)  | NA           |
| Dynamic (W)              | 0.219        |
| Device Static (W)        | 0.073        |
| Effective TJA (C/W)      | 2.8          |
| Max Ambient (C)          | 84.2         |
| Junction Temperature (C) | 25.8         |
| Confidence Level         | Low          |
| Setting File             | ---          |
| Simulation Activity File | ---          |
| Design Nets Matched      | NA           |
+--------------------------+--------------+
* Specify Design Power Budget using, set_operating_conditions -design_power_budget <value in Watts>


1.1 On-Chip Components
----------------------

+--------------------------+-----------+----------+-----------+-----------------+
| On-Chip                  | Power (W) | Used     | Available | Utilization (%) |
+--------------------------+-----------+----------+-----------+-----------------+
| Clocks                   |     0.003 |        8 |       --- |             --- |
| Slice Logic              |     0.008 |    36516 |       --- |             --- |
|   LUT as Logic           |     0.007 |    18613 |     20800 |           89.49 |
|   CARRY4                 |    <0.001 |     4070 |      8150 |           49.94 |
|   Register               |    <0.001 |     7775 |     41600 |           18.69 |
|   LUT as Shift Register  |    <0.001 |      115 |      9600 |            1.20 |
|   LUT as Distributed RAM |    <0.001 |       24 |      9600 |            0.25 |
|   F7/F8 Muxes            |    <0.001 |       18 |     32600 |            0.06 |
|   Others                 |     0.000 |      288 |       --- |             --- |
| Signals                  |     0.008 |    32721 |       --- |             --- |
| Block RAM                |    <0.001 |     14.5 |        50 |           29.00 |
| MMCM                     |     0.198 |        2 |         5 |           40.00 |
| DSPs                     |    <0.001 |        6 |        90 |            6.67 |
| I/O                      |     0.001 |       14 |       250 |            5.60 |
| Static Power             |     0.073 |          |           |                 |
| Total                    |     0.292 |          |           |                 |
+--------------------------+-----------+----------+-----------+-----------------+


1.2 Power Supply Summary
------------------------

+-----------+-------------+-----------+-------------+------------+
| Source    | Voltage (V) | Total (A) | Dynamic (A) | Static (A) |
+-----------+-------------+-----------+-------------+------------+
| Vccint    |       1.000 |     0.030 |       0.020 |      0.010 |
| Vccaux    |       1.800 |     0.123 |       0.110 |      0.013 |
| Vcco33    |       3.300 |     0.001 |       0.000 |      0.001 |
| Vcco25    |       2.500 |     0.000 |       0.000 |      0.000 |
| Vcco18    |       1.800 |     0.000 |       0.000 |      0.000 |
| Vcco15    |       1.500 |     0.000 |       0.000 |      0.000 |
| Vcco135   |       1.350 |     0.000 |       0.000 |      0.000 |
| Vcco12    |       1.200 |     0.000 |       0.000 |      0.000 |
| Vccaux_io |       1.800 |     0.000 |       0.000 |      0.000 |
| Vccbram   |       1.000 |     0.001 |       0.000 |      0.001 |
| MGTAVcc   |       1.000 |     0.000 |       0.000 |      0.000 |
| MGTAVtt   |       1.200 |     0.000 |       0.000 |      0.000 |
| Vccadc    |       1.800 |     0.020 |       0.000 |      0.020 |
+-----------+-------------+-----------+-------------+------------+


1.3 Confidence Level
--------------------

+-----------------------------+------------+--------------------------------------------------------+------------------------------------------------------------------------------------------------------------+
| User Input Data             | Confidence | Details                                                | Action                                                                                                     |
+-----------------------------+------------+--------------------------------------------------------+------------------------------------------------------------------------------------------------------------+
| Design implementation state | High       | Design is routed                                       |                                                                                                            |
| Clock nodes activity        | High       | User specified more than 95% of clocks                 |                                                                                                            |
| I/O nodes activity          | Low        | More than 75% of inputs are missing user specification | Provide missing input activity with simulation results or by editing the "By Resource Type -> I/Os" view   |
| Internal nodes activity     | Medium     | User specified less than 25% of internal nodes         | Provide missing internal nodes activity with simulation results or by editing the "By Resource Type" views |
| Device models               | High       | Device models are Production                           |                                                                                                            |
|                             |            |                                                        |                                                                                                            |
| Overall confidence level    | Low        |                                                        |                                                                                                            |
+-----------------------------+------------+--------------------------------------------------------+------------------------------------------------------------------------------------------------------------+


2. Settings
-----------

2.1 Environment
---------------

+-----------------------+--------------------------+
| Ambient Temp (C)      | 25.0                     |
| ThetaJA (C/W)         | 2.8                      |
| Airflow (LFM)         | 250                      |
| Heat Sink             | medium (Medium Profile)  |
| ThetaSA (C/W)         | 4.6                      |
| Board Selection       | medium (10"x10")         |
| # of Board Layers     | 12to15 (12 to 15 Layers) |
| Board Temperature (C) | 25.0                     |
+-----------------------+--------------------------+


2.2 Clock Constraints
---------------------

+--------------------------------------------------------------------------------------------+----------------------------------------------------------------------+-----------------+
| Clock                                                                                      | Domain                                                               | Constraint (ns) |
+--------------------------------------------------------------------------------------------+----------------------------------------------------------------------+-----------------+
| clk_audio_128x_44k1                                                                        | u_clk_wiz_audio_44k1/inst/clk_out1                                   |           177.2 |
| clk_audio_128x_48k                                                                         | u_clk_wiz_audio_48k/inst/clk_out1                                    |           162.8 |
| clkfb_44k1                                                                                 | u_clk_wiz_audio_44k1/inst/clkfb_out                                  |           100.0 |
| clkfb_48k                                                                                  | u_clk_wiz_audio_48k/inst/clkfb_out                                   |            60.0 |
| dbg_hub/inst/BSCANID.u_xsdbm_id/SWITCH_N_EXT_BSCAN.bscan_inst/SERIES7_BSCAN.bscan_inst/TCK | dbg_hub/inst/BSCANID.u_xsdbm_id/SWITCH_N_EXT_BSCAN.bscan_inst/tck_bs |            33.0 |
| sys_clk                                                                                    | clk                                                                  |            20.0 |
+--------------------------------------------------------------------------------------------+----------------------------------------------------------------------+-----------------+


3. Detailed Reports
-------------------

3.1 By Hierarchy
----------------

+----------------------------------+-----------+
| Name                             | Power (W) |
+----------------------------------+-----------+
| board_demo_competition_dac8_top  |     0.219 |
|   dbg_hub                        |     0.001 |
|     inst                         |     0.001 |
|       BSCANID.u_xsdbm_id         |     0.001 |
|   u_clk_wiz_audio_44k1           |     0.095 |
|     inst                         |     0.095 |
|   u_clk_wiz_audio_48k            |     0.103 |
|     inst                         |     0.103 |
|   u_demo_interp_dac8_mmcm_common |     0.017 |
|     u_interp128_top_ce           |     0.017 |
|       u_interp2_top_128x         |     0.002 |
|       u_interp2_top_16x          |     0.001 |
|       u_interp2_top_32x          |     0.002 |
|       u_interp2_top_64x          |     0.002 |
|       u_interp2_top_8x           |     0.001 |
|       u_interp4_top_symm_ce      |     0.009 |
|   u_ila_0                        |     0.001 |
|     inst                         |     0.001 |
|       ila_core_inst              |     0.001 |
+----------------------------------+-----------+


