
*** Running vivado
    with args -log board_demo_competition_dac8_top.vdi -applog -m64 -product Vivado -messageDb vivado.pb -mode batch -source board_demo_competition_dac8_top.tcl -notrace


****** Vivado v2018.3 (64-bit)
  **** SW Build 2405991 on Thu Dec  6 23:38:27 MST 2018
  **** IP Build 2404404 on Fri Dec  7 01:43:56 MST 2018
    ** Copyright 1986-2018 Xilinx, Inc. All Rights Reserved.

source board_demo_competition_dac8_top.tcl -notrace
Command: link_design -top board_demo_competition_dac8_top -part xc7a35tfgg484-2
Design is defaulting to srcset: sources_1
Design is defaulting to constrset: constrs_1
INFO: [Project 1-454] Reading design checkpoint 'd:/FpgaProject/XilinxProject/XC7A35T/fir_interpolation/interp4_ctrl/interp4_ctrl.srcs/sources_1/ip/clk_wiz_audio_44k1/clk_wiz_audio_44k1.dcp' for cell 'u_clk_wiz_audio_44k1'
INFO: [Project 1-454] Reading design checkpoint 'd:/FpgaProject/XilinxProject/XC7A35T/fir_interpolation/interp4_ctrl/interp4_ctrl.srcs/sources_1/ip/clk_wiz_audio_48k/clk_wiz_audio_48k.dcp' for cell 'u_clk_wiz_audio_48k'
INFO: [Netlist 29-17] Analyzing 4047 Unisim elements for replacement
INFO: [Netlist 29-28] Unisim Transformation completed in 0 CPU seconds
INFO: [Project 1-479] Netlist was created with Vivado 2018.3
INFO: [Device 21-403] Loading part xc7a35tfgg484-2
INFO: [Project 1-570] Preparing netlist for logic optimization
Parsing XDC File [d:/FpgaProject/XilinxProject/XC7A35T/fir_interpolation/interp4_ctrl/interp4_ctrl.srcs/sources_1/ip/clk_wiz_audio_44k1/clk_wiz_audio_44k1_board.xdc] for cell 'u_clk_wiz_audio_44k1/inst'
Finished Parsing XDC File [d:/FpgaProject/XilinxProject/XC7A35T/fir_interpolation/interp4_ctrl/interp4_ctrl.srcs/sources_1/ip/clk_wiz_audio_44k1/clk_wiz_audio_44k1_board.xdc] for cell 'u_clk_wiz_audio_44k1/inst'
Parsing XDC File [d:/FpgaProject/XilinxProject/XC7A35T/fir_interpolation/interp4_ctrl/interp4_ctrl.srcs/sources_1/ip/clk_wiz_audio_44k1/clk_wiz_audio_44k1.xdc] for cell 'u_clk_wiz_audio_44k1/inst'
Finished Parsing XDC File [d:/FpgaProject/XilinxProject/XC7A35T/fir_interpolation/interp4_ctrl/interp4_ctrl.srcs/sources_1/ip/clk_wiz_audio_44k1/clk_wiz_audio_44k1.xdc] for cell 'u_clk_wiz_audio_44k1/inst'
Parsing XDC File [d:/FpgaProject/XilinxProject/XC7A35T/fir_interpolation/interp4_ctrl/interp4_ctrl.srcs/sources_1/ip/clk_wiz_audio_48k/clk_wiz_audio_48k_board.xdc] for cell 'u_clk_wiz_audio_48k/inst'
Finished Parsing XDC File [d:/FpgaProject/XilinxProject/XC7A35T/fir_interpolation/interp4_ctrl/interp4_ctrl.srcs/sources_1/ip/clk_wiz_audio_48k/clk_wiz_audio_48k_board.xdc] for cell 'u_clk_wiz_audio_48k/inst'
Parsing XDC File [d:/FpgaProject/XilinxProject/XC7A35T/fir_interpolation/interp4_ctrl/interp4_ctrl.srcs/sources_1/ip/clk_wiz_audio_48k/clk_wiz_audio_48k.xdc] for cell 'u_clk_wiz_audio_48k/inst'
Finished Parsing XDC File [d:/FpgaProject/XilinxProject/XC7A35T/fir_interpolation/interp4_ctrl/interp4_ctrl.srcs/sources_1/ip/clk_wiz_audio_48k/clk_wiz_audio_48k.xdc] for cell 'u_clk_wiz_audio_48k/inst'
Parsing XDC File [D:/FpgaProject/XilinxProject/XC7A35T/fir_interpolation/interp4_ctrl/interp4_ctrl.srcs/constrs_1/new/board_demo_competition_dac8_top.xdc]
Finished Parsing XDC File [D:/FpgaProject/XilinxProject/XC7A35T/fir_interpolation/interp4_ctrl/interp4_ctrl.srcs/constrs_1/new/board_demo_competition_dac8_top.xdc]
Parsing XDC File [d:/FpgaProject/XilinxProject/XC7A35T/fir_interpolation/interp4_ctrl/interp4_ctrl.srcs/sources_1/ip/clk_wiz_audio_44k1/clk_wiz_audio_44k1_late.xdc] for cell 'u_clk_wiz_audio_44k1/inst'
Finished Parsing XDC File [d:/FpgaProject/XilinxProject/XC7A35T/fir_interpolation/interp4_ctrl/interp4_ctrl.srcs/sources_1/ip/clk_wiz_audio_44k1/clk_wiz_audio_44k1_late.xdc] for cell 'u_clk_wiz_audio_44k1/inst'
Parsing XDC File [d:/FpgaProject/XilinxProject/XC7A35T/fir_interpolation/interp4_ctrl/interp4_ctrl.srcs/sources_1/ip/clk_wiz_audio_48k/clk_wiz_audio_48k_late.xdc] for cell 'u_clk_wiz_audio_48k/inst'
Finished Parsing XDC File [d:/FpgaProject/XilinxProject/XC7A35T/fir_interpolation/interp4_ctrl/interp4_ctrl.srcs/sources_1/ip/clk_wiz_audio_48k/clk_wiz_audio_48k_late.xdc] for cell 'u_clk_wiz_audio_48k/inst'
INFO: [Opt 31-138] Pushed 0 inverter(s) to 0 load pin(s).
Netlist sorting complete. Time (s): cpu = 00:00:00 ; elapsed = 00:00:00.003 . Memory (MB): peak = 1265.227 ; gain = 0.000
INFO: [Project 1-111] Unisim Transformation Summary:
No Unisim elements were transformed.

9 Infos, 0 Warnings, 0 Critical Warnings and 0 Errors encountered.
link_design completed successfully
link_design: Time (s): cpu = 00:00:12 ; elapsed = 00:00:14 . Memory (MB): peak = 1265.227 ; gain = 953.555
INFO: [Common 17-600] The following parameters have non-default value.
tcl.collectionResultDisplayLimit
Command: opt_design
Attempting to get a license for feature 'Implementation' and/or device 'xc7a35t'
INFO: [Common 17-349] Got license for feature 'Implementation' and/or device 'xc7a35t'
Running DRC as a precondition to command opt_design

Starting DRC Task
INFO: [DRC 23-27] Running DRC with 2 threads
INFO: [Project 1-461] DRC finished with 0 Errors
INFO: [Project 1-462] Please refer to the DRC report (report_drc) for more information.

Time (s): cpu = 00:00:02 ; elapsed = 00:00:00.681 . Memory (MB): peak = 1265.227 ; gain = 0.000

Starting Cache Timing Information Task
INFO: [Timing 38-35] Done setting XDC timing constraints.
Ending Cache Timing Information Task | Checksum: 17ae36a49

Time (s): cpu = 00:00:01 ; elapsed = 00:00:00.700 . Memory (MB): peak = 1265.227 ; gain = 0.000

Starting Logic Optimization Task

Phase 1 Generate And Synthesize Debug Cores
INFO: [Chipscope 16-329] Generating Script for core instance : dbg_hub 
INFO: [IP_Flow 19-3806] Processing IP xilinx.com:ip:xsdbm:3.0 for cell dbg_hub_CV.
INFO: [Chipscope 16-329] Generating Script for core instance : u_ila_0 
INFO: [IP_Flow 19-3806] Processing IP xilinx.com:ip:ila:6.2 for cell u_ila_0_CV.
INFO: [Chipscope 16-220] Re-using generated and synthesized IP, "xilinx.com:ip:xsdbm:3.0", from Vivado IP cache entry "d95ea19a1c4bc21b".
Netlist sorting complete. Time (s): cpu = 00:00:00 ; elapsed = 00:00:00.041 . Memory (MB): peak = 1405.820 ; gain = 0.000
Phase 1 Generate And Synthesize Debug Cores | Checksum: 1e3cb4ef2

Time (s): cpu = 00:00:03 ; elapsed = 00:01:27 . Memory (MB): peak = 1405.820 ; gain = 57.156

Phase 2 Retarget
INFO: [Opt 31-138] Pushed 28 inverter(s) to 468 load pin(s).
INFO: [Opt 31-49] Retargeted 0 cell(s).
Phase 2 Retarget | Checksum: 14b8db6c6

Time (s): cpu = 00:00:05 ; elapsed = 00:01:28 . Memory (MB): peak = 1405.820 ; gain = 57.156
INFO: [Opt 31-389] Phase Retarget created 5 cells and removed 92 cells
INFO: [Opt 31-1021] In phase Retarget, 263 netlist objects are constrained preventing optimization. Please run opt_design with -debug_log to get more detail. 

Phase 3 Constant propagation
INFO: [Opt 31-138] Pushed 0 inverter(s) to 0 load pin(s).
Phase 3 Constant propagation | Checksum: ff99be18

Time (s): cpu = 00:00:05 ; elapsed = 00:01:28 . Memory (MB): peak = 1405.820 ; gain = 57.156
INFO: [Opt 31-389] Phase Constant propagation created 21 cells and removed 37 cells
INFO: [Opt 31-1021] In phase Constant propagation, 246 netlist objects are constrained preventing optimization. Please run opt_design with -debug_log to get more detail. 

Phase 4 Sweep
Phase 4 Sweep | Checksum: 18ed6c98b

Time (s): cpu = 00:00:06 ; elapsed = 00:01:29 . Memory (MB): peak = 1405.820 ; gain = 57.156
INFO: [Opt 31-389] Phase Sweep created 0 cells and removed 74 cells
INFO: [Opt 31-1021] In phase Sweep, 1123 netlist objects are constrained preventing optimization. Please run opt_design with -debug_log to get more detail. 

Phase 5 BUFG optimization
INFO: [Opt 31-194] Inserted BUFG u_clk_wiz_audio_44k1/inst/clk_out1_BUFG_inst to drive 0 load(s) on clock net clk_audio_128x_44k1
INFO: [Opt 31-194] Inserted BUFG u_clk_wiz_audio_48k/inst/clk_out1_BUFG_inst to drive 0 load(s) on clock net clk_audio_128x_48k
INFO: [Opt 31-193] Inserted 2 BUFG(s) on clock nets
Phase 5 BUFG optimization | Checksum: 10b6634e3

Time (s): cpu = 00:00:06 ; elapsed = 00:01:29 . Memory (MB): peak = 1405.820 ; gain = 57.156
INFO: [Opt 31-662] Phase BUFG optimization created 0 cells of which 0 are BUFGs and removed 0 cells.

Phase 6 Shift Register Optimization
Phase 6 Shift Register Optimization | Checksum: 1517f43b9

Time (s): cpu = 00:00:08 ; elapsed = 00:01:31 . Memory (MB): peak = 1405.820 ; gain = 57.156
INFO: [Opt 31-389] Phase Shift Register Optimization created 0 cells and removed 0 cells

Phase 7 Post Processing Netlist
Phase 7 Post Processing Netlist | Checksum: e9c52cda

Time (s): cpu = 00:00:08 ; elapsed = 00:01:31 . Memory (MB): peak = 1405.820 ; gain = 57.156
INFO: [Opt 31-389] Phase Post Processing Netlist created 0 cells and removed 0 cells
INFO: [Opt 31-1021] In phase Post Processing Netlist, 66 netlist objects are constrained preventing optimization. Please run opt_design with -debug_log to get more detail. 
Opt_design Change Summary
=========================


-------------------------------------------------------------------------------------------------------------------------
|  Phase                        |  #Cells created  |  #Cells Removed  |  #Constrained objects preventing optimizations  |
-------------------------------------------------------------------------------------------------------------------------
|  Retarget                     |               5  |              92  |                                            263  |
|  Constant propagation         |              21  |              37  |                                            246  |
|  Sweep                        |               0  |              74  |                                           1123  |
|  BUFG optimization            |               0  |               0  |                                              0  |
|  Shift Register Optimization  |               0  |               0  |                                              0  |
|  Post Processing Netlist      |               0  |               0  |                                             66  |
-------------------------------------------------------------------------------------------------------------------------



Starting Connectivity Check Task

Time (s): cpu = 00:00:00 ; elapsed = 00:00:00.049 . Memory (MB): peak = 1405.820 ; gain = 0.000
Ending Logic Optimization Task | Checksum: 11d2519cf

Time (s): cpu = 00:00:08 ; elapsed = 00:01:31 . Memory (MB): peak = 1405.820 ; gain = 57.156

Starting Power Optimization Task
INFO: [Pwropt 34-132] Skipping clock gating for clocks with a period < 2.00 ns.
INFO: [Timing 38-35] Done setting XDC timing constraints.
INFO: [Pwropt 34-9] Applying IDT optimizations ...
INFO: [Pwropt 34-10] Applying ODC optimizations ...
INFO: [Physopt 32-619] Estimated Timing Summary | WNS=28.910 | TNS=0.000 |
Running Vector-less Activity Propagation...

Finished Running Vector-less Activity Propagation


Starting PowerOpt Patch Enables Task
INFO: [Pwropt 34-162] WRITE_MODE attribute of 0 BRAM(s) out of a total of 15 has been updated to save power. Run report_power_opt to get a complete listing of the BRAMs updated.
INFO: [Pwropt 34-201] Structural ODC has moved 0 WE to EN ports
Number of BRAM Ports augmented: 15 newly gated: 0 Total Ports: 30
Ending PowerOpt Patch Enables Task | Checksum: 100c58217

Time (s): cpu = 00:00:00 ; elapsed = 00:00:00.102 . Memory (MB): peak = 1712.223 ; gain = 0.000
Ending Power Optimization Task | Checksum: 100c58217

Time (s): cpu = 00:00:10 ; elapsed = 00:00:05 . Memory (MB): peak = 1712.223 ; gain = 306.402

Starting Final Cleanup Task
Ending Final Cleanup Task | Checksum: 100c58217

Time (s): cpu = 00:00:00 ; elapsed = 00:00:00 . Memory (MB): peak = 1712.223 ; gain = 0.000

Starting Netlist Obfuscation Task
Netlist sorting complete. Time (s): cpu = 00:00:00 ; elapsed = 00:00:00.005 . Memory (MB): peak = 1712.223 ; gain = 0.000
Ending Netlist Obfuscation Task | Checksum: 15c8a2755

Time (s): cpu = 00:00:00 ; elapsed = 00:00:00.005 . Memory (MB): peak = 1712.223 ; gain = 0.000
INFO: [Common 17-83] Releasing license: Implementation
50 Infos, 0 Warnings, 0 Critical Warnings and 0 Errors encountered.
opt_design completed successfully
opt_design: Time (s): cpu = 00:00:21 ; elapsed = 00:01:39 . Memory (MB): peak = 1712.223 ; gain = 446.996
INFO: [Common 17-600] The following parameters have non-default value.
tcl.collectionResultDisplayLimit
Netlist sorting complete. Time (s): cpu = 00:00:00 ; elapsed = 00:00:00.004 . Memory (MB): peak = 1712.223 ; gain = 0.000
INFO: [Timing 38-480] Writing timing data to binary archive.
Writing placer database...
Writing XDEF routing.
Writing XDEF routing logical nets.
Writing XDEF routing special nets.
Write XDEF Complete: Time (s): cpu = 00:00:00 ; elapsed = 00:00:00.025 . Memory (MB): peak = 1712.223 ; gain = 0.000
Netlist sorting complete. Time (s): cpu = 00:00:00 ; elapsed = 00:00:00.006 . Memory (MB): peak = 1712.223 ; gain = 0.000
INFO: [Common 17-1381] The checkpoint 'D:/FpgaProject/XilinxProject/XC7A35T/fir_interpolation/interp4_ctrl/interp4_ctrl.runs/impl_1/board_demo_competition_dac8_top_opt.dcp' has been generated.
INFO: [runtcl-4] Executing : report_drc -file board_demo_competition_dac8_top_drc_opted.rpt -pb board_demo_competition_dac8_top_drc_opted.pb -rpx board_demo_competition_dac8_top_drc_opted.rpx
Command: report_drc -file board_demo_competition_dac8_top_drc_opted.rpt -pb board_demo_competition_dac8_top_drc_opted.pb -rpx board_demo_competition_dac8_top_drc_opted.rpx
INFO: [IP_Flow 19-1839] IP Catalog is up to date.
INFO: [DRC 23-27] Running DRC with 2 threads
INFO: [Coretcl 2-168] The results of DRC are in file D:/FpgaProject/XilinxProject/XC7A35T/fir_interpolation/interp4_ctrl/interp4_ctrl.runs/impl_1/board_demo_competition_dac8_top_drc_opted.rpt.
report_drc completed successfully
INFO: [Chipscope 16-240] Debug cores have already been implemented
Command: place_design
Attempting to get a license for feature 'Implementation' and/or device 'xc7a35t'
INFO: [Common 17-349] Got license for feature 'Implementation' and/or device 'xc7a35t'
INFO: [DRC 23-27] Running DRC with 2 threads
INFO: [Vivado_Tcl 4-198] DRC finished with 0 Errors
INFO: [Vivado_Tcl 4-199] Please refer to the DRC report (report_drc) for more information.
Running DRC as a precondition to command place_design
INFO: [DRC 23-27] Running DRC with 2 threads
INFO: [Vivado_Tcl 4-198] DRC finished with 0 Errors
INFO: [Vivado_Tcl 4-199] Please refer to the DRC report (report_drc) for more information.

Starting Placer Task
INFO: [Place 30-611] Multithreading enabled for place_design using a maximum of 2 CPUs

Phase 1 Placer Initialization

Phase 1.1 Placer Initialization Netlist Sorting
Netlist sorting complete. Time (s): cpu = 00:00:00 ; elapsed = 00:00:00.005 . Memory (MB): peak = 1712.223 ; gain = 0.000
Phase 1.1 Placer Initialization Netlist Sorting | Checksum: bc7785bc

Time (s): cpu = 00:00:00 ; elapsed = 00:00:00.016 . Memory (MB): peak = 1712.223 ; gain = 0.000
Netlist sorting complete. Time (s): cpu = 00:00:00 ; elapsed = 00:00:00.004 . Memory (MB): peak = 1712.223 ; gain = 0.000

Phase 1.2 IO Placement/ Clock Placement/ Build Placer Device
INFO: [Timing 38-35] Done setting XDC timing constraints.
Phase 1.2 IO Placement/ Clock Placement/ Build Placer Device | Checksum: 8edd2926

Time (s): cpu = 00:00:03 ; elapsed = 00:00:02 . Memory (MB): peak = 1712.223 ; gain = 0.000

Phase 1.3 Build Placer Netlist Model
Phase 1.3 Build Placer Netlist Model | Checksum: bb4b246b

Time (s): cpu = 00:00:09 ; elapsed = 00:00:07 . Memory (MB): peak = 1712.223 ; gain = 0.000

Phase 1.4 Constrain Clocks/Macros
Phase 1.4 Constrain Clocks/Macros | Checksum: bb4b246b

Time (s): cpu = 00:00:09 ; elapsed = 00:00:07 . Memory (MB): peak = 1712.223 ; gain = 0.000
Phase 1 Placer Initialization | Checksum: bb4b246b

Time (s): cpu = 00:00:09 ; elapsed = 00:00:07 . Memory (MB): peak = 1712.223 ; gain = 0.000

Phase 2 Global Placement

Phase 2.1 Floorplanning
Phase 2.1 Floorplanning | Checksum: 15484b0cf

Time (s): cpu = 00:00:11 ; elapsed = 00:00:08 . Memory (MB): peak = 1712.223 ; gain = 0.000

Phase 2.2 Physical Synthesis In Placer
INFO: [Physopt 32-65] No nets found for high-fanout optimization.
INFO: [Physopt 32-232] Optimized 0 net. Created 0 new instance.
INFO: [Physopt 32-775] End 1 Pass. Optimized 0 net or cell. Created 0 new cell, deleted 0 existing cell and moved 0 existing cell
INFO: [Physopt 32-670] No setup violation found.  DSP Register Optimization was not performed.
INFO: [Physopt 32-670] No setup violation found.  Shift Register Optimization was not performed.
INFO: [Physopt 32-670] No setup violation found.  BRAM Register Optimization was not performed.
INFO: [Physopt 32-949] No candidate nets found for HD net replication
INFO: [Physopt 32-775] End 1 Pass. Optimized 0 net or cell. Created 0 new cell, deleted 0 existing cell and moved 0 existing cell
Netlist sorting complete. Time (s): cpu = 00:00:00 ; elapsed = 00:00:00.008 . Memory (MB): peak = 1712.223 ; gain = 0.000

Summary of Physical Synthesis Optimizations
============================================


----------------------------------------------------------------------------------------------------------------------------------------
|  Optimization                  |  Added Cells  |  Removed Cells  |  Optimized Cells/Nets  |  Dont Touch  |  Iterations  |  Elapsed   |
----------------------------------------------------------------------------------------------------------------------------------------
|  Very High Fanout              |            0  |              0  |                     0  |           0  |           1  |  00:00:00  |
|  DSP Register                  |            0  |              0  |                     0  |           0  |           0  |  00:00:00  |
|  Shift Register                |            0  |              0  |                     0  |           0  |           0  |  00:00:00  |
|  BRAM Register                 |            0  |              0  |                     0  |           0  |           0  |  00:00:00  |
|  HD Interface Net Replication  |            0  |              0  |                     0  |           0  |           1  |  00:00:00  |
|  Total                         |            0  |              0  |                     0  |           0  |           2  |  00:00:00  |
----------------------------------------------------------------------------------------------------------------------------------------


Phase 2.2 Physical Synthesis In Placer | Checksum: 103b74e89

Time (s): cpu = 00:00:41 ; elapsed = 00:00:36 . Memory (MB): peak = 1712.223 ; gain = 0.000
Phase 2 Global Placement | Checksum: 1212a2fb5

Time (s): cpu = 00:00:42 ; elapsed = 00:00:37 . Memory (MB): peak = 1712.223 ; gain = 0.000

Phase 3 Detail Placement

Phase 3.1 Commit Multi Column Macros
Phase 3.1 Commit Multi Column Macros | Checksum: 1212a2fb5

Time (s): cpu = 00:00:42 ; elapsed = 00:00:37 . Memory (MB): peak = 1712.223 ; gain = 0.000

Phase 3.2 Commit Most Macros & LUTRAMs
Phase 3.2 Commit Most Macros & LUTRAMs | Checksum: 18f4d747d

Time (s): cpu = 00:00:47 ; elapsed = 00:00:42 . Memory (MB): peak = 1712.223 ; gain = 0.000

Phase 3.3 Area Swap Optimization
Phase 3.3 Area Swap Optimization | Checksum: 12c370abc

Time (s): cpu = 00:00:48 ; elapsed = 00:00:42 . Memory (MB): peak = 1712.223 ; gain = 0.000

Phase 3.4 Pipeline Register Optimization
Phase 3.4 Pipeline Register Optimization | Checksum: 1b5ec3542

Time (s): cpu = 00:00:48 ; elapsed = 00:00:42 . Memory (MB): peak = 1712.223 ; gain = 0.000

Phase 3.5 Small Shape Detail Placement
Phase 3.5 Small Shape Detail Placement | Checksum: 35e252c2

Time (s): cpu = 00:00:50 ; elapsed = 00:00:44 . Memory (MB): peak = 1712.223 ; gain = 0.000

Phase 3.6 Re-assign LUT pins
Phase 3.6 Re-assign LUT pins | Checksum: ea5ee679

Time (s): cpu = 00:00:51 ; elapsed = 00:00:46 . Memory (MB): peak = 1712.223 ; gain = 0.000

Phase 3.7 Pipeline Register Optimization
Phase 3.7 Pipeline Register Optimization | Checksum: e10d1885

Time (s): cpu = 00:00:51 ; elapsed = 00:00:46 . Memory (MB): peak = 1712.223 ; gain = 0.000
Phase 3 Detail Placement | Checksum: e10d1885

Time (s): cpu = 00:00:51 ; elapsed = 00:00:46 . Memory (MB): peak = 1712.223 ; gain = 0.000

Phase 4 Post Placement Optimization and Clean-Up

Phase 4.1 Post Commit Optimization
INFO: [Timing 38-35] Done setting XDC timing constraints.

Phase 4.1.1 Post Placement Optimization
Post Placement Optimization Initialization | Checksum: 12a178577

Phase 4.1.1.1 BUFG Insertion
INFO: [Place 46-33] Processed net u_demo_interp_dac8_mmcm_common/u_interp128_top_ce/u_interp4_top_symm_ce/u_fir_core_symm/rst_audio_sync_reg[2], BUFG insertion was skipped due to placement/routing conflicts.
INFO: [Place 46-33] Processed net u_demo_interp_dac8_mmcm_common/u_interp128_top_ce/u_interp4_top_symm_ce/u_interp4_ctrl_ce/fir_in_valid_reg_0, BUFG insertion was skipped due to placement/routing conflicts.
INFO: [Place 46-46] BUFG insertion identified 2 candidate nets, 0 success, 0 bufg driver replicated, 2 skipped for placement/routing, 0 skipped for timing, 0 skipped for netlist change reason
Phase 4.1.1.1 BUFG Insertion | Checksum: 12a178577

Time (s): cpu = 00:00:57 ; elapsed = 00:00:49 . Memory (MB): peak = 1712.223 ; gain = 0.000
INFO: [Place 30-746] Post Placement Timing Summary WNS=28.273. For the most accurate timing information please run report_timing.
Phase 4.1.1 Post Placement Optimization | Checksum: 188eb09ad

Time (s): cpu = 00:00:57 ; elapsed = 00:00:50 . Memory (MB): peak = 1712.223 ; gain = 0.000
Phase 4.1 Post Commit Optimization | Checksum: 188eb09ad

Time (s): cpu = 00:00:57 ; elapsed = 00:00:50 . Memory (MB): peak = 1712.223 ; gain = 0.000

Phase 4.2 Post Placement Cleanup
Phase 4.2 Post Placement Cleanup | Checksum: 188eb09ad

Time (s): cpu = 00:00:57 ; elapsed = 00:00:50 . Memory (MB): peak = 1712.223 ; gain = 0.000

Phase 4.3 Placer Reporting
Phase 4.3 Placer Reporting | Checksum: 188eb09ad

Time (s): cpu = 00:00:57 ; elapsed = 00:00:50 . Memory (MB): peak = 1712.223 ; gain = 0.000

Phase 4.4 Final Placement Cleanup
Netlist sorting complete. Time (s): cpu = 00:00:00 ; elapsed = 00:00:00.011 . Memory (MB): peak = 1712.223 ; gain = 0.000
Phase 4.4 Final Placement Cleanup | Checksum: 1eb4a70cb

Time (s): cpu = 00:00:58 ; elapsed = 00:00:50 . Memory (MB): peak = 1712.223 ; gain = 0.000
Phase 4 Post Placement Optimization and Clean-Up | Checksum: 1eb4a70cb

Time (s): cpu = 00:00:58 ; elapsed = 00:00:50 . Memory (MB): peak = 1712.223 ; gain = 0.000
Ending Placer Task | Checksum: 189b4bf2c

Time (s): cpu = 00:00:58 ; elapsed = 00:00:50 . Memory (MB): peak = 1712.223 ; gain = 0.000
INFO: [Common 17-83] Releasing license: Implementation
81 Infos, 0 Warnings, 0 Critical Warnings and 0 Errors encountered.
place_design completed successfully
place_design: Time (s): cpu = 00:00:59 ; elapsed = 00:00:51 . Memory (MB): peak = 1712.223 ; gain = 0.000
Netlist sorting complete. Time (s): cpu = 00:00:00 ; elapsed = 00:00:00.005 . Memory (MB): peak = 1712.223 ; gain = 0.000
INFO: [Timing 38-480] Writing timing data to binary archive.
Writing placer database...
Netlist sorting complete. Time (s): cpu = 00:00:00 ; elapsed = 00:00:00.005 . Memory (MB): peak = 1712.223 ; gain = 0.000
Writing XDEF routing.
Writing XDEF routing logical nets.
Writing XDEF routing special nets.
Write XDEF Complete: Time (s): cpu = 00:00:03 ; elapsed = 00:00:01 . Memory (MB): peak = 1712.223 ; gain = 0.000
INFO: [Common 17-1381] The checkpoint 'D:/FpgaProject/XilinxProject/XC7A35T/fir_interpolation/interp4_ctrl/interp4_ctrl.runs/impl_1/board_demo_competition_dac8_top_placed.dcp' has been generated.
INFO: [runtcl-4] Executing : report_io -file board_demo_competition_dac8_top_io_placed.rpt
report_io: Time (s): cpu = 00:00:00 ; elapsed = 00:00:00.033 . Memory (MB): peak = 1712.223 ; gain = 0.000
INFO: [runtcl-4] Executing : report_utilization -file board_demo_competition_dac8_top_utilization_placed.rpt -pb board_demo_competition_dac8_top_utilization_placed.pb
INFO: [runtcl-4] Executing : report_control_sets -verbose -file board_demo_competition_dac8_top_control_sets_placed.rpt
report_control_sets: Time (s): cpu = 00:00:00 ; elapsed = 00:00:00.034 . Memory (MB): peak = 1712.223 ; gain = 0.000
Command: route_design
Attempting to get a license for feature 'Implementation' and/or device 'xc7a35t'
INFO: [Common 17-349] Got license for feature 'Implementation' and/or device 'xc7a35t'
Running DRC as a precondition to command route_design
INFO: [DRC 23-27] Running DRC with 2 threads
INFO: [Vivado_Tcl 4-198] DRC finished with 0 Errors
INFO: [Vivado_Tcl 4-199] Please refer to the DRC report (report_drc) for more information.


Starting Routing Task
INFO: [Route 35-254] Multithreading enabled for route_design using a maximum of 2 CPUs
Checksum: PlaceDB: b6f0a539 ConstDB: 0 ShapeSum: d2c419f3 RouteDB: 0

Phase 1 Build RT Design
Phase 1 Build RT Design | Checksum: f38c50ee

Time (s): cpu = 00:00:14 ; elapsed = 00:00:11 . Memory (MB): peak = 1732.172 ; gain = 19.949
Post Restoration Checksum: NetGraph: 288f934c NumContArr: cafcbda2 Constraints: 0 Timing: 0

Phase 2 Router Initialization

Phase 2.1 Create Timer
Phase 2.1 Create Timer | Checksum: f38c50ee

Time (s): cpu = 00:00:14 ; elapsed = 00:00:11 . Memory (MB): peak = 1755.809 ; gain = 43.586

Phase 2.2 Fix Topology Constraints
Phase 2.2 Fix Topology Constraints | Checksum: f38c50ee

Time (s): cpu = 00:00:14 ; elapsed = 00:00:12 . Memory (MB): peak = 1762.734 ; gain = 50.512

Phase 2.3 Pre Route Cleanup
Phase 2.3 Pre Route Cleanup | Checksum: f38c50ee

Time (s): cpu = 00:00:15 ; elapsed = 00:00:12 . Memory (MB): peak = 1762.734 ; gain = 50.512
 Number of Nodes with overlaps = 0

Phase 2.4 Update Timing
Phase 2.4 Update Timing | Checksum: 19becaa55

Time (s): cpu = 00:00:21 ; elapsed = 00:00:16 . Memory (MB): peak = 1790.305 ; gain = 78.082
INFO: [Route 35-416] Intermediate Timing Summary | WNS=28.290 | TNS=0.000  | WHS=-0.257 | THS=-336.998|


Phase 2.5 Update Timing for Bus Skew

Phase 2.5.1 Update Timing
Phase 2.5.1 Update Timing | Checksum: 106470e9e

Time (s): cpu = 00:00:25 ; elapsed = 00:00:18 . Memory (MB): peak = 1834.668 ; gain = 122.445
INFO: [Route 35-416] Intermediate Timing Summary | WNS=28.290 | TNS=0.000  | WHS=N/A    | THS=N/A    |

Phase 2.5 Update Timing for Bus Skew | Checksum: 1b27e5870

Time (s): cpu = 00:00:25 ; elapsed = 00:00:18 . Memory (MB): peak = 1834.668 ; gain = 122.445
Phase 2 Router Initialization | Checksum: 1d58ac36e

Time (s): cpu = 00:00:25 ; elapsed = 00:00:18 . Memory (MB): peak = 1834.668 ; gain = 122.445

Phase 3 Initial Routing
Phase 3 Initial Routing | Checksum: 182c6ba1d

Time (s): cpu = 00:00:28 ; elapsed = 00:00:20 . Memory (MB): peak = 1834.668 ; gain = 122.445

Phase 4 Rip-up And Reroute

Phase 4.1 Global Iteration 0
 Number of Nodes with overlaps = 1200
 Number of Nodes with overlaps = 30
 Number of Nodes with overlaps = 0
INFO: [Route 35-416] Intermediate Timing Summary | WNS=27.170 | TNS=0.000  | WHS=N/A    | THS=N/A    |

Phase 4.1 Global Iteration 0 | Checksum: 1657655c5

Time (s): cpu = 00:00:34 ; elapsed = 00:00:24 . Memory (MB): peak = 1834.668 ; gain = 122.445
Phase 4 Rip-up And Reroute | Checksum: 1657655c5

Time (s): cpu = 00:00:34 ; elapsed = 00:00:24 . Memory (MB): peak = 1834.668 ; gain = 122.445

Phase 5 Delay and Skew Optimization

Phase 5.1 Delay CleanUp

Phase 5.1.1 Update Timing
Phase 5.1.1 Update Timing | Checksum: 18de8115c

Time (s): cpu = 00:00:36 ; elapsed = 00:00:25 . Memory (MB): peak = 1834.668 ; gain = 122.445
INFO: [Route 35-416] Intermediate Timing Summary | WNS=27.254 | TNS=0.000  | WHS=N/A    | THS=N/A    |

Phase 5.1 Delay CleanUp | Checksum: 12eb0ee57

Time (s): cpu = 00:00:36 ; elapsed = 00:00:25 . Memory (MB): peak = 1834.668 ; gain = 122.445

Phase 5.2 Clock Skew Optimization
Phase 5.2 Clock Skew Optimization | Checksum: 12eb0ee57

Time (s): cpu = 00:00:36 ; elapsed = 00:00:25 . Memory (MB): peak = 1834.668 ; gain = 122.445
Phase 5 Delay and Skew Optimization | Checksum: 12eb0ee57

Time (s): cpu = 00:00:36 ; elapsed = 00:00:25 . Memory (MB): peak = 1834.668 ; gain = 122.445

Phase 6 Post Hold Fix

Phase 6.1 Hold Fix Iter

Phase 6.1.1 Update Timing
Phase 6.1.1 Update Timing | Checksum: e8a6e275

Time (s): cpu = 00:00:38 ; elapsed = 00:00:26 . Memory (MB): peak = 1834.668 ; gain = 122.445
INFO: [Route 35-416] Intermediate Timing Summary | WNS=27.254 | TNS=0.000  | WHS=0.025  | THS=0.000  |

Phase 6.1 Hold Fix Iter | Checksum: 1d90eb1bc

Time (s): cpu = 00:00:38 ; elapsed = 00:00:26 . Memory (MB): peak = 1834.668 ; gain = 122.445
Phase 6 Post Hold Fix | Checksum: 1d90eb1bc

Time (s): cpu = 00:00:38 ; elapsed = 00:00:27 . Memory (MB): peak = 1834.668 ; gain = 122.445

Phase 7 Route finalize

Router Utilization Summary
  Global Vertical Routing Utilization    = 9.75365 %
  Global Horizontal Routing Utilization  = 12.398 %
  Routable Net Status*
  *Does not include unroutable nets such as driverless and loadless.
  Run report_route_status for detailed report.
  Number of Failed Nets               = 0
  Number of Unrouted Nets             = 0
  Number of Partially Routed Nets     = 0
  Number of Node Overlaps             = 0

Phase 7 Route finalize | Checksum: 12ef11aaf

Time (s): cpu = 00:00:38 ; elapsed = 00:00:27 . Memory (MB): peak = 1834.668 ; gain = 122.445

Phase 8 Verifying routed nets

 Verification completed successfully
Phase 8 Verifying routed nets | Checksum: 12ef11aaf

Time (s): cpu = 00:00:38 ; elapsed = 00:00:27 . Memory (MB): peak = 1834.668 ; gain = 122.445

Phase 9 Depositing Routes
Phase 9 Depositing Routes | Checksum: 17d755102

Time (s): cpu = 00:00:40 ; elapsed = 00:00:29 . Memory (MB): peak = 1834.668 ; gain = 122.445

Phase 10 Post Router Timing
INFO: [Route 35-57] Estimated Timing Summary | WNS=27.254 | TNS=0.000  | WHS=0.025  | THS=0.000  |

INFO: [Route 35-327] The final timing numbers are based on the router estimated timing analysis. For a complete and accurate timing signoff, please run report_timing_summary.
Phase 10 Post Router Timing | Checksum: 17d755102

Time (s): cpu = 00:00:40 ; elapsed = 00:00:29 . Memory (MB): peak = 1834.668 ; gain = 122.445
INFO: [Route 35-16] Router Completed Successfully

Time (s): cpu = 00:00:40 ; elapsed = 00:00:29 . Memory (MB): peak = 1834.668 ; gain = 122.445

Routing Is Done.
INFO: [Common 17-83] Releasing license: Implementation
100 Infos, 0 Warnings, 0 Critical Warnings and 0 Errors encountered.
route_design completed successfully
route_design: Time (s): cpu = 00:00:42 ; elapsed = 00:00:30 . Memory (MB): peak = 1834.668 ; gain = 122.445
Netlist sorting complete. Time (s): cpu = 00:00:00 ; elapsed = 00:00:00.005 . Memory (MB): peak = 1834.668 ; gain = 0.000
INFO: [Timing 38-480] Writing timing data to binary archive.
Writing placer database...
Netlist sorting complete. Time (s): cpu = 00:00:00 ; elapsed = 00:00:00.005 . Memory (MB): peak = 1834.668 ; gain = 0.000
Writing XDEF routing.
Writing XDEF routing logical nets.
Writing XDEF routing special nets.
Write XDEF Complete: Time (s): cpu = 00:00:05 ; elapsed = 00:00:02 . Memory (MB): peak = 1834.668 ; gain = 0.000
INFO: [Common 17-1381] The checkpoint 'D:/FpgaProject/XilinxProject/XC7A35T/fir_interpolation/interp4_ctrl/interp4_ctrl.runs/impl_1/board_demo_competition_dac8_top_routed.dcp' has been generated.
INFO: [runtcl-4] Executing : report_drc -file board_demo_competition_dac8_top_drc_routed.rpt -pb board_demo_competition_dac8_top_drc_routed.pb -rpx board_demo_competition_dac8_top_drc_routed.rpx
Command: report_drc -file board_demo_competition_dac8_top_drc_routed.rpt -pb board_demo_competition_dac8_top_drc_routed.pb -rpx board_demo_competition_dac8_top_drc_routed.rpx
INFO: [IP_Flow 19-1839] IP Catalog is up to date.
INFO: [DRC 23-27] Running DRC with 2 threads
INFO: [Coretcl 2-168] The results of DRC are in file D:/FpgaProject/XilinxProject/XC7A35T/fir_interpolation/interp4_ctrl/interp4_ctrl.runs/impl_1/board_demo_competition_dac8_top_drc_routed.rpt.
report_drc completed successfully
INFO: [runtcl-4] Executing : report_methodology -file board_demo_competition_dac8_top_methodology_drc_routed.rpt -pb board_demo_competition_dac8_top_methodology_drc_routed.pb -rpx board_demo_competition_dac8_top_methodology_drc_routed.rpx
Command: report_methodology -file board_demo_competition_dac8_top_methodology_drc_routed.rpt -pb board_demo_competition_dac8_top_methodology_drc_routed.pb -rpx board_demo_competition_dac8_top_methodology_drc_routed.rpx
INFO: [Timing 38-35] Done setting XDC timing constraints.
INFO: [DRC 23-133] Running Methodology with 2 threads
INFO: [Coretcl 2-1520] The results of Report Methodology are in file D:/FpgaProject/XilinxProject/XC7A35T/fir_interpolation/interp4_ctrl/interp4_ctrl.runs/impl_1/board_demo_competition_dac8_top_methodology_drc_routed.rpt.
report_methodology completed successfully
report_methodology: Time (s): cpu = 00:00:14 ; elapsed = 00:00:08 . Memory (MB): peak = 2000.484 ; gain = 165.816
INFO: [runtcl-4] Executing : report_power -file board_demo_competition_dac8_top_power_routed.rpt -pb board_demo_competition_dac8_top_power_summary_routed.pb -rpx board_demo_competition_dac8_top_power_routed.rpx
Command: report_power -file board_demo_competition_dac8_top_power_routed.rpt -pb board_demo_competition_dac8_top_power_summary_routed.pb -rpx board_demo_competition_dac8_top_power_routed.rpx
INFO: [Timing 38-35] Done setting XDC timing constraints.
Running Vector-less Activity Propagation...

Finished Running Vector-less Activity Propagation
112 Infos, 0 Warnings, 0 Critical Warnings and 0 Errors encountered.
report_power completed successfully
INFO: [runtcl-4] Executing : report_route_status -file board_demo_competition_dac8_top_route_status.rpt -pb board_demo_competition_dac8_top_route_status.pb
INFO: [runtcl-4] Executing : report_timing_summary -max_paths 10 -file board_demo_competition_dac8_top_timing_summary_routed.rpt -pb board_demo_competition_dac8_top_timing_summary_routed.pb -rpx board_demo_competition_dac8_top_timing_summary_routed.rpx -warn_on_violation 
INFO: [Timing 38-91] UpdateTimingParams: Speed grade: -2, Delay Type: min_max.
INFO: [Timing 38-191] Multithreading enabled for timing update using a maximum of 2 CPUs
WARNING: [Timing 38-436] There are set_bus_skew constraint(s) in this design. Please run report_bus_skew to ensure that bus skew requirements are met.
INFO: [runtcl-4] Executing : report_incremental_reuse -file board_demo_competition_dac8_top_incremental_reuse_routed.rpt
INFO: [Vivado_Tcl 4-1062] Incremental flow is disabled. No incremental reuse Info to report.
INFO: [runtcl-4] Executing : report_clock_utilization -file board_demo_competition_dac8_top_clock_utilization_routed.rpt
INFO: [runtcl-4] Executing : report_bus_skew -warn_on_violation -file board_demo_competition_dac8_top_bus_skew_routed.rpt -pb board_demo_competition_dac8_top_bus_skew_routed.pb -rpx board_demo_competition_dac8_top_bus_skew_routed.rpx
INFO: [Timing 38-91] UpdateTimingParams: Speed grade: -2, Delay Type: min_max.
INFO: [Timing 38-191] Multithreading enabled for timing update using a maximum of 2 CPUs
INFO: [Common 17-206] Exiting Vivado at Sat Jun  6 01:14:50 2026...

*** Running vivado
    with args -log board_demo_competition_dac8_top.vdi -applog -m64 -product Vivado -messageDb vivado.pb -mode batch -source board_demo_competition_dac8_top.tcl -notrace


****** Vivado v2018.3 (64-bit)
  **** SW Build 2405991 on Thu Dec  6 23:38:27 MST 2018
  **** IP Build 2404404 on Fri Dec  7 01:43:56 MST 2018
    ** Copyright 1986-2018 Xilinx, Inc. All Rights Reserved.

source board_demo_competition_dac8_top.tcl -notrace
Command: open_checkpoint board_demo_competition_dac8_top_routed.dcp

Starting open_checkpoint Task

Time (s): cpu = 00:00:00 ; elapsed = 00:00:00.019 . Memory (MB): peak = 259.246 ; gain = 0.000
INFO: [Netlist 29-17] Analyzing 4141 Unisim elements for replacement
INFO: [Netlist 29-28] Unisim Transformation completed in 0 CPU seconds
INFO: [Project 1-479] Netlist was created with Vivado 2018.3
INFO: [Device 21-403] Loading part xc7a35tfgg484-2
INFO: [Project 1-570] Preparing netlist for logic optimization
INFO: [Timing 38-478] Restoring timing data from binary archive.
INFO: [Timing 38-479] Binary timing data restore complete.
INFO: [Project 1-856] Restoring constraints from binary archive.
INFO: [Project 1-853] Binary constraint restore complete.
Reading XDEF placement.
Reading placer database...
Reading XDEF routing.
Read XDEF File: Time (s): cpu = 00:00:01 ; elapsed = 00:00:02 . Memory (MB): peak = 1304.672 ; gain = 35.645
Restored from archive | CPU: 1.000000 secs | Memory: 0.000000 MB |
Finished XDEF File Restore: Time (s): cpu = 00:00:01 ; elapsed = 00:00:02 . Memory (MB): peak = 1304.672 ; gain = 35.645
Netlist sorting complete. Time (s): cpu = 00:00:00 ; elapsed = 00:00:00.004 . Memory (MB): peak = 1304.672 ; gain = 0.000
INFO: [Project 1-111] Unisim Transformation Summary:
  A total of 30 instances were transformed.
  CFGLUT5 => CFGLUT5 (SRLC32E, SRL16E): 24 instances
  RAM32M => RAM32M (RAMD32, RAMD32, RAMD32, RAMD32, RAMD32, RAMD32, RAMS32, RAMS32): 6 instances

INFO: [Project 1-604] Checkpoint was created with Vivado v2018.3 (64-bit) build 2405991
open_checkpoint: Time (s): cpu = 00:00:13 ; elapsed = 00:00:14 . Memory (MB): peak = 1304.672 ; gain = 1045.426
Command: write_bitstream -force board_demo_competition_dac8_top.bit -bin_file
Attempting to get a license for feature 'Implementation' and/or device 'xc7a35t'
INFO: [Common 17-349] Got license for feature 'Implementation' and/or device 'xc7a35t'
Running DRC as a precondition to command write_bitstream
INFO: [IP_Flow 19-234] Refreshing IP repositories
INFO: [IP_Flow 19-1704] No user IP repositories specified
INFO: [IP_Flow 19-2313] Loaded Vivado IP repository 'E:/app/Xilinx2018.3/Vivado/2018.3/data/ip'.
INFO: [DRC 23-27] Running DRC with 2 threads
WARNING: [DRC CFGBVS-1] Missing CFGBVS and CONFIG_VOLTAGE Design Properties: Neither the CFGBVS nor CONFIG_VOLTAGE voltage property is set in the current_design.  Configuration bank voltage select (CFGBVS) must be set to VCCO or GND, and CONFIG_VOLTAGE must be set to the correct configuration voltage, in order to determine the I/O voltage support for the pins in bank 0.  It is suggested to specify these either using the 'Edit Device Properties' function in the GUI or directly in the XDC file using the following syntax:

 set_property CFGBVS value1 [current_design]
 #where value1 is either VCCO or GND

 set_property CONFIG_VOLTAGE value2 [current_design]
 #where value2 is the voltage provided to configuration bank 0

Refer to the device configuration user guide for more information.
WARNING: [DRC DPIP-1] Input pipelining: DSP u_demo_interp_dac8_mmcm_common/u_interp128_top_ce/u_interp2_top_128x/u_fir_core_symm_interp2/fir_out_full1 input u_demo_interp_dac8_mmcm_common/u_interp128_top_ce/u_interp2_top_128x/u_fir_core_symm_interp2/fir_out_full1/A[29:0] is not pipelined. Pipelining DSP48 input will improve performance.
WARNING: [DRC DPIP-1] Input pipelining: DSP u_demo_interp_dac8_mmcm_common/u_interp128_top_ce/u_interp2_top_16x/u_fir_core_symm_interp2/fir_out_full1 input u_demo_interp_dac8_mmcm_common/u_interp128_top_ce/u_interp2_top_16x/u_fir_core_symm_interp2/fir_out_full1/A[29:0] is not pipelined. Pipelining DSP48 input will improve performance.
WARNING: [DRC DPIP-1] Input pipelining: DSP u_demo_interp_dac8_mmcm_common/u_interp128_top_ce/u_interp2_top_32x/u_fir_core_symm_interp2/fir_out_full1 input u_demo_interp_dac8_mmcm_common/u_interp128_top_ce/u_interp2_top_32x/u_fir_core_symm_interp2/fir_out_full1/A[29:0] is not pipelined. Pipelining DSP48 input will improve performance.
WARNING: [DRC DPIP-1] Input pipelining: DSP u_demo_interp_dac8_mmcm_common/u_interp128_top_ce/u_interp2_top_64x/u_fir_core_symm_interp2/fir_out_full1 input u_demo_interp_dac8_mmcm_common/u_interp128_top_ce/u_interp2_top_64x/u_fir_core_symm_interp2/fir_out_full1/A[29:0] is not pipelined. Pipelining DSP48 input will improve performance.
WARNING: [DRC DPIP-1] Input pipelining: DSP u_demo_interp_dac8_mmcm_common/u_interp128_top_ce/u_interp2_top_8x/u_fir_core_symm_interp2/fir_out_full1 input u_demo_interp_dac8_mmcm_common/u_interp128_top_ce/u_interp2_top_8x/u_fir_core_symm_interp2/fir_out_full1/A[29:0] is not pipelined. Pipelining DSP48 input will improve performance.
WARNING: [DRC DPIP-1] Input pipelining: DSP u_demo_interp_dac8_mmcm_common/u_interp128_top_ce/u_interp4_top_symm_ce/u_fir_core_symm/fir_out_full1 input u_demo_interp_dac8_mmcm_common/u_interp128_top_ce/u_interp4_top_symm_ce/u_fir_core_symm/fir_out_full1/A[29:0] is not pipelined. Pipelining DSP48 input will improve performance.
WARNING: [DRC DPOP-1] PREG Output pipelining: DSP u_demo_interp_dac8_mmcm_common/u_interp128_top_ce/u_interp2_top_128x/u_fir_core_symm_interp2/fir_out_full1 output u_demo_interp_dac8_mmcm_common/u_interp128_top_ce/u_interp2_top_128x/u_fir_core_symm_interp2/fir_out_full1/P[47:0] is not pipelined (PREG=0). Pipelining the DSP48 output will improve performance and often saves power so it is suggested whenever possible to fully pipeline this function.  If this DSP48 function was inferred, it is suggested to describe an additional register stage after this function.  If the DSP48 was instantiated in the design, it is suggested to set the PREG attribute to 1.
WARNING: [DRC DPOP-1] PREG Output pipelining: DSP u_demo_interp_dac8_mmcm_common/u_interp128_top_ce/u_interp2_top_16x/u_fir_core_symm_interp2/fir_out_full1 output u_demo_interp_dac8_mmcm_common/u_interp128_top_ce/u_interp2_top_16x/u_fir_core_symm_interp2/fir_out_full1/P[47:0] is not pipelined (PREG=0). Pipelining the DSP48 output will improve performance and often saves power so it is suggested whenever possible to fully pipeline this function.  If this DSP48 function was inferred, it is suggested to describe an additional register stage after this function.  If the DSP48 was instantiated in the design, it is suggested to set the PREG attribute to 1.
WARNING: [DRC DPOP-1] PREG Output pipelining: DSP u_demo_interp_dac8_mmcm_common/u_interp128_top_ce/u_interp2_top_32x/u_fir_core_symm_interp2/fir_out_full1 output u_demo_interp_dac8_mmcm_common/u_interp128_top_ce/u_interp2_top_32x/u_fir_core_symm_interp2/fir_out_full1/P[47:0] is not pipelined (PREG=0). Pipelining the DSP48 output will improve performance and often saves power so it is suggested whenever possible to fully pipeline this function.  If this DSP48 function was inferred, it is suggested to describe an additional register stage after this function.  If the DSP48 was instantiated in the design, it is suggested to set the PREG attribute to 1.
WARNING: [DRC DPOP-1] PREG Output pipelining: DSP u_demo_interp_dac8_mmcm_common/u_interp128_top_ce/u_interp2_top_64x/u_fir_core_symm_interp2/fir_out_full1 output u_demo_interp_dac8_mmcm_common/u_interp128_top_ce/u_interp2_top_64x/u_fir_core_symm_interp2/fir_out_full1/P[47:0] is not pipelined (PREG=0). Pipelining the DSP48 output will improve performance and often saves power so it is suggested whenever possible to fully pipeline this function.  If this DSP48 function was inferred, it is suggested to describe an additional register stage after this function.  If the DSP48 was instantiated in the design, it is suggested to set the PREG attribute to 1.
WARNING: [DRC DPOP-1] PREG Output pipelining: DSP u_demo_interp_dac8_mmcm_common/u_interp128_top_ce/u_interp2_top_8x/u_fir_core_symm_interp2/fir_out_full1 output u_demo_interp_dac8_mmcm_common/u_interp128_top_ce/u_interp2_top_8x/u_fir_core_symm_interp2/fir_out_full1/P[47:0] is not pipelined (PREG=0). Pipelining the DSP48 output will improve performance and often saves power so it is suggested whenever possible to fully pipeline this function.  If this DSP48 function was inferred, it is suggested to describe an additional register stage after this function.  If the DSP48 was instantiated in the design, it is suggested to set the PREG attribute to 1.
WARNING: [DRC DPOP-1] PREG Output pipelining: DSP u_demo_interp_dac8_mmcm_common/u_interp128_top_ce/u_interp4_top_symm_ce/u_fir_core_symm/fir_out_full1 output u_demo_interp_dac8_mmcm_common/u_interp128_top_ce/u_interp4_top_symm_ce/u_fir_core_symm/fir_out_full1/P[47:0] is not pipelined (PREG=0). Pipelining the DSP48 output will improve performance and often saves power so it is suggested whenever possible to fully pipeline this function.  If this DSP48 function was inferred, it is suggested to describe an additional register stage after this function.  If the DSP48 was instantiated in the design, it is suggested to set the PREG attribute to 1.
WARNING: [DRC DPOP-2] MREG Output pipelining: DSP u_demo_interp_dac8_mmcm_common/u_interp128_top_ce/u_interp2_top_128x/u_fir_core_symm_interp2/fir_out_full1 multiplier stage u_demo_interp_dac8_mmcm_common/u_interp128_top_ce/u_interp2_top_128x/u_fir_core_symm_interp2/fir_out_full1/P[47:0] is not pipelined (MREG=0). Pipelining the multiplier function will improve performance and will save significant power so it is suggested whenever possible to fully pipeline this function.  If this multiplier was inferred, it is suggested to describe an additional register stage after this function.  If there is no registered adder/accumulator following the multiply function, two pipeline stages are suggested to allow both the MREG and PREG registers to be used.  If the DSP48 was instantiated in the design, it is suggested to set both the MREG and PREG attributes to 1 when performing multiply functions.
WARNING: [DRC DPOP-2] MREG Output pipelining: DSP u_demo_interp_dac8_mmcm_common/u_interp128_top_ce/u_interp2_top_16x/u_fir_core_symm_interp2/fir_out_full1 multiplier stage u_demo_interp_dac8_mmcm_common/u_interp128_top_ce/u_interp2_top_16x/u_fir_core_symm_interp2/fir_out_full1/P[47:0] is not pipelined (MREG=0). Pipelining the multiplier function will improve performance and will save significant power so it is suggested whenever possible to fully pipeline this function.  If this multiplier was inferred, it is suggested to describe an additional register stage after this function.  If there is no registered adder/accumulator following the multiply function, two pipeline stages are suggested to allow both the MREG and PREG registers to be used.  If the DSP48 was instantiated in the design, it is suggested to set both the MREG and PREG attributes to 1 when performing multiply functions.
WARNING: [DRC DPOP-2] MREG Output pipelining: DSP u_demo_interp_dac8_mmcm_common/u_interp128_top_ce/u_interp2_top_32x/u_fir_core_symm_interp2/fir_out_full1 multiplier stage u_demo_interp_dac8_mmcm_common/u_interp128_top_ce/u_interp2_top_32x/u_fir_core_symm_interp2/fir_out_full1/P[47:0] is not pipelined (MREG=0). Pipelining the multiplier function will improve performance and will save significant power so it is suggested whenever possible to fully pipeline this function.  If this multiplier was inferred, it is suggested to describe an additional register stage after this function.  If there is no registered adder/accumulator following the multiply function, two pipeline stages are suggested to allow both the MREG and PREG registers to be used.  If the DSP48 was instantiated in the design, it is suggested to set both the MREG and PREG attributes to 1 when performing multiply functions.
WARNING: [DRC DPOP-2] MREG Output pipelining: DSP u_demo_interp_dac8_mmcm_common/u_interp128_top_ce/u_interp2_top_64x/u_fir_core_symm_interp2/fir_out_full1 multiplier stage u_demo_interp_dac8_mmcm_common/u_interp128_top_ce/u_interp2_top_64x/u_fir_core_symm_interp2/fir_out_full1/P[47:0] is not pipelined (MREG=0). Pipelining the multiplier function will improve performance and will save significant power so it is suggested whenever possible to fully pipeline this function.  If this multiplier was inferred, it is suggested to describe an additional register stage after this function.  If there is no registered adder/accumulator following the multiply function, two pipeline stages are suggested to allow both the MREG and PREG registers to be used.  If the DSP48 was instantiated in the design, it is suggested to set both the MREG and PREG attributes to 1 when performing multiply functions.
WARNING: [DRC DPOP-2] MREG Output pipelining: DSP u_demo_interp_dac8_mmcm_common/u_interp128_top_ce/u_interp2_top_8x/u_fir_core_symm_interp2/fir_out_full1 multiplier stage u_demo_interp_dac8_mmcm_common/u_interp128_top_ce/u_interp2_top_8x/u_fir_core_symm_interp2/fir_out_full1/P[47:0] is not pipelined (MREG=0). Pipelining the multiplier function will improve performance and will save significant power so it is suggested whenever possible to fully pipeline this function.  If this multiplier was inferred, it is suggested to describe an additional register stage after this function.  If there is no registered adder/accumulator following the multiply function, two pipeline stages are suggested to allow both the MREG and PREG registers to be used.  If the DSP48 was instantiated in the design, it is suggested to set both the MREG and PREG attributes to 1 when performing multiply functions.
WARNING: [DRC DPOP-2] MREG Output pipelining: DSP u_demo_interp_dac8_mmcm_common/u_interp128_top_ce/u_interp4_top_symm_ce/u_fir_core_symm/fir_out_full1 multiplier stage u_demo_interp_dac8_mmcm_common/u_interp128_top_ce/u_interp4_top_symm_ce/u_fir_core_symm/fir_out_full1/P[47:0] is not pipelined (MREG=0). Pipelining the multiplier function will improve performance and will save significant power so it is suggested whenever possible to fully pipeline this function.  If this multiplier was inferred, it is suggested to describe an additional register stage after this function.  If there is no registered adder/accumulator following the multiply function, two pipeline stages are suggested to allow both the MREG and PREG registers to be used.  If the DSP48 was instantiated in the design, it is suggested to set both the MREG and PREG attributes to 1 when performing multiply functions.
WARNING: [DRC RTSTAT-10] No routable loads: 26 net(s) have no routable loads. The problem bus(es) and/or net(s) are dbg_hub/inst/BSCANID.u_xsdbm_id/CORE_XSDB.UUT_MASTER/U_ICON_INTERFACE/U_CMD6_RD/U_RD_FIFO/SUBCORE_FIFO.xsdbm_v3_0_0_rdfifo_inst/inst_fifo_gen/gconvfifo.rf/grf.rf/gntv_or_sync_fifo.gl0.rd/gr1.gr1_int.rfwft/aempty_fwft_i, dbg_hub/inst/BSCANID.u_xsdbm_id/CORE_XSDB.UUT_MASTER/U_ICON_INTERFACE/U_CMD7_CTL/ctl_reg[2:0], dbg_hub/inst/BSCANID.u_xsdbm_id/CORE_XSDB.UUT_MASTER/U_ICON_INTERFACE/U_CMD1/ctl_reg_en_2[1], dbg_hub/inst/BSCANID.u_xsdbm_id/CORE_XSDB.UUT_MASTER/U_ICON_INTERFACE/U_CMD7_CTL/ctl_reg_en_2[1], dbg_hub/inst/BSCANID.u_xsdbm_id/SWITCH_N_EXT_BSCAN.bscan_switch/m_bscan_capture[0], dbg_hub/inst/BSCANID.u_xsdbm_id/SWITCH_N_EXT_BSCAN.bscan_switch/m_bscan_drck[0], dbg_hub/inst/BSCANID.u_xsdbm_id/SWITCH_N_EXT_BSCAN.bscan_switch/m_bscan_runtest[0], dbg_hub/inst/BSCANID.u_xsdbm_id/CORE_XSDB.UUT_MASTER/U_ICON_INTERFACE/U_CMD6_RD/U_RD_FIFO/SUBCORE_FIFO.xsdbm_v3_0_0_rdfifo_inst/inst_fifo_gen/gconvfifo.rf/grf.rf/gntv_or_sync_fifo.gl0.wr/gwhf.whf/overflow, dbg_hub/inst/BSCANID.u_xsdbm_id/CORE_XSDB.UUT_MASTER/U_ICON_INTERFACE/U_CMD6_WR/U_WR_FIFO/SUBCORE_FIFO.xsdbm_v3_0_0_wrfifo_inst/inst_fifo_gen/gconvfifo.rf/grf.rf/gntv_or_sync_fifo.gl0.wr/gwhf.whf/overflow, dbg_hub/inst/BSCANID.u_xsdbm_id/CORE_XSDB.UUT_MASTER/U_ICON_INTERFACE/U_CMD6_RD/U_RD_FIFO/SUBCORE_FIFO.xsdbm_v3_0_0_rdfifo_inst/inst_fifo_gen/gconvfifo.rf/grf.rf/gntv_or_sync_fifo.gl0.rd/gras.rsts/ram_empty_i, dbg_hub/inst/BSCANID.u_xsdbm_id/CORE_XSDB.UUT_MASTER/U_ICON_INTERFACE/U_CMD6_WR/U_WR_FIFO/SUBCORE_FIFO.xsdbm_v3_0_0_wrfifo_inst/inst_fifo_gen/gconvfifo.rf/grf.rf/gntv_or_sync_fifo.gl0.wr/gwas.wsts/ram_full_i, dbg_hub/inst/BSCANID.u_xsdbm_id/CORE_XSDB.UUT_MASTER/U_ICON_INTERFACE/U_CMD6_WR/U_WR_FIFO/SUBCORE_FIFO.xsdbm_v3_0_0_wrfifo_inst/inst_fifo_gen/gconvfifo.rf/grf.rf/rstblk/rd_rst_reg[0], dbg_hub/inst/BSCANID.u_xsdbm_id/SWITCH_N_EXT_BSCAN.bscan_inst/s_bscan_tms, u_ila_0/inst/ila_core_inst/u_ila_regs/U_XSDB_SLAVE/s_daddr_o[13], u_ila_0/inst/ila_core_inst/u_ila_regs/U_XSDB_SLAVE/s_daddr_o[14]... and (the first 15 of 24 listed).
INFO: [Vivado 12-3199] DRC finished with 0 Errors, 20 Warnings
INFO: [Vivado 12-3200] Please refer to the DRC report (report_drc) for more information.
INFO: [Designutils 20-2272] Running write_bitstream with 2 threads.
Loading data files...
Loading site data...
Loading route data...
Processing options...
Creating bitmap...
Creating bitstream...
Writing bitstream ./board_demo_competition_dac8_top.bit...
Writing bitstream ./board_demo_competition_dac8_top.bin...
INFO: [Vivado 12-1842] Bitgen Completed Successfully.
INFO: [Project 1-120] WebTalk data collection is mandatory when using a WebPACK part without a full Vivado license. To see the specific WebTalk data collected for your design, open the usage_statistics_webtalk.html or usage_statistics_webtalk.xml file in the implementation directory.
INFO: [Common 17-83] Releasing license: Implementation
22 Infos, 20 Warnings, 0 Critical Warnings and 0 Errors encountered.
write_bitstream completed successfully
write_bitstream: Time (s): cpu = 00:00:20 ; elapsed = 00:00:15 . Memory (MB): peak = 1826.320 ; gain = 521.648
INFO: [Common 17-206] Exiting Vivado at Sat Jun  6 01:15:48 2026...
