#-----------------------------------------------------------
# Vivado v2018.3 (64-bit)
# SW Build 2405991 on Thu Dec  6 23:38:27 MST 2018
# IP Build 2404404 on Fri Dec  7 01:43:56 MST 2018
# Start of session at: Fri Jun  5 21:37:45 2026
# Process ID: 54956
# Current directory: D:/FpgaProject/XilinxProject/XC7A35T/fir_interpolation/interp4_ctrl
# Command line: vivado.exe -gui_launcher_event rodinguilauncherevent28472 D:\FpgaProject\XilinxProject\XC7A35T\fir_interpolation\interp4_ctrl\interp4_ctrl.xpr
# Log file: D:/FpgaProject/XilinxProject/XC7A35T/fir_interpolation/interp4_ctrl/vivado.log
# Journal file: D:/FpgaProject/XilinxProject/XC7A35T/fir_interpolation/interp4_ctrl\vivado.jou
#-----------------------------------------------------------
start_gui
open_project D:/FpgaProject/XilinxProject/XC7A35T/fir_interpolation/interp4_ctrl/interp4_ctrl.xpr
Scanning sources...
Finished scanning sources
INFO: [IP_Flow 19-234] Refreshing IP repositories
INFO: [IP_Flow 19-1704] No user IP repositories specified
INFO: [IP_Flow 19-2313] Loaded Vivado IP repository 'E:/app/Xilinx2018.3/Vivado/2018.3/data/ip'.
open_project: Time (s): cpu = 00:00:11 ; elapsed = 00:00:08 . Memory (MB): peak = 778.012 ; gain = 139.047
update_compile_order -fileset sources_1
reset_run synth_1
launch_runs synth_1 -jobs 19
WARNING: [HDL 9-3756] overwriting previous definition of module 'demo_interp_dac8_common' [D:/FpgaProject/XilinxProject/XC7A35T/fir_interpolation/interp4_ctrl/interp4_ctrl.srcs/sources_1/imports/new/demo_interp_dac8_common_fast.v:15]
WARNING: [filemgmt 20-1318] Duplicate Design Unit 'demo_interp_dac8_common()' found in library 'xil_defaultlib'
Duplicate found at line 14 of file D:/FpgaProject/XilinxProject/XC7A35T/fir_interpolation/interp4_ctrl/interp4_ctrl.srcs/sources_1/imports/new/demo_interp_dac8_common.v
	(Active) Duplicate found at line 15 of file D:/FpgaProject/XilinxProject/XC7A35T/fir_interpolation/interp4_ctrl/interp4_ctrl.srcs/sources_1/imports/new/demo_interp_dac8_common_fast.v
[Fri Jun  5 21:40:29 2026] Launched synth_1...
Run output will be captured here: D:/FpgaProject/XilinxProject/XC7A35T/fir_interpolation/interp4_ctrl/interp4_ctrl.runs/synth_1/runme.log
launch_runs impl_1 -jobs 19
[Fri Jun  5 21:42:27 2026] Launched impl_1...
Run output will be captured here: D:/FpgaProject/XilinxProject/XC7A35T/fir_interpolation/interp4_ctrl/interp4_ctrl.runs/impl_1/runme.log
launch_runs impl_1 -to_step write_bitstream -jobs 19
[Fri Jun  5 21:44:41 2026] Launched impl_1...
Run output will be captured here: D:/FpgaProject/XilinxProject/XC7A35T/fir_interpolation/interp4_ctrl/interp4_ctrl.runs/impl_1/runme.log
open_hw
connect_hw_server
INFO: [Labtools 27-2285] Connecting to hw_server url TCP:localhost:3121
INFO: [Labtools 27-2222] Launching hw_server...
INFO: [Labtools 27-2221] Launch Output:

****** Xilinx hw_server v2018.3
  **** Build date : Dec  7 2018-00:40:27
    ** Copyright 1986-2018 Xilinx, Inc. All Rights Reserved.


open_hw_target
INFO: [Labtoolstcl 44-466] Opening hw_target localhost:3121/xilinx_tcf/Digilent/SULEE2409455
set_property PROGRAM.FILE {D:/FpgaProject/XilinxProject/XC7A35T/fir_interpolation/interp4_ctrl/interp4_ctrl.runs/impl_1/board_demo_competition_dac8_top.bit} [get_hw_devices xc7a35t_0]
current_hw_device [get_hw_devices xc7a35t_0]
refresh_hw_device -update_hw_probes false [lindex [get_hw_devices xc7a35t_0] 0]
INFO: [Labtools 27-1434] Device xc7a35t (JTAG device index = 0) is programmed with a design that has no supported debug core(s) in it.
create_hw_cfgmem -hw_device [get_hw_devices xc7a35t_0] -mem_dev [lindex [get_cfgmem_parts {mx25u12835f-spi-x1_x2_x4}] 0]
set_property PROBES.FILE {} [get_hw_devices xc7a35t_0]
set_property FULL_PROBES.FILE {} [get_hw_devices xc7a35t_0]
set_property PROGRAM.FILE {D:/FpgaProject/XilinxProject/XC7A35T/fir_interpolation/interp4_ctrl/interp4_ctrl.runs/impl_1/board_demo_competition_dac8_top.bit} [get_hw_devices xc7a35t_0]
program_hw_devices [get_hw_devices xc7a35t_0]
INFO: [Labtools 27-3164] End of startup status: HIGH
refresh_hw_device [lindex [get_hw_devices xc7a35t_0] 0]
INFO: [Labtools 27-1434] Device xc7a35t (JTAG device index = 0) is programmed with a design that has no supported debug core(s) in it.
close_hw
reset_run synth_1
launch_runs synth_1 -jobs 19
WARNING: [HDL 9-3756] overwriting previous definition of module 'demo_interp_dac8_common' [D:/FpgaProject/XilinxProject/XC7A35T/fir_interpolation/interp4_ctrl/interp4_ctrl.srcs/sources_1/imports/new/demo_interp_dac8_common_fast.v:15]
WARNING: [filemgmt 20-1318] Duplicate Design Unit 'demo_interp_dac8_common()' found in library 'xil_defaultlib'
Duplicate found at line 14 of file D:/FpgaProject/XilinxProject/XC7A35T/fir_interpolation/interp4_ctrl/interp4_ctrl.srcs/sources_1/imports/new/demo_interp_dac8_common.v
	(Active) Duplicate found at line 15 of file D:/FpgaProject/XilinxProject/XC7A35T/fir_interpolation/interp4_ctrl/interp4_ctrl.srcs/sources_1/imports/new/demo_interp_dac8_common_fast.v
[Fri Jun  5 21:55:41 2026] Launched synth_1...
Run output will be captured here: D:/FpgaProject/XilinxProject/XC7A35T/fir_interpolation/interp4_ctrl/interp4_ctrl.runs/synth_1/runme.log
open_run synth_1 -name synth_1
Design is defaulting to impl run constrset: constrs_1
Design is defaulting to synth run part: xc7a35tfgg484-2
INFO: [Project 1-454] Reading design checkpoint 'd:/FpgaProject/XilinxProject/XC7A35T/fir_interpolation/interp4_ctrl/interp4_ctrl.srcs/sources_1/ip/clk_wiz_audio_44k1/clk_wiz_audio_44k1.dcp' for cell 'u_clk_wiz_audio_44k1'
INFO: [Project 1-454] Reading design checkpoint 'd:/FpgaProject/XilinxProject/XC7A35T/fir_interpolation/interp4_ctrl/interp4_ctrl.srcs/sources_1/ip/clk_wiz_audio_48k/clk_wiz_audio_48k.dcp' for cell 'u_clk_wiz_audio_48k'
INFO: [Netlist 29-17] Analyzing 4047 Unisim elements for replacement
INFO: [Netlist 29-28] Unisim Transformation completed in 0 CPU seconds
INFO: [Project 1-479] Netlist was created with Vivado 2018.3
INFO: [Device 21-403] Loading part xc7a35tfgg484-2
INFO: [Project 1-570] Preparing netlist for logic optimization
Parsing XDC File [d:/FpgaProject/XilinxProject/XC7A35T/fir_interpolation/interp4_ctrl/interp4_ctrl.srcs/sources_1/ip/clk_wiz_audio_44k1/clk_wiz_audio_44k1_board.xdc] for cell 'u_clk_wiz_audio_44k1/inst'
Finished Parsing XDC File [d:/FpgaProject/XilinxProject/XC7A35T/fir_interpolation/interp4_ctrl/interp4_ctrl.srcs/sources_1/ip/clk_wiz_audio_44k1/clk_wiz_audio_44k1_board.xdc] for cell 'u_clk_wiz_audio_44k1/inst'
Parsing XDC File [d:/FpgaProject/XilinxProject/XC7A35T/fir_interpolation/interp4_ctrl/interp4_ctrl.srcs/sources_1/ip/clk_wiz_audio_44k1/clk_wiz_audio_44k1.xdc] for cell 'u_clk_wiz_audio_44k1/inst'
Finished Parsing XDC File [d:/FpgaProject/XilinxProject/XC7A35T/fir_interpolation/interp4_ctrl/interp4_ctrl.srcs/sources_1/ip/clk_wiz_audio_44k1/clk_wiz_audio_44k1.xdc] for cell 'u_clk_wiz_audio_44k1/inst'
Parsing XDC File [d:/FpgaProject/XilinxProject/XC7A35T/fir_interpolation/interp4_ctrl/interp4_ctrl.srcs/sources_1/ip/clk_wiz_audio_48k/clk_wiz_audio_48k_board.xdc] for cell 'u_clk_wiz_audio_48k/inst'
Finished Parsing XDC File [d:/FpgaProject/XilinxProject/XC7A35T/fir_interpolation/interp4_ctrl/interp4_ctrl.srcs/sources_1/ip/clk_wiz_audio_48k/clk_wiz_audio_48k_board.xdc] for cell 'u_clk_wiz_audio_48k/inst'
Parsing XDC File [d:/FpgaProject/XilinxProject/XC7A35T/fir_interpolation/interp4_ctrl/interp4_ctrl.srcs/sources_1/ip/clk_wiz_audio_48k/clk_wiz_audio_48k.xdc] for cell 'u_clk_wiz_audio_48k/inst'
Finished Parsing XDC File [d:/FpgaProject/XilinxProject/XC7A35T/fir_interpolation/interp4_ctrl/interp4_ctrl.srcs/sources_1/ip/clk_wiz_audio_48k/clk_wiz_audio_48k.xdc] for cell 'u_clk_wiz_audio_48k/inst'
Parsing XDC File [D:/FpgaProject/XilinxProject/XC7A35T/fir_interpolation/interp4_ctrl/interp4_ctrl.srcs/constrs_1/new/board_demo_competition_dac8_top.xdc]
Finished Parsing XDC File [D:/FpgaProject/XilinxProject/XC7A35T/fir_interpolation/interp4_ctrl/interp4_ctrl.srcs/constrs_1/new/board_demo_competition_dac8_top.xdc]
Parsing XDC File [d:/FpgaProject/XilinxProject/XC7A35T/fir_interpolation/interp4_ctrl/interp4_ctrl.srcs/sources_1/ip/clk_wiz_audio_44k1/clk_wiz_audio_44k1_late.xdc] for cell 'u_clk_wiz_audio_44k1/inst'
Finished Parsing XDC File [d:/FpgaProject/XilinxProject/XC7A35T/fir_interpolation/interp4_ctrl/interp4_ctrl.srcs/sources_1/ip/clk_wiz_audio_44k1/clk_wiz_audio_44k1_late.xdc] for cell 'u_clk_wiz_audio_44k1/inst'
Parsing XDC File [d:/FpgaProject/XilinxProject/XC7A35T/fir_interpolation/interp4_ctrl/interp4_ctrl.srcs/sources_1/ip/clk_wiz_audio_48k/clk_wiz_audio_48k_late.xdc] for cell 'u_clk_wiz_audio_48k/inst'
Finished Parsing XDC File [d:/FpgaProject/XilinxProject/XC7A35T/fir_interpolation/interp4_ctrl/interp4_ctrl.srcs/sources_1/ip/clk_wiz_audio_48k/clk_wiz_audio_48k_late.xdc] for cell 'u_clk_wiz_audio_48k/inst'
INFO: [Opt 31-138] Pushed 0 inverter(s) to 0 load pin(s).
Netlist sorting complete. Time (s): cpu = 00:00:00 ; elapsed = 00:00:00.004 . Memory (MB): peak = 2767.258 ; gain = 0.000
INFO: [Project 1-111] Unisim Transformation Summary:
No Unisim elements were transformed.

open_run: Time (s): cpu = 00:00:20 ; elapsed = 00:00:18 . Memory (MB): peak = 2849.684 ; gain = 990.910
create_debug_core u_ila_0 ila
set_property C_DATA_DEPTH 4096 [get_debug_cores u_ila_0]
set_property C_TRIGIN_EN false [get_debug_cores u_ila_0]
set_property C_TRIGOUT_EN false [get_debug_cores u_ila_0]
set_property C_ADV_TRIGGER false [get_debug_cores u_ila_0]
set_property C_INPUT_PIPE_STAGES 0 [get_debug_cores u_ila_0]
set_property C_EN_STRG_QUAL false [get_debug_cores u_ila_0]
set_property ALL_PROBE_SAME_MU true [get_debug_cores u_ila_0]
set_property ALL_PROBE_SAME_MU_CNT 1 [get_debug_cores u_ila_0]
set_property port_width 1 [get_debug_ports u_ila_0/clk]
connect_debug_port u_ila_0/clk [get_nets [list clk_audio_128x_sel ]]
set_property port_width 8 [get_debug_ports u_ila_0/probe0]
set_property PROBE_TYPE DATA_AND_TRIGGER [get_debug_ports u_ila_0/probe0]
connect_debug_port u_ila_0/probe0 [get_nets [list {u_demo_interp_dac8_mmcm_common/dac_data_r[0]} {u_demo_interp_dac8_mmcm_common/dac_data_r[1]} {u_demo_interp_dac8_mmcm_common/dac_data_r[2]} {u_demo_interp_dac8_mmcm_common/dac_data_r[3]} {u_demo_interp_dac8_mmcm_common/dac_data_r[4]} {u_demo_interp_dac8_mmcm_common/dac_data_r[5]} {u_demo_interp_dac8_mmcm_common/dac_data_r[6]} {u_demo_interp_dac8_mmcm_common/dac_data_r[7]} ]]
create_debug_port u_ila_0 probe
set_property port_width 7 [get_debug_ports u_ila_0/probe1]
set_property PROBE_TYPE DATA_AND_TRIGGER [get_debug_ports u_ila_0/probe1]
connect_debug_port u_ila_0/probe1 [get_nets [list {u_demo_interp_dac8_mmcm_common/ce_cnt[0]} {u_demo_interp_dac8_mmcm_common/ce_cnt[1]} {u_demo_interp_dac8_mmcm_common/ce_cnt[2]} {u_demo_interp_dac8_mmcm_common/ce_cnt[3]} {u_demo_interp_dac8_mmcm_common/ce_cnt[4]} {u_demo_interp_dac8_mmcm_common/ce_cnt[5]} {u_demo_interp_dac8_mmcm_common/ce_cnt[6]} ]]
create_debug_port u_ila_0 probe
set_property port_width 24 [get_debug_ports u_ila_0/probe2]
set_property PROBE_TYPE DATA_AND_TRIGGER [get_debug_ports u_ila_0/probe2]
connect_debug_port u_ila_0/probe2 [get_nets [list {u_demo_interp_dac8_mmcm_common/dbg_y4_w[0]} {u_demo_interp_dac8_mmcm_common/dbg_y4_w[1]} {u_demo_interp_dac8_mmcm_common/dbg_y4_w[2]} {u_demo_interp_dac8_mmcm_common/dbg_y4_w[3]} {u_demo_interp_dac8_mmcm_common/dbg_y4_w[4]} {u_demo_interp_dac8_mmcm_common/dbg_y4_w[5]} {u_demo_interp_dac8_mmcm_common/dbg_y4_w[6]} {u_demo_interp_dac8_mmcm_common/dbg_y4_w[7]} {u_demo_interp_dac8_mmcm_common/dbg_y4_w[8]} {u_demo_interp_dac8_mmcm_common/dbg_y4_w[9]} {u_demo_interp_dac8_mmcm_common/dbg_y4_w[10]} {u_demo_interp_dac8_mmcm_common/dbg_y4_w[11]} {u_demo_interp_dac8_mmcm_common/dbg_y4_w[12]} {u_demo_interp_dac8_mmcm_common/dbg_y4_w[13]} {u_demo_interp_dac8_mmcm_common/dbg_y4_w[14]} {u_demo_interp_dac8_mmcm_common/dbg_y4_w[15]} {u_demo_interp_dac8_mmcm_common/dbg_y4_w[16]} {u_demo_interp_dac8_mmcm_common/dbg_y4_w[17]} {u_demo_interp_dac8_mmcm_common/dbg_y4_w[18]} {u_demo_interp_dac8_mmcm_common/dbg_y4_w[19]} {u_demo_interp_dac8_mmcm_common/dbg_y4_w[20]} {u_demo_interp_dac8_mmcm_common/dbg_y4_w[21]} {u_demo_interp_dac8_mmcm_common/dbg_y4_w[22]} {u_demo_interp_dac8_mmcm_common/dbg_y4_w[23]} ]]
create_debug_port u_ila_0 probe
set_property port_width 24 [get_debug_ports u_ila_0/probe3]
set_property PROBE_TYPE DATA_AND_TRIGGER [get_debug_ports u_ila_0/probe3]
connect_debug_port u_ila_0/probe3 [get_nets [list {u_demo_interp_dac8_mmcm_common/dbg_y8_w[0]} {u_demo_interp_dac8_mmcm_common/dbg_y8_w[1]} {u_demo_interp_dac8_mmcm_common/dbg_y8_w[2]} {u_demo_interp_dac8_mmcm_common/dbg_y8_w[3]} {u_demo_interp_dac8_mmcm_common/dbg_y8_w[4]} {u_demo_interp_dac8_mmcm_common/dbg_y8_w[5]} {u_demo_interp_dac8_mmcm_common/dbg_y8_w[6]} {u_demo_interp_dac8_mmcm_common/dbg_y8_w[7]} {u_demo_interp_dac8_mmcm_common/dbg_y8_w[8]} {u_demo_interp_dac8_mmcm_common/dbg_y8_w[9]} {u_demo_interp_dac8_mmcm_common/dbg_y8_w[10]} {u_demo_interp_dac8_mmcm_common/dbg_y8_w[11]} {u_demo_interp_dac8_mmcm_common/dbg_y8_w[12]} {u_demo_interp_dac8_mmcm_common/dbg_y8_w[13]} {u_demo_interp_dac8_mmcm_common/dbg_y8_w[14]} {u_demo_interp_dac8_mmcm_common/dbg_y8_w[15]} {u_demo_interp_dac8_mmcm_common/dbg_y8_w[16]} {u_demo_interp_dac8_mmcm_common/dbg_y8_w[17]} {u_demo_interp_dac8_mmcm_common/dbg_y8_w[18]} {u_demo_interp_dac8_mmcm_common/dbg_y8_w[19]} {u_demo_interp_dac8_mmcm_common/dbg_y8_w[20]} {u_demo_interp_dac8_mmcm_common/dbg_y8_w[21]} {u_demo_interp_dac8_mmcm_common/dbg_y8_w[22]} {u_demo_interp_dac8_mmcm_common/dbg_y8_w[23]} ]]
create_debug_port u_ila_0 probe
set_property port_width 24 [get_debug_ports u_ila_0/probe4]
set_property PROBE_TYPE DATA_AND_TRIGGER [get_debug_ports u_ila_0/probe4]
connect_debug_port u_ila_0/probe4 [get_nets [list {u_demo_interp_dac8_mmcm_common/display_sample_sat[0]} {u_demo_interp_dac8_mmcm_common/display_sample_sat[1]} {u_demo_interp_dac8_mmcm_common/display_sample_sat[2]} {u_demo_interp_dac8_mmcm_common/display_sample_sat[3]} {u_demo_interp_dac8_mmcm_common/display_sample_sat[4]} {u_demo_interp_dac8_mmcm_common/display_sample_sat[5]} {u_demo_interp_dac8_mmcm_common/display_sample_sat[6]} {u_demo_interp_dac8_mmcm_common/display_sample_sat[7]} {u_demo_interp_dac8_mmcm_common/display_sample_sat[8]} {u_demo_interp_dac8_mmcm_common/display_sample_sat[9]} {u_demo_interp_dac8_mmcm_common/display_sample_sat[10]} {u_demo_interp_dac8_mmcm_common/display_sample_sat[11]} {u_demo_interp_dac8_mmcm_common/display_sample_sat[12]} {u_demo_interp_dac8_mmcm_common/display_sample_sat[13]} {u_demo_interp_dac8_mmcm_common/display_sample_sat[14]} {u_demo_interp_dac8_mmcm_common/display_sample_sat[15]} {u_demo_interp_dac8_mmcm_common/display_sample_sat[16]} {u_demo_interp_dac8_mmcm_common/display_sample_sat[17]} {u_demo_interp_dac8_mmcm_common/display_sample_sat[18]} {u_demo_interp_dac8_mmcm_common/display_sample_sat[19]} {u_demo_interp_dac8_mmcm_common/display_sample_sat[20]} {u_demo_interp_dac8_mmcm_common/display_sample_sat[21]} {u_demo_interp_dac8_mmcm_common/display_sample_sat[22]} {u_demo_interp_dac8_mmcm_common/display_sample_sat[23]} ]]
create_debug_port u_ila_0 probe
set_property port_width 24 [get_debug_ports u_ila_0/probe5]
set_property PROBE_TYPE DATA_AND_TRIGGER [get_debug_ports u_ila_0/probe5]
connect_debug_port u_ila_0/probe5 [get_nets [list {u_demo_interp_dac8_mmcm_common/x_in[0]} {u_demo_interp_dac8_mmcm_common/x_in[1]} {u_demo_interp_dac8_mmcm_common/x_in[2]} {u_demo_interp_dac8_mmcm_common/x_in[3]} {u_demo_interp_dac8_mmcm_common/x_in[4]} {u_demo_interp_dac8_mmcm_common/x_in[5]} {u_demo_interp_dac8_mmcm_common/x_in[6]} {u_demo_interp_dac8_mmcm_common/x_in[7]} {u_demo_interp_dac8_mmcm_common/x_in[8]} {u_demo_interp_dac8_mmcm_common/x_in[9]} {u_demo_interp_dac8_mmcm_common/x_in[10]} {u_demo_interp_dac8_mmcm_common/x_in[11]} {u_demo_interp_dac8_mmcm_common/x_in[12]} {u_demo_interp_dac8_mmcm_common/x_in[13]} {u_demo_interp_dac8_mmcm_common/x_in[14]} {u_demo_interp_dac8_mmcm_common/x_in[15]} {u_demo_interp_dac8_mmcm_common/x_in[16]} {u_demo_interp_dac8_mmcm_common/x_in[17]} {u_demo_interp_dac8_mmcm_common/x_in[18]} {u_demo_interp_dac8_mmcm_common/x_in[19]} {u_demo_interp_dac8_mmcm_common/x_in[20]} {u_demo_interp_dac8_mmcm_common/x_in[21]} {u_demo_interp_dac8_mmcm_common/x_in[22]} {u_demo_interp_dac8_mmcm_common/x_in[23]} ]]
create_debug_port u_ila_0 probe
set_property port_width 24 [get_debug_ports u_ila_0/probe6]
set_property PROBE_TYPE DATA_AND_TRIGGER [get_debug_ports u_ila_0/probe6]
connect_debug_port u_ila_0/probe6 [get_nets [list {u_demo_interp_dac8_mmcm_common/selected_sample[0]} {u_demo_interp_dac8_mmcm_common/selected_sample[1]} {u_demo_interp_dac8_mmcm_common/selected_sample[2]} {u_demo_interp_dac8_mmcm_common/selected_sample[3]} {u_demo_interp_dac8_mmcm_common/selected_sample[4]} {u_demo_interp_dac8_mmcm_common/selected_sample[5]} {u_demo_interp_dac8_mmcm_common/selected_sample[6]} {u_demo_interp_dac8_mmcm_common/selected_sample[7]} {u_demo_interp_dac8_mmcm_common/selected_sample[8]} {u_demo_interp_dac8_mmcm_common/selected_sample[9]} {u_demo_interp_dac8_mmcm_common/selected_sample[10]} {u_demo_interp_dac8_mmcm_common/selected_sample[11]} {u_demo_interp_dac8_mmcm_common/selected_sample[12]} {u_demo_interp_dac8_mmcm_common/selected_sample[13]} {u_demo_interp_dac8_mmcm_common/selected_sample[14]} {u_demo_interp_dac8_mmcm_common/selected_sample[15]} {u_demo_interp_dac8_mmcm_common/selected_sample[16]} {u_demo_interp_dac8_mmcm_common/selected_sample[17]} {u_demo_interp_dac8_mmcm_common/selected_sample[18]} {u_demo_interp_dac8_mmcm_common/selected_sample[19]} {u_demo_interp_dac8_mmcm_common/selected_sample[20]} {u_demo_interp_dac8_mmcm_common/selected_sample[21]} {u_demo_interp_dac8_mmcm_common/selected_sample[22]} {u_demo_interp_dac8_mmcm_common/selected_sample[23]} ]]
create_debug_port u_ila_0 probe
set_property port_width 2 [get_debug_ports u_ila_0/probe7]
set_property PROBE_TYPE DATA_AND_TRIGGER [get_debug_ports u_ila_0/probe7]
connect_debug_port u_ila_0/probe7 [get_nets [list {u_demo_interp_dac8_mmcm_common/mode_state[0]} {u_demo_interp_dac8_mmcm_common/mode_state[1]} ]]
create_debug_port u_ila_0 probe
set_property port_width 8 [get_debug_ports u_ila_0/probe8]
set_property PROBE_TYPE DATA_AND_TRIGGER [get_debug_ports u_ila_0/probe8]
connect_debug_port u_ila_0/probe8 [get_nets [list {u_demo_interp_dac8_mmcm_common/sample_u8_w[0]} {u_demo_interp_dac8_mmcm_common/sample_u8_w[1]} {u_demo_interp_dac8_mmcm_common/sample_u8_w[2]} {u_demo_interp_dac8_mmcm_common/sample_u8_w[3]} {u_demo_interp_dac8_mmcm_common/sample_u8_w[4]} {u_demo_interp_dac8_mmcm_common/sample_u8_w[5]} {u_demo_interp_dac8_mmcm_common/sample_u8_w[6]} {u_demo_interp_dac8_mmcm_common/sample_u8_w[7]} ]]
create_debug_port u_ila_0 probe
set_property port_width 6 [get_debug_ports u_ila_0/probe9]
set_property PROBE_TYPE DATA_AND_TRIGGER [get_debug_ports u_ila_0/probe9]
connect_debug_port u_ila_0/probe9 [get_nets [list {u_demo_interp_dac8_mmcm_common/rom_addr[0]} {u_demo_interp_dac8_mmcm_common/rom_addr[1]} {u_demo_interp_dac8_mmcm_common/rom_addr[2]} {u_demo_interp_dac8_mmcm_common/rom_addr[3]} {u_demo_interp_dac8_mmcm_common/rom_addr[4]} {u_demo_interp_dac8_mmcm_common/rom_addr[5]} ]]
create_debug_port u_ila_0 probe
set_property port_width 2 [get_debug_ports u_ila_0/probe10]
set_property PROBE_TYPE DATA_AND_TRIGGER [get_debug_ports u_ila_0/probe10]
connect_debug_port u_ila_0/probe10 [get_nets [list {u_demo_interp_dac8_mmcm_common/ila_mode_sel_w[0]} {u_demo_interp_dac8_mmcm_common/ila_mode_sel_w[1]} ]]
create_debug_port u_ila_0 probe
set_property port_width 24 [get_debug_ports u_ila_0/probe11]
set_property PROBE_TYPE DATA_AND_TRIGGER [get_debug_ports u_ila_0/probe11]
connect_debug_port u_ila_0/probe11 [get_nets [list {u_demo_interp_dac8_mmcm_common/y_out_w[0]} {u_demo_interp_dac8_mmcm_common/y_out_w[1]} {u_demo_interp_dac8_mmcm_common/y_out_w[2]} {u_demo_interp_dac8_mmcm_common/y_out_w[3]} {u_demo_interp_dac8_mmcm_common/y_out_w[4]} {u_demo_interp_dac8_mmcm_common/y_out_w[5]} {u_demo_interp_dac8_mmcm_common/y_out_w[6]} {u_demo_interp_dac8_mmcm_common/y_out_w[7]} {u_demo_interp_dac8_mmcm_common/y_out_w[8]} {u_demo_interp_dac8_mmcm_common/y_out_w[9]} {u_demo_interp_dac8_mmcm_common/y_out_w[10]} {u_demo_interp_dac8_mmcm_common/y_out_w[11]} {u_demo_interp_dac8_mmcm_common/y_out_w[12]} {u_demo_interp_dac8_mmcm_common/y_out_w[13]} {u_demo_interp_dac8_mmcm_common/y_out_w[14]} {u_demo_interp_dac8_mmcm_common/y_out_w[15]} {u_demo_interp_dac8_mmcm_common/y_out_w[16]} {u_demo_interp_dac8_mmcm_common/y_out_w[17]} {u_demo_interp_dac8_mmcm_common/y_out_w[18]} {u_demo_interp_dac8_mmcm_common/y_out_w[19]} {u_demo_interp_dac8_mmcm_common/y_out_w[20]} {u_demo_interp_dac8_mmcm_common/y_out_w[21]} {u_demo_interp_dac8_mmcm_common/y_out_w[22]} {u_demo_interp_dac8_mmcm_common/y_out_w[23]} ]]
create_debug_port u_ila_0 probe
set_property port_width 1 [get_debug_ports u_ila_0/probe12]
set_property PROBE_TYPE DATA_AND_TRIGGER [get_debug_ports u_ila_0/probe12]
connect_debug_port u_ila_0/probe12 [get_nets [list u_demo_interp_dac8_mmcm_common/ce4_out ]]
create_debug_port u_ila_0 probe
set_property port_width 1 [get_debug_ports u_ila_0/probe13]
set_property PROBE_TYPE DATA_AND_TRIGGER [get_debug_ports u_ila_0/probe13]
connect_debug_port u_ila_0/probe13 [get_nets [list u_demo_interp_dac8_mmcm_common/ce8_out ]]
create_debug_port u_ila_0 probe
set_property port_width 1 [get_debug_ports u_ila_0/probe14]
set_property PROBE_TYPE DATA_AND_TRIGGER [get_debug_ports u_ila_0/probe14]
connect_debug_port u_ila_0/probe14 [get_nets [list u_demo_interp_dac8_mmcm_common/ce128_out ]]
create_debug_port u_ila_0 probe
set_property port_width 1 [get_debug_ports u_ila_0/probe15]
set_property PROBE_TYPE DATA_AND_TRIGGER [get_debug_ports u_ila_0/probe15]
connect_debug_port u_ila_0/probe15 [get_nets [list u_demo_interp_dac8_mmcm_common/dbg_y4_valid_w ]]
create_debug_port u_ila_0 probe
set_property port_width 1 [get_debug_ports u_ila_0/probe16]
set_property PROBE_TYPE DATA_AND_TRIGGER [get_debug_ports u_ila_0/probe16]
connect_debug_port u_ila_0/probe16 [get_nets [list u_demo_interp_dac8_mmcm_common/dbg_y8_valid_w ]]
create_debug_port u_ila_0 probe
set_property port_width 1 [get_debug_ports u_ila_0/probe17]
set_property PROBE_TYPE DATA_AND_TRIGGER [get_debug_ports u_ila_0/probe17]
connect_debug_port u_ila_0/probe17 [get_nets [list u_demo_interp_dac8_mmcm_common/selected_valid ]]
create_debug_port u_ila_0 probe
set_property port_width 1 [get_debug_ports u_ila_0/probe18]
set_property PROBE_TYPE DATA_AND_TRIGGER [get_debug_ports u_ila_0/probe18]
connect_debug_port u_ila_0/probe18 [get_nets [list u_demo_interp_dac8_mmcm_common/x_in_update_ce ]]
create_debug_port u_ila_0 probe
set_property port_width 1 [get_debug_ports u_ila_0/probe19]
set_property PROBE_TYPE DATA_AND_TRIGGER [get_debug_ports u_ila_0/probe19]
connect_debug_port u_ila_0/probe19 [get_nets [list u_demo_interp_dac8_mmcm_common/x_in_valid ]]
create_debug_port u_ila_0 probe
set_property port_width 1 [get_debug_ports u_ila_0/probe20]
set_property PROBE_TYPE DATA_AND_TRIGGER [get_debug_ports u_ila_0/probe20]
connect_debug_port u_ila_0/probe20 [get_nets [list u_demo_interp_dac8_mmcm_common/y_out_valid_w ]]
save_constraints -force
INFO: [Project 1-96] Target constrs file set to 'D:/FpgaProject/XilinxProject/XC7A35T/fir_interpolation/interp4_ctrl/interp4_ctrl.srcs/constrs_1/new/board_demo_competition_dac8_top.xdc' for the 'constrs_1' constraints set.
Netlist sorting complete. Time (s): cpu = 00:00:00 ; elapsed = 00:00:00.009 . Memory (MB): peak = 2871.504 ; gain = 0.000
launch_runs impl_1 -jobs 19
Netlist sorting complete. Time (s): cpu = 00:00:00 ; elapsed = 00:00:00.005 . Memory (MB): peak = 2871.504 ; gain = 0.000
INFO: [Timing 38-480] Writing timing data to binary archive.
Writing placer database...
Writing XDEF routing.
Writing XDEF routing logical nets.
Writing XDEF routing special nets.
Write XDEF Complete: Time (s): cpu = 00:00:00 ; elapsed = 00:00:00.096 . Memory (MB): peak = 2875.473 ; gain = 3.969
Netlist sorting complete. Time (s): cpu = 00:00:00 ; elapsed = 00:00:00.005 . Memory (MB): peak = 2875.473 ; gain = 0.000
[Fri Jun  5 22:18:13 2026] Launched impl_1...
Run output will be captured here: D:/FpgaProject/XilinxProject/XC7A35T/fir_interpolation/interp4_ctrl/interp4_ctrl.runs/impl_1/runme.log
launch_runs impl_1 -to_step write_bitstream -jobs 19
[Fri Jun  5 22:27:15 2026] Launched impl_1...
Run output will be captured here: D:/FpgaProject/XilinxProject/XC7A35T/fir_interpolation/interp4_ctrl/interp4_ctrl.runs/impl_1/runme.log
open_hw
connect_hw_server
INFO: [Labtools 27-2285] Connecting to hw_server url TCP:localhost:3121
INFO: [Labtools 27-2222] Launching hw_server...
INFO: [Labtools 27-2221] Launch Output:

****** Xilinx hw_server v2018.3
  **** Build date : Dec  7 2018-00:40:27
    ** Copyright 1986-2018 Xilinx, Inc. All Rights Reserved.


open_hw_target
INFO: [Labtoolstcl 44-466] Opening hw_target localhost:3121/xilinx_tcf/Digilent/SULEE2409455
set_property PROGRAM.FILE {D:/FpgaProject/XilinxProject/XC7A35T/fir_interpolation/interp4_ctrl/interp4_ctrl.runs/impl_1/board_demo_competition_dac8_top.bit} [get_hw_devices xc7a35t_0]
set_property PROBES.FILE {D:/FpgaProject/XilinxProject/XC7A35T/fir_interpolation/interp4_ctrl/interp4_ctrl.runs/impl_1/board_demo_competition_dac8_top.ltx} [get_hw_devices xc7a35t_0]
set_property FULL_PROBES.FILE {D:/FpgaProject/XilinxProject/XC7A35T/fir_interpolation/interp4_ctrl/interp4_ctrl.runs/impl_1/board_demo_competition_dac8_top.ltx} [get_hw_devices xc7a35t_0]
current_hw_device [get_hw_devices xc7a35t_0]
refresh_hw_device [lindex [get_hw_devices xc7a35t_0] 0]
INFO: [Labtools 27-1434] Device xc7a35t (JTAG device index = 0) is programmed with a design that has no supported debug core(s) in it.
WARNING: [Labtools 27-3361] The debug hub core was not detected.
Resolution: 
1. Make sure the clock connected to the debug hub (dbg_hub) core is a free running clock and is active.
2. Make sure the BSCAN_SWITCH_USER_MASK device property in Vivado Hardware Manager reflects the user scan chain setting in the design and refresh the device.  To determine the user scan chain setting in the design, open the implemented design and use 'get_property C_USER_SCAN_CHAIN [get_debug_cores dbg_hub]'.
For more details on setting the scan chain property, consult the Vivado Debug and Programming User Guide (UG908).
WARNING: [Labtools 27-3413] Dropping logic core with cellname:'u_ila_0' at location 'uuid_23E7D65A79BC59F7BC47406C1714DFAE' from probes file, since it cannot be found on the programmed device.
create_hw_cfgmem -hw_device [get_hw_devices xc7a35t_0] -mem_dev [lindex [get_cfgmem_parts {mx25u12835f-spi-x1_x2_x4}] 0]
set_property PROBES.FILE {D:/FpgaProject/XilinxProject/XC7A35T/fir_interpolation/interp4_ctrl/interp4_ctrl.runs/impl_1/board_demo_competition_dac8_top.ltx} [get_hw_devices xc7a35t_0]
set_property FULL_PROBES.FILE {D:/FpgaProject/XilinxProject/XC7A35T/fir_interpolation/interp4_ctrl/interp4_ctrl.runs/impl_1/board_demo_competition_dac8_top.ltx} [get_hw_devices xc7a35t_0]
set_property PROGRAM.FILE {D:/FpgaProject/XilinxProject/XC7A35T/fir_interpolation/interp4_ctrl/interp4_ctrl.runs/impl_1/board_demo_competition_dac8_top.bit} [get_hw_devices xc7a35t_0]
program_hw_devices [get_hw_devices xc7a35t_0]
INFO: [Labtools 27-3164] End of startup status: HIGH
refresh_hw_device [lindex [get_hw_devices xc7a35t_0] 0]
INFO: [Labtools 27-2302] Device xc7a35t (JTAG device index = 0) is programmed with a design that has 1 ILA core(s).
display_hw_ila_data [ get_hw_ila_data hw_ila_data_1 -of_objects [get_hw_ilas -of_objects [get_hw_devices xc7a35t_0] -filter {CELL_NAME=~"u_ila_0"}]]
set_property TRIGGER_COMPARE_VALUE eq1'b1 [get_hw_probes u_demo_interp_dac8_mmcm_common/x_in_update_ce -of_objects [get_hw_ilas -of_objects [get_hw_devices xc7a35t_0] -filter {CELL_NAME=~"u_ila_0"}]]
run_hw_ila [get_hw_ilas -of_objects [get_hw_devices xc7a35t_0] -filter {CELL_NAME=~"u_ila_0"}]
ERROR: [Xicom 50-38] xicom: CseXsdb_getParameter() - Unknown parameter name 'mu18_config'
INFO: [Labtools 27-1964] The ILA core 'hw_ila_1' trigger was armed at 2026-Jun-05 22:38:17
ERROR: [Common 17-39] 'run_hw_ila' failed due to earlier errors.
run_hw_ila [get_hw_ilas -of_objects [get_hw_devices xc7a35t_0] -filter {CELL_NAME=~"u_ila_0"}]
ERROR: [Xicom 50-38] xicom: CseXsdb_getParameter() - Unknown parameter name 'mu18_config'
INFO: [Labtools 27-1964] The ILA core 'hw_ila_1' trigger was armed at 2026-Jun-05 22:38:24
ERROR: [Common 17-39] 'run_hw_ila' failed due to earlier errors.
save_wave_config {D:/FpgaProject/XilinxProject/XC7A35T/fir_interpolation/interp4_ctrl/interp4_ctrl.hw/hw_1/wave/hw_ila_data_1/hw_ila_data_1.wcfg}
close_hw
reset_run synth_1
launch_runs synth_1 -jobs 19
WARNING: [HDL 9-3756] overwriting previous definition of module 'demo_interp_dac8_common' [D:/FpgaProject/XilinxProject/XC7A35T/fir_interpolation/interp4_ctrl/interp4_ctrl.srcs/sources_1/imports/new/demo_interp_dac8_common_fast.v:15]
WARNING: [filemgmt 20-1318] Duplicate Design Unit 'demo_interp_dac8_common()' found in library 'xil_defaultlib'
Duplicate found at line 14 of file D:/FpgaProject/XilinxProject/XC7A35T/fir_interpolation/interp4_ctrl/interp4_ctrl.srcs/sources_1/imports/new/demo_interp_dac8_common.v
	(Active) Duplicate found at line 15 of file D:/FpgaProject/XilinxProject/XC7A35T/fir_interpolation/interp4_ctrl/interp4_ctrl.srcs/sources_1/imports/new/demo_interp_dac8_common_fast.v
[Fri Jun  5 22:42:56 2026] Launched synth_1...
Run output will be captured here: D:/FpgaProject/XilinxProject/XC7A35T/fir_interpolation/interp4_ctrl/interp4_ctrl.runs/synth_1/runme.log
reset_run synth_1
launch_runs synth_1 -jobs 19
WARNING: [HDL 9-3756] overwriting previous definition of module 'demo_interp_dac8_common' [D:/FpgaProject/XilinxProject/XC7A35T/fir_interpolation/interp4_ctrl/interp4_ctrl.srcs/sources_1/imports/new/demo_interp_dac8_common_fast.v:15]
WARNING: [filemgmt 20-1318] Duplicate Design Unit 'demo_interp_dac8_common()' found in library 'xil_defaultlib'
Duplicate found at line 14 of file D:/FpgaProject/XilinxProject/XC7A35T/fir_interpolation/interp4_ctrl/interp4_ctrl.srcs/sources_1/imports/new/demo_interp_dac8_common.v
	(Active) Duplicate found at line 15 of file D:/FpgaProject/XilinxProject/XC7A35T/fir_interpolation/interp4_ctrl/interp4_ctrl.srcs/sources_1/imports/new/demo_interp_dac8_common_fast.v
[Fri Jun  5 22:52:19 2026] Launched synth_1...
Run output will be captured here: D:/FpgaProject/XilinxProject/XC7A35T/fir_interpolation/interp4_ctrl/interp4_ctrl.runs/synth_1/runme.log
close_design
open_run synth_1 -name synth_1
Design is defaulting to impl run constrset: constrs_1
Design is defaulting to synth run part: xc7a35tfgg484-2
INFO: [Project 1-454] Reading design checkpoint 'd:/FpgaProject/XilinxProject/XC7A35T/fir_interpolation/interp4_ctrl/interp4_ctrl.srcs/sources_1/ip/clk_wiz_audio_44k1/clk_wiz_audio_44k1.dcp' for cell 'u_clk_wiz_audio_44k1'
INFO: [Project 1-454] Reading design checkpoint 'd:/FpgaProject/XilinxProject/XC7A35T/fir_interpolation/interp4_ctrl/interp4_ctrl.srcs/sources_1/ip/clk_wiz_audio_48k/clk_wiz_audio_48k.dcp' for cell 'u_clk_wiz_audio_48k'
INFO: [Netlist 29-17] Analyzing 4047 Unisim elements for replacement
INFO: [Netlist 29-28] Unisim Transformation completed in 0 CPU seconds
INFO: [Project 1-479] Netlist was created with Vivado 2018.3
INFO: [Project 1-570] Preparing netlist for logic optimization
Parsing XDC File [d:/FpgaProject/XilinxProject/XC7A35T/fir_interpolation/interp4_ctrl/interp4_ctrl.srcs/sources_1/ip/clk_wiz_audio_44k1/clk_wiz_audio_44k1_board.xdc] for cell 'u_clk_wiz_audio_44k1/inst'
Finished Parsing XDC File [d:/FpgaProject/XilinxProject/XC7A35T/fir_interpolation/interp4_ctrl/interp4_ctrl.srcs/sources_1/ip/clk_wiz_audio_44k1/clk_wiz_audio_44k1_board.xdc] for cell 'u_clk_wiz_audio_44k1/inst'
Parsing XDC File [d:/FpgaProject/XilinxProject/XC7A35T/fir_interpolation/interp4_ctrl/interp4_ctrl.srcs/sources_1/ip/clk_wiz_audio_44k1/clk_wiz_audio_44k1.xdc] for cell 'u_clk_wiz_audio_44k1/inst'
Finished Parsing XDC File [d:/FpgaProject/XilinxProject/XC7A35T/fir_interpolation/interp4_ctrl/interp4_ctrl.srcs/sources_1/ip/clk_wiz_audio_44k1/clk_wiz_audio_44k1.xdc] for cell 'u_clk_wiz_audio_44k1/inst'
Parsing XDC File [d:/FpgaProject/XilinxProject/XC7A35T/fir_interpolation/interp4_ctrl/interp4_ctrl.srcs/sources_1/ip/clk_wiz_audio_48k/clk_wiz_audio_48k_board.xdc] for cell 'u_clk_wiz_audio_48k/inst'
Finished Parsing XDC File [d:/FpgaProject/XilinxProject/XC7A35T/fir_interpolation/interp4_ctrl/interp4_ctrl.srcs/sources_1/ip/clk_wiz_audio_48k/clk_wiz_audio_48k_board.xdc] for cell 'u_clk_wiz_audio_48k/inst'
Parsing XDC File [d:/FpgaProject/XilinxProject/XC7A35T/fir_interpolation/interp4_ctrl/interp4_ctrl.srcs/sources_1/ip/clk_wiz_audio_48k/clk_wiz_audio_48k.xdc] for cell 'u_clk_wiz_audio_48k/inst'
Finished Parsing XDC File [d:/FpgaProject/XilinxProject/XC7A35T/fir_interpolation/interp4_ctrl/interp4_ctrl.srcs/sources_1/ip/clk_wiz_audio_48k/clk_wiz_audio_48k.xdc] for cell 'u_clk_wiz_audio_48k/inst'
Parsing XDC File [D:/FpgaProject/XilinxProject/XC7A35T/fir_interpolation/interp4_ctrl/interp4_ctrl.srcs/constrs_1/new/board_demo_competition_dac8_top.xdc]
WARNING: [Vivado 12-507] No nets matched 'u_demo_interp_dac8_mmcm_common/ce_cnt[0]'. [D:/FpgaProject/XilinxProject/XC7A35T/fir_interpolation/interp4_ctrl/interp4_ctrl.srcs/constrs_1/new/board_demo_competition_dac8_top.xdc:121]
WARNING: [Vivado 12-507] No nets matched 'u_demo_interp_dac8_mmcm_common/ce_cnt[1]'. [D:/FpgaProject/XilinxProject/XC7A35T/fir_interpolation/interp4_ctrl/interp4_ctrl.srcs/constrs_1/new/board_demo_competition_dac8_top.xdc:121]
WARNING: [Vivado 12-507] No nets matched 'u_demo_interp_dac8_mmcm_common/ce_cnt[2]'. [D:/FpgaProject/XilinxProject/XC7A35T/fir_interpolation/interp4_ctrl/interp4_ctrl.srcs/constrs_1/new/board_demo_competition_dac8_top.xdc:121]
WARNING: [Vivado 12-507] No nets matched 'u_demo_interp_dac8_mmcm_common/ce_cnt[3]'. [D:/FpgaProject/XilinxProject/XC7A35T/fir_interpolation/interp4_ctrl/interp4_ctrl.srcs/constrs_1/new/board_demo_competition_dac8_top.xdc:121]
WARNING: [Vivado 12-507] No nets matched 'u_demo_interp_dac8_mmcm_common/ce_cnt[4]'. [D:/FpgaProject/XilinxProject/XC7A35T/fir_interpolation/interp4_ctrl/interp4_ctrl.srcs/constrs_1/new/board_demo_competition_dac8_top.xdc:121]
WARNING: [Vivado 12-507] No nets matched 'u_demo_interp_dac8_mmcm_common/ce_cnt[5]'. [D:/FpgaProject/XilinxProject/XC7A35T/fir_interpolation/interp4_ctrl/interp4_ctrl.srcs/constrs_1/new/board_demo_competition_dac8_top.xdc:121]
WARNING: [Vivado 12-507] No nets matched 'u_demo_interp_dac8_mmcm_common/ce_cnt[6]'. [D:/FpgaProject/XilinxProject/XC7A35T/fir_interpolation/interp4_ctrl/interp4_ctrl.srcs/constrs_1/new/board_demo_competition_dac8_top.xdc:121]
CRITICAL WARNING: [Common 17-162] Invalid option value specified for '-nets'. [D:/FpgaProject/XilinxProject/XC7A35T/fir_interpolation/interp4_ctrl/interp4_ctrl.srcs/constrs_1/new/board_demo_competition_dac8_top.xdc:121]
WARNING: [Vivado 12-507] No nets matched 'u_demo_interp_dac8_mmcm_common/display_sample_sat[0]'. [D:/FpgaProject/XilinxProject/XC7A35T/fir_interpolation/interp4_ctrl/interp4_ctrl.srcs/constrs_1/new/board_demo_competition_dac8_top.xdc:133]
WARNING: [Vivado 12-507] No nets matched 'u_demo_interp_dac8_mmcm_common/display_sample_sat[1]'. [D:/FpgaProject/XilinxProject/XC7A35T/fir_interpolation/interp4_ctrl/interp4_ctrl.srcs/constrs_1/new/board_demo_competition_dac8_top.xdc:133]
WARNING: [Vivado 12-507] No nets matched 'u_demo_interp_dac8_mmcm_common/display_sample_sat[2]'. [D:/FpgaProject/XilinxProject/XC7A35T/fir_interpolation/interp4_ctrl/interp4_ctrl.srcs/constrs_1/new/board_demo_competition_dac8_top.xdc:133]
WARNING: [Vivado 12-507] No nets matched 'u_demo_interp_dac8_mmcm_common/display_sample_sat[3]'. [D:/FpgaProject/XilinxProject/XC7A35T/fir_interpolation/interp4_ctrl/interp4_ctrl.srcs/constrs_1/new/board_demo_competition_dac8_top.xdc:133]
WARNING: [Vivado 12-507] No nets matched 'u_demo_interp_dac8_mmcm_common/display_sample_sat[4]'. [D:/FpgaProject/XilinxProject/XC7A35T/fir_interpolation/interp4_ctrl/interp4_ctrl.srcs/constrs_1/new/board_demo_competition_dac8_top.xdc:133]
WARNING: [Vivado 12-507] No nets matched 'u_demo_interp_dac8_mmcm_common/display_sample_sat[5]'. [D:/FpgaProject/XilinxProject/XC7A35T/fir_interpolation/interp4_ctrl/interp4_ctrl.srcs/constrs_1/new/board_demo_competition_dac8_top.xdc:133]
WARNING: [Vivado 12-507] No nets matched 'u_demo_interp_dac8_mmcm_common/display_sample_sat[6]'. [D:/FpgaProject/XilinxProject/XC7A35T/fir_interpolation/interp4_ctrl/interp4_ctrl.srcs/constrs_1/new/board_demo_competition_dac8_top.xdc:133]
WARNING: [Vivado 12-507] No nets matched 'u_demo_interp_dac8_mmcm_common/display_sample_sat[7]'. [D:/FpgaProject/XilinxProject/XC7A35T/fir_interpolation/interp4_ctrl/interp4_ctrl.srcs/constrs_1/new/board_demo_competition_dac8_top.xdc:133]
WARNING: [Vivado 12-507] No nets matched 'u_demo_interp_dac8_mmcm_common/display_sample_sat[8]'. [D:/FpgaProject/XilinxProject/XC7A35T/fir_interpolation/interp4_ctrl/interp4_ctrl.srcs/constrs_1/new/board_demo_competition_dac8_top.xdc:133]
WARNING: [Vivado 12-507] No nets matched 'u_demo_interp_dac8_mmcm_common/display_sample_sat[9]'. [D:/FpgaProject/XilinxProject/XC7A35T/fir_interpolation/interp4_ctrl/interp4_ctrl.srcs/constrs_1/new/board_demo_competition_dac8_top.xdc:133]
WARNING: [Vivado 12-507] No nets matched 'u_demo_interp_dac8_mmcm_common/display_sample_sat[10]'. [D:/FpgaProject/XilinxProject/XC7A35T/fir_interpolation/interp4_ctrl/interp4_ctrl.srcs/constrs_1/new/board_demo_competition_dac8_top.xdc:133]
WARNING: [Vivado 12-507] No nets matched 'u_demo_interp_dac8_mmcm_common/display_sample_sat[11]'. [D:/FpgaProject/XilinxProject/XC7A35T/fir_interpolation/interp4_ctrl/interp4_ctrl.srcs/constrs_1/new/board_demo_competition_dac8_top.xdc:133]
WARNING: [Vivado 12-507] No nets matched 'u_demo_interp_dac8_mmcm_common/display_sample_sat[12]'. [D:/FpgaProject/XilinxProject/XC7A35T/fir_interpolation/interp4_ctrl/interp4_ctrl.srcs/constrs_1/new/board_demo_competition_dac8_top.xdc:133]
WARNING: [Vivado 12-507] No nets matched 'u_demo_interp_dac8_mmcm_common/display_sample_sat[13]'. [D:/FpgaProject/XilinxProject/XC7A35T/fir_interpolation/interp4_ctrl/interp4_ctrl.srcs/constrs_1/new/board_demo_competition_dac8_top.xdc:133]
WARNING: [Vivado 12-507] No nets matched 'u_demo_interp_dac8_mmcm_common/display_sample_sat[14]'. [D:/FpgaProject/XilinxProject/XC7A35T/fir_interpolation/interp4_ctrl/interp4_ctrl.srcs/constrs_1/new/board_demo_competition_dac8_top.xdc:133]
WARNING: [Vivado 12-507] No nets matched 'u_demo_interp_dac8_mmcm_common/display_sample_sat[15]'. [D:/FpgaProject/XilinxProject/XC7A35T/fir_interpolation/interp4_ctrl/interp4_ctrl.srcs/constrs_1/new/board_demo_competition_dac8_top.xdc:133]
WARNING: [Vivado 12-507] No nets matched 'u_demo_interp_dac8_mmcm_common/display_sample_sat[16]'. [D:/FpgaProject/XilinxProject/XC7A35T/fir_interpolation/interp4_ctrl/interp4_ctrl.srcs/constrs_1/new/board_demo_competition_dac8_top.xdc:133]
WARNING: [Vivado 12-507] No nets matched 'u_demo_interp_dac8_mmcm_common/display_sample_sat[17]'. [D:/FpgaProject/XilinxProject/XC7A35T/fir_interpolation/interp4_ctrl/interp4_ctrl.srcs/constrs_1/new/board_demo_competition_dac8_top.xdc:133]
WARNING: [Vivado 12-507] No nets matched 'u_demo_interp_dac8_mmcm_common/display_sample_sat[18]'. [D:/FpgaProject/XilinxProject/XC7A35T/fir_interpolation/interp4_ctrl/interp4_ctrl.srcs/constrs_1/new/board_demo_competition_dac8_top.xdc:133]
WARNING: [Vivado 12-507] No nets matched 'u_demo_interp_dac8_mmcm_common/display_sample_sat[19]'. [D:/FpgaProject/XilinxProject/XC7A35T/fir_interpolation/interp4_ctrl/interp4_ctrl.srcs/constrs_1/new/board_demo_competition_dac8_top.xdc:133]
WARNING: [Vivado 12-507] No nets matched 'u_demo_interp_dac8_mmcm_common/display_sample_sat[20]'. [D:/FpgaProject/XilinxProject/XC7A35T/fir_interpolation/interp4_ctrl/interp4_ctrl.srcs/constrs_1/new/board_demo_competition_dac8_top.xdc:133]
WARNING: [Vivado 12-507] No nets matched 'u_demo_interp_dac8_mmcm_common/display_sample_sat[21]'. [D:/FpgaProject/XilinxProject/XC7A35T/fir_interpolation/interp4_ctrl/interp4_ctrl.srcs/constrs_1/new/board_demo_competition_dac8_top.xdc:133]
WARNING: [Vivado 12-507] No nets matched 'u_demo_interp_dac8_mmcm_common/display_sample_sat[22]'. [D:/FpgaProject/XilinxProject/XC7A35T/fir_interpolation/interp4_ctrl/interp4_ctrl.srcs/constrs_1/new/board_demo_competition_dac8_top.xdc:133]
WARNING: [Vivado 12-507] No nets matched 'u_demo_interp_dac8_mmcm_common/display_sample_sat[23]'. [D:/FpgaProject/XilinxProject/XC7A35T/fir_interpolation/interp4_ctrl/interp4_ctrl.srcs/constrs_1/new/board_demo_competition_dac8_top.xdc:133]
CRITICAL WARNING: [Common 17-162] Invalid option value specified for '-nets'. [D:/FpgaProject/XilinxProject/XC7A35T/fir_interpolation/interp4_ctrl/interp4_ctrl.srcs/constrs_1/new/board_demo_competition_dac8_top.xdc:133]
WARNING: [Vivado 12-507] No nets matched 'u_demo_interp_dac8_mmcm_common/ce128_out'. [D:/FpgaProject/XilinxProject/XC7A35T/fir_interpolation/interp4_ctrl/interp4_ctrl.srcs/constrs_1/new/board_demo_competition_dac8_top.xdc:173]
CRITICAL WARNING: [Common 17-162] Invalid option value specified for '-nets'. [D:/FpgaProject/XilinxProject/XC7A35T/fir_interpolation/interp4_ctrl/interp4_ctrl.srcs/constrs_1/new/board_demo_competition_dac8_top.xdc:173]
Finished Parsing XDC File [D:/FpgaProject/XilinxProject/XC7A35T/fir_interpolation/interp4_ctrl/interp4_ctrl.srcs/constrs_1/new/board_demo_competition_dac8_top.xdc]
Parsing XDC File [d:/FpgaProject/XilinxProject/XC7A35T/fir_interpolation/interp4_ctrl/interp4_ctrl.srcs/sources_1/ip/clk_wiz_audio_44k1/clk_wiz_audio_44k1_late.xdc] for cell 'u_clk_wiz_audio_44k1/inst'
Finished Parsing XDC File [d:/FpgaProject/XilinxProject/XC7A35T/fir_interpolation/interp4_ctrl/interp4_ctrl.srcs/sources_1/ip/clk_wiz_audio_44k1/clk_wiz_audio_44k1_late.xdc] for cell 'u_clk_wiz_audio_44k1/inst'
Parsing XDC File [d:/FpgaProject/XilinxProject/XC7A35T/fir_interpolation/interp4_ctrl/interp4_ctrl.srcs/sources_1/ip/clk_wiz_audio_48k/clk_wiz_audio_48k_late.xdc] for cell 'u_clk_wiz_audio_48k/inst'
Finished Parsing XDC File [d:/FpgaProject/XilinxProject/XC7A35T/fir_interpolation/interp4_ctrl/interp4_ctrl.srcs/sources_1/ip/clk_wiz_audio_48k/clk_wiz_audio_48k_late.xdc] for cell 'u_clk_wiz_audio_48k/inst'
INFO: [Opt 31-138] Pushed 0 inverter(s) to 0 load pin(s).
Netlist sorting complete. Time (s): cpu = 00:00:00 ; elapsed = 00:00:00.003 . Memory (MB): peak = 2937.355 ; gain = 0.000
INFO: [Project 1-111] Unisim Transformation Summary:
No Unisim elements were transformed.

reset_run synth_1
launch_runs synth_1 -jobs 19
WARNING: [HDL 9-3756] overwriting previous definition of module 'demo_interp_dac8_common' [D:/FpgaProject/XilinxProject/XC7A35T/fir_interpolation/interp4_ctrl/interp4_ctrl.srcs/sources_1/imports/new/demo_interp_dac8_common_fast.v:15]
WARNING: [filemgmt 20-1318] Duplicate Design Unit 'demo_interp_dac8_common()' found in library 'xil_defaultlib'
Duplicate found at line 14 of file D:/FpgaProject/XilinxProject/XC7A35T/fir_interpolation/interp4_ctrl/interp4_ctrl.srcs/sources_1/imports/new/demo_interp_dac8_common.v
	(Active) Duplicate found at line 15 of file D:/FpgaProject/XilinxProject/XC7A35T/fir_interpolation/interp4_ctrl/interp4_ctrl.srcs/sources_1/imports/new/demo_interp_dac8_common_fast.v
[Fri Jun  5 23:19:55 2026] Launched synth_1...
Run output will be captured here: D:/FpgaProject/XilinxProject/XC7A35T/fir_interpolation/interp4_ctrl/interp4_ctrl.runs/synth_1/runme.log
close_design
open_run synth_1 -name synth_1
Design is defaulting to impl run constrset: constrs_1
Design is defaulting to synth run part: xc7a35tfgg484-2
INFO: [Project 1-454] Reading design checkpoint 'd:/FpgaProject/XilinxProject/XC7A35T/fir_interpolation/interp4_ctrl/interp4_ctrl.srcs/sources_1/ip/clk_wiz_audio_44k1/clk_wiz_audio_44k1.dcp' for cell 'u_clk_wiz_audio_44k1'
INFO: [Project 1-454] Reading design checkpoint 'd:/FpgaProject/XilinxProject/XC7A35T/fir_interpolation/interp4_ctrl/interp4_ctrl.srcs/sources_1/ip/clk_wiz_audio_48k/clk_wiz_audio_48k.dcp' for cell 'u_clk_wiz_audio_48k'
INFO: [Netlist 29-17] Analyzing 4047 Unisim elements for replacement
INFO: [Netlist 29-28] Unisim Transformation completed in 0 CPU seconds
INFO: [Project 1-479] Netlist was created with Vivado 2018.3
INFO: [Project 1-570] Preparing netlist for logic optimization
Parsing XDC File [d:/FpgaProject/XilinxProject/XC7A35T/fir_interpolation/interp4_ctrl/interp4_ctrl.srcs/sources_1/ip/clk_wiz_audio_44k1/clk_wiz_audio_44k1_board.xdc] for cell 'u_clk_wiz_audio_44k1/inst'
Finished Parsing XDC File [d:/FpgaProject/XilinxProject/XC7A35T/fir_interpolation/interp4_ctrl/interp4_ctrl.srcs/sources_1/ip/clk_wiz_audio_44k1/clk_wiz_audio_44k1_board.xdc] for cell 'u_clk_wiz_audio_44k1/inst'
Parsing XDC File [d:/FpgaProject/XilinxProject/XC7A35T/fir_interpolation/interp4_ctrl/interp4_ctrl.srcs/sources_1/ip/clk_wiz_audio_44k1/clk_wiz_audio_44k1.xdc] for cell 'u_clk_wiz_audio_44k1/inst'
Finished Parsing XDC File [d:/FpgaProject/XilinxProject/XC7A35T/fir_interpolation/interp4_ctrl/interp4_ctrl.srcs/sources_1/ip/clk_wiz_audio_44k1/clk_wiz_audio_44k1.xdc] for cell 'u_clk_wiz_audio_44k1/inst'
Parsing XDC File [d:/FpgaProject/XilinxProject/XC7A35T/fir_interpolation/interp4_ctrl/interp4_ctrl.srcs/sources_1/ip/clk_wiz_audio_48k/clk_wiz_audio_48k_board.xdc] for cell 'u_clk_wiz_audio_48k/inst'
Finished Parsing XDC File [d:/FpgaProject/XilinxProject/XC7A35T/fir_interpolation/interp4_ctrl/interp4_ctrl.srcs/sources_1/ip/clk_wiz_audio_48k/clk_wiz_audio_48k_board.xdc] for cell 'u_clk_wiz_audio_48k/inst'
Parsing XDC File [d:/FpgaProject/XilinxProject/XC7A35T/fir_interpolation/interp4_ctrl/interp4_ctrl.srcs/sources_1/ip/clk_wiz_audio_48k/clk_wiz_audio_48k.xdc] for cell 'u_clk_wiz_audio_48k/inst'
Finished Parsing XDC File [d:/FpgaProject/XilinxProject/XC7A35T/fir_interpolation/interp4_ctrl/interp4_ctrl.srcs/sources_1/ip/clk_wiz_audio_48k/clk_wiz_audio_48k.xdc] for cell 'u_clk_wiz_audio_48k/inst'
Parsing XDC File [D:/FpgaProject/XilinxProject/XC7A35T/fir_interpolation/interp4_ctrl/interp4_ctrl.srcs/constrs_1/new/board_demo_competition_dac8_top.xdc]
CRITICAL WARNING: [Designutils 20-1307] Command 'if' is not supported in the xdc constraint file. [D:/FpgaProject/XilinxProject/XC7A35T/fir_interpolation/interp4_ctrl/interp4_ctrl.srcs/constrs_1/new/board_demo_competition_dac8_top.xdc:104]
Finished Parsing XDC File [D:/FpgaProject/XilinxProject/XC7A35T/fir_interpolation/interp4_ctrl/interp4_ctrl.srcs/constrs_1/new/board_demo_competition_dac8_top.xdc]
Parsing XDC File [d:/FpgaProject/XilinxProject/XC7A35T/fir_interpolation/interp4_ctrl/interp4_ctrl.srcs/sources_1/ip/clk_wiz_audio_44k1/clk_wiz_audio_44k1_late.xdc] for cell 'u_clk_wiz_audio_44k1/inst'
Finished Parsing XDC File [d:/FpgaProject/XilinxProject/XC7A35T/fir_interpolation/interp4_ctrl/interp4_ctrl.srcs/sources_1/ip/clk_wiz_audio_44k1/clk_wiz_audio_44k1_late.xdc] for cell 'u_clk_wiz_audio_44k1/inst'
Parsing XDC File [d:/FpgaProject/XilinxProject/XC7A35T/fir_interpolation/interp4_ctrl/interp4_ctrl.srcs/sources_1/ip/clk_wiz_audio_48k/clk_wiz_audio_48k_late.xdc] for cell 'u_clk_wiz_audio_48k/inst'
Finished Parsing XDC File [d:/FpgaProject/XilinxProject/XC7A35T/fir_interpolation/interp4_ctrl/interp4_ctrl.srcs/sources_1/ip/clk_wiz_audio_48k/clk_wiz_audio_48k_late.xdc] for cell 'u_clk_wiz_audio_48k/inst'
INFO: [Opt 31-138] Pushed 0 inverter(s) to 0 load pin(s).
Netlist sorting complete. Time (s): cpu = 00:00:00 ; elapsed = 00:00:00.004 . Memory (MB): peak = 2978.582 ; gain = 0.000
INFO: [Project 1-111] Unisim Transformation Summary:
No Unisim elements were transformed.

reset_run synth_1
launch_runs synth_1 -jobs 19
WARNING: [HDL 9-3756] overwriting previous definition of module 'demo_interp_dac8_common' [D:/FpgaProject/XilinxProject/XC7A35T/fir_interpolation/interp4_ctrl/interp4_ctrl.srcs/sources_1/imports/new/demo_interp_dac8_common_fast.v:15]
WARNING: [filemgmt 20-1318] Duplicate Design Unit 'demo_interp_dac8_common()' found in library 'xil_defaultlib'
Duplicate found at line 14 of file D:/FpgaProject/XilinxProject/XC7A35T/fir_interpolation/interp4_ctrl/interp4_ctrl.srcs/sources_1/imports/new/demo_interp_dac8_common.v
	(Active) Duplicate found at line 15 of file D:/FpgaProject/XilinxProject/XC7A35T/fir_interpolation/interp4_ctrl/interp4_ctrl.srcs/sources_1/imports/new/demo_interp_dac8_common_fast.v
[Fri Jun  5 23:33:37 2026] Launched synth_1...
Run output will be captured here: D:/FpgaProject/XilinxProject/XC7A35T/fir_interpolation/interp4_ctrl/interp4_ctrl.runs/synth_1/runme.log
close_design
open_run synth_1 -name synth_1
Design is defaulting to impl run constrset: constrs_1
Design is defaulting to synth run part: xc7a35tfgg484-2
INFO: [Project 1-454] Reading design checkpoint 'd:/FpgaProject/XilinxProject/XC7A35T/fir_interpolation/interp4_ctrl/interp4_ctrl.srcs/sources_1/ip/clk_wiz_audio_44k1/clk_wiz_audio_44k1.dcp' for cell 'u_clk_wiz_audio_44k1'
INFO: [Project 1-454] Reading design checkpoint 'd:/FpgaProject/XilinxProject/XC7A35T/fir_interpolation/interp4_ctrl/interp4_ctrl.srcs/sources_1/ip/clk_wiz_audio_48k/clk_wiz_audio_48k.dcp' for cell 'u_clk_wiz_audio_48k'
INFO: [Netlist 29-17] Analyzing 4047 Unisim elements for replacement
INFO: [Netlist 29-28] Unisim Transformation completed in 0 CPU seconds
INFO: [Project 1-479] Netlist was created with Vivado 2018.3
INFO: [Project 1-570] Preparing netlist for logic optimization
Parsing XDC File [d:/FpgaProject/XilinxProject/XC7A35T/fir_interpolation/interp4_ctrl/interp4_ctrl.srcs/sources_1/ip/clk_wiz_audio_44k1/clk_wiz_audio_44k1_board.xdc] for cell 'u_clk_wiz_audio_44k1/inst'
Finished Parsing XDC File [d:/FpgaProject/XilinxProject/XC7A35T/fir_interpolation/interp4_ctrl/interp4_ctrl.srcs/sources_1/ip/clk_wiz_audio_44k1/clk_wiz_audio_44k1_board.xdc] for cell 'u_clk_wiz_audio_44k1/inst'
Parsing XDC File [d:/FpgaProject/XilinxProject/XC7A35T/fir_interpolation/interp4_ctrl/interp4_ctrl.srcs/sources_1/ip/clk_wiz_audio_44k1/clk_wiz_audio_44k1.xdc] for cell 'u_clk_wiz_audio_44k1/inst'
Finished Parsing XDC File [d:/FpgaProject/XilinxProject/XC7A35T/fir_interpolation/interp4_ctrl/interp4_ctrl.srcs/sources_1/ip/clk_wiz_audio_44k1/clk_wiz_audio_44k1.xdc] for cell 'u_clk_wiz_audio_44k1/inst'
Parsing XDC File [d:/FpgaProject/XilinxProject/XC7A35T/fir_interpolation/interp4_ctrl/interp4_ctrl.srcs/sources_1/ip/clk_wiz_audio_48k/clk_wiz_audio_48k_board.xdc] for cell 'u_clk_wiz_audio_48k/inst'
Finished Parsing XDC File [d:/FpgaProject/XilinxProject/XC7A35T/fir_interpolation/interp4_ctrl/interp4_ctrl.srcs/sources_1/ip/clk_wiz_audio_48k/clk_wiz_audio_48k_board.xdc] for cell 'u_clk_wiz_audio_48k/inst'
Parsing XDC File [d:/FpgaProject/XilinxProject/XC7A35T/fir_interpolation/interp4_ctrl/interp4_ctrl.srcs/sources_1/ip/clk_wiz_audio_48k/clk_wiz_audio_48k.xdc] for cell 'u_clk_wiz_audio_48k/inst'
Finished Parsing XDC File [d:/FpgaProject/XilinxProject/XC7A35T/fir_interpolation/interp4_ctrl/interp4_ctrl.srcs/sources_1/ip/clk_wiz_audio_48k/clk_wiz_audio_48k.xdc] for cell 'u_clk_wiz_audio_48k/inst'
Parsing XDC File [D:/FpgaProject/XilinxProject/XC7A35T/fir_interpolation/interp4_ctrl/interp4_ctrl.srcs/constrs_1/new/board_demo_competition_dac8_top.xdc]
Finished Parsing XDC File [D:/FpgaProject/XilinxProject/XC7A35T/fir_interpolation/interp4_ctrl/interp4_ctrl.srcs/constrs_1/new/board_demo_competition_dac8_top.xdc]
Parsing XDC File [d:/FpgaProject/XilinxProject/XC7A35T/fir_interpolation/interp4_ctrl/interp4_ctrl.srcs/sources_1/ip/clk_wiz_audio_44k1/clk_wiz_audio_44k1_late.xdc] for cell 'u_clk_wiz_audio_44k1/inst'
Finished Parsing XDC File [d:/FpgaProject/XilinxProject/XC7A35T/fir_interpolation/interp4_ctrl/interp4_ctrl.srcs/sources_1/ip/clk_wiz_audio_44k1/clk_wiz_audio_44k1_late.xdc] for cell 'u_clk_wiz_audio_44k1/inst'
Parsing XDC File [d:/FpgaProject/XilinxProject/XC7A35T/fir_interpolation/interp4_ctrl/interp4_ctrl.srcs/sources_1/ip/clk_wiz_audio_48k/clk_wiz_audio_48k_late.xdc] for cell 'u_clk_wiz_audio_48k/inst'
Finished Parsing XDC File [d:/FpgaProject/XilinxProject/XC7A35T/fir_interpolation/interp4_ctrl/interp4_ctrl.srcs/sources_1/ip/clk_wiz_audio_48k/clk_wiz_audio_48k_late.xdc] for cell 'u_clk_wiz_audio_48k/inst'
INFO: [Opt 31-138] Pushed 0 inverter(s) to 0 load pin(s).
Netlist sorting complete. Time (s): cpu = 00:00:00 ; elapsed = 00:00:00.004 . Memory (MB): peak = 2999.668 ; gain = 0.000
INFO: [Project 1-111] Unisim Transformation Summary:
No Unisim elements were transformed.

create_debug_core u_ila_0 ila
set_property C_DATA_DEPTH 4096 [get_debug_cores u_ila_0]
set_property C_TRIGIN_EN false [get_debug_cores u_ila_0]
set_property C_TRIGOUT_EN false [get_debug_cores u_ila_0]
set_property C_ADV_TRIGGER false [get_debug_cores u_ila_0]
set_property C_INPUT_PIPE_STAGES 0 [get_debug_cores u_ila_0]
set_property C_EN_STRG_QUAL false [get_debug_cores u_ila_0]
set_property ALL_PROBE_SAME_MU true [get_debug_cores u_ila_0]
set_property ALL_PROBE_SAME_MU_CNT 1 [get_debug_cores u_ila_0]
set_property port_width 1 [get_debug_ports u_ila_0/clk]
connect_debug_port u_ila_0/clk [get_nets [list clk_audio_128x_sel ]]
set_property port_width 24 [get_debug_ports u_ila_0/probe0]
set_property PROBE_TYPE DATA [get_debug_ports u_ila_0/probe0]
connect_debug_port u_ila_0/probe0 [get_nets [list {u_demo_interp_dac8_mmcm_common/dbg_y4_w[0]} {u_demo_interp_dac8_mmcm_common/dbg_y4_w[1]} {u_demo_interp_dac8_mmcm_common/dbg_y4_w[2]} {u_demo_interp_dac8_mmcm_common/dbg_y4_w[3]} {u_demo_interp_dac8_mmcm_common/dbg_y4_w[4]} {u_demo_interp_dac8_mmcm_common/dbg_y4_w[5]} {u_demo_interp_dac8_mmcm_common/dbg_y4_w[6]} {u_demo_interp_dac8_mmcm_common/dbg_y4_w[7]} {u_demo_interp_dac8_mmcm_common/dbg_y4_w[8]} {u_demo_interp_dac8_mmcm_common/dbg_y4_w[9]} {u_demo_interp_dac8_mmcm_common/dbg_y4_w[10]} {u_demo_interp_dac8_mmcm_common/dbg_y4_w[11]} {u_demo_interp_dac8_mmcm_common/dbg_y4_w[12]} {u_demo_interp_dac8_mmcm_common/dbg_y4_w[13]} {u_demo_interp_dac8_mmcm_common/dbg_y4_w[14]} {u_demo_interp_dac8_mmcm_common/dbg_y4_w[15]} {u_demo_interp_dac8_mmcm_common/dbg_y4_w[16]} {u_demo_interp_dac8_mmcm_common/dbg_y4_w[17]} {u_demo_interp_dac8_mmcm_common/dbg_y4_w[18]} {u_demo_interp_dac8_mmcm_common/dbg_y4_w[19]} {u_demo_interp_dac8_mmcm_common/dbg_y4_w[20]} {u_demo_interp_dac8_mmcm_common/dbg_y4_w[21]} {u_demo_interp_dac8_mmcm_common/dbg_y4_w[22]} {u_demo_interp_dac8_mmcm_common/dbg_y4_w[23]} ]]
create_debug_port u_ila_0 probe
set_property port_width 6 [get_debug_ports u_ila_0/probe1]
set_property PROBE_TYPE DATA [get_debug_ports u_ila_0/probe1]
connect_debug_port u_ila_0/probe1 [get_nets [list {u_demo_interp_dac8_mmcm_common/rom_addr[0]} {u_demo_interp_dac8_mmcm_common/rom_addr[1]} {u_demo_interp_dac8_mmcm_common/rom_addr[2]} {u_demo_interp_dac8_mmcm_common/rom_addr[3]} {u_demo_interp_dac8_mmcm_common/rom_addr[4]} {u_demo_interp_dac8_mmcm_common/rom_addr[5]} ]]
create_debug_port u_ila_0 probe
set_property port_width 24 [get_debug_ports u_ila_0/probe2]
set_property PROBE_TYPE DATA [get_debug_ports u_ila_0/probe2]
connect_debug_port u_ila_0/probe2 [get_nets [list {u_demo_interp_dac8_mmcm_common/dbg_y8_w[0]} {u_demo_interp_dac8_mmcm_common/dbg_y8_w[1]} {u_demo_interp_dac8_mmcm_common/dbg_y8_w[2]} {u_demo_interp_dac8_mmcm_common/dbg_y8_w[3]} {u_demo_interp_dac8_mmcm_common/dbg_y8_w[4]} {u_demo_interp_dac8_mmcm_common/dbg_y8_w[5]} {u_demo_interp_dac8_mmcm_common/dbg_y8_w[6]} {u_demo_interp_dac8_mmcm_common/dbg_y8_w[7]} {u_demo_interp_dac8_mmcm_common/dbg_y8_w[8]} {u_demo_interp_dac8_mmcm_common/dbg_y8_w[9]} {u_demo_interp_dac8_mmcm_common/dbg_y8_w[10]} {u_demo_interp_dac8_mmcm_common/dbg_y8_w[11]} {u_demo_interp_dac8_mmcm_common/dbg_y8_w[12]} {u_demo_interp_dac8_mmcm_common/dbg_y8_w[13]} {u_demo_interp_dac8_mmcm_common/dbg_y8_w[14]} {u_demo_interp_dac8_mmcm_common/dbg_y8_w[15]} {u_demo_interp_dac8_mmcm_common/dbg_y8_w[16]} {u_demo_interp_dac8_mmcm_common/dbg_y8_w[17]} {u_demo_interp_dac8_mmcm_common/dbg_y8_w[18]} {u_demo_interp_dac8_mmcm_common/dbg_y8_w[19]} {u_demo_interp_dac8_mmcm_common/dbg_y8_w[20]} {u_demo_interp_dac8_mmcm_common/dbg_y8_w[21]} {u_demo_interp_dac8_mmcm_common/dbg_y8_w[22]} {u_demo_interp_dac8_mmcm_common/dbg_y8_w[23]} ]]
create_debug_port u_ila_0 probe
set_property port_width 2 [get_debug_ports u_ila_0/probe3]
set_property PROBE_TYPE DATA [get_debug_ports u_ila_0/probe3]
connect_debug_port u_ila_0/probe3 [get_nets [list {u_demo_interp_dac8_mmcm_common/mode_state[0]} {u_demo_interp_dac8_mmcm_common/mode_state[1]} ]]
create_debug_port u_ila_0 probe
set_property port_width 24 [get_debug_ports u_ila_0/probe4]
set_property PROBE_TYPE DATA [get_debug_ports u_ila_0/probe4]
connect_debug_port u_ila_0/probe4 [get_nets [list {u_demo_interp_dac8_mmcm_common/selected_sample[0]} {u_demo_interp_dac8_mmcm_common/selected_sample[1]} {u_demo_interp_dac8_mmcm_common/selected_sample[2]} {u_demo_interp_dac8_mmcm_common/selected_sample[3]} {u_demo_interp_dac8_mmcm_common/selected_sample[4]} {u_demo_interp_dac8_mmcm_common/selected_sample[5]} {u_demo_interp_dac8_mmcm_common/selected_sample[6]} {u_demo_interp_dac8_mmcm_common/selected_sample[7]} {u_demo_interp_dac8_mmcm_common/selected_sample[8]} {u_demo_interp_dac8_mmcm_common/selected_sample[9]} {u_demo_interp_dac8_mmcm_common/selected_sample[10]} {u_demo_interp_dac8_mmcm_common/selected_sample[11]} {u_demo_interp_dac8_mmcm_common/selected_sample[12]} {u_demo_interp_dac8_mmcm_common/selected_sample[13]} {u_demo_interp_dac8_mmcm_common/selected_sample[14]} {u_demo_interp_dac8_mmcm_common/selected_sample[15]} {u_demo_interp_dac8_mmcm_common/selected_sample[16]} {u_demo_interp_dac8_mmcm_common/selected_sample[17]} {u_demo_interp_dac8_mmcm_common/selected_sample[18]} {u_demo_interp_dac8_mmcm_common/selected_sample[19]} {u_demo_interp_dac8_mmcm_common/selected_sample[20]} {u_demo_interp_dac8_mmcm_common/selected_sample[21]} {u_demo_interp_dac8_mmcm_common/selected_sample[22]} {u_demo_interp_dac8_mmcm_common/selected_sample[23]} ]]
create_debug_port u_ila_0 probe
set_property port_width 24 [get_debug_ports u_ila_0/probe5]
set_property PROBE_TYPE DATA [get_debug_ports u_ila_0/probe5]
connect_debug_port u_ila_0/probe5 [get_nets [list {u_demo_interp_dac8_mmcm_common/x_in[0]} {u_demo_interp_dac8_mmcm_common/x_in[1]} {u_demo_interp_dac8_mmcm_common/x_in[2]} {u_demo_interp_dac8_mmcm_common/x_in[3]} {u_demo_interp_dac8_mmcm_common/x_in[4]} {u_demo_interp_dac8_mmcm_common/x_in[5]} {u_demo_interp_dac8_mmcm_common/x_in[6]} {u_demo_interp_dac8_mmcm_common/x_in[7]} {u_demo_interp_dac8_mmcm_common/x_in[8]} {u_demo_interp_dac8_mmcm_common/x_in[9]} {u_demo_interp_dac8_mmcm_common/x_in[10]} {u_demo_interp_dac8_mmcm_common/x_in[11]} {u_demo_interp_dac8_mmcm_common/x_in[12]} {u_demo_interp_dac8_mmcm_common/x_in[13]} {u_demo_interp_dac8_mmcm_common/x_in[14]} {u_demo_interp_dac8_mmcm_common/x_in[15]} {u_demo_interp_dac8_mmcm_common/x_in[16]} {u_demo_interp_dac8_mmcm_common/x_in[17]} {u_demo_interp_dac8_mmcm_common/x_in[18]} {u_demo_interp_dac8_mmcm_common/x_in[19]} {u_demo_interp_dac8_mmcm_common/x_in[20]} {u_demo_interp_dac8_mmcm_common/x_in[21]} {u_demo_interp_dac8_mmcm_common/x_in[22]} {u_demo_interp_dac8_mmcm_common/x_in[23]} ]]
create_debug_port u_ila_0 probe
set_property port_width 8 [get_debug_ports u_ila_0/probe6]
set_property PROBE_TYPE DATA [get_debug_ports u_ila_0/probe6]
connect_debug_port u_ila_0/probe6 [get_nets [list {u_demo_interp_dac8_mmcm_common/dac_data_r[0]} {u_demo_interp_dac8_mmcm_common/dac_data_r[1]} {u_demo_interp_dac8_mmcm_common/dac_data_r[2]} {u_demo_interp_dac8_mmcm_common/dac_data_r[3]} {u_demo_interp_dac8_mmcm_common/dac_data_r[4]} {u_demo_interp_dac8_mmcm_common/dac_data_r[5]} {u_demo_interp_dac8_mmcm_common/dac_data_r[6]} {u_demo_interp_dac8_mmcm_common/dac_data_r[7]} ]]
create_debug_port u_ila_0 probe
set_property port_width 2 [get_debug_ports u_ila_0/probe7]
set_property PROBE_TYPE DATA [get_debug_ports u_ila_0/probe7]
connect_debug_port u_ila_0/probe7 [get_nets [list {u_demo_interp_dac8_mmcm_common/ila_mode_sel_w[0]} {u_demo_interp_dac8_mmcm_common/ila_mode_sel_w[1]} ]]
create_debug_port u_ila_0 probe
set_property port_width 8 [get_debug_ports u_ila_0/probe8]
set_property PROBE_TYPE DATA [get_debug_ports u_ila_0/probe8]
connect_debug_port u_ila_0/probe8 [get_nets [list {u_demo_interp_dac8_mmcm_common/sample_u8_w[0]} {u_demo_interp_dac8_mmcm_common/sample_u8_w[1]} {u_demo_interp_dac8_mmcm_common/sample_u8_w[2]} {u_demo_interp_dac8_mmcm_common/sample_u8_w[3]} {u_demo_interp_dac8_mmcm_common/sample_u8_w[4]} {u_demo_interp_dac8_mmcm_common/sample_u8_w[5]} {u_demo_interp_dac8_mmcm_common/sample_u8_w[6]} {u_demo_interp_dac8_mmcm_common/sample_u8_w[7]} ]]
create_debug_port u_ila_0 probe
set_property port_width 1 [get_debug_ports u_ila_0/probe9]
set_property PROBE_TYPE DATA [get_debug_ports u_ila_0/probe9]
connect_debug_port u_ila_0/probe9 [get_nets [list u_demo_interp_dac8_mmcm_common/dbg_y4_valid_w ]]
create_debug_port u_ila_0 probe
set_property port_width 1 [get_debug_ports u_ila_0/probe10]
set_property PROBE_TYPE DATA [get_debug_ports u_ila_0/probe10]
connect_debug_port u_ila_0/probe10 [get_nets [list u_demo_interp_dac8_mmcm_common/dbg_y8_valid_w ]]
create_debug_port u_ila_0 probe
set_property port_width 1 [get_debug_ports u_ila_0/probe11]
set_property PROBE_TYPE DATA [get_debug_ports u_ila_0/probe11]
connect_debug_port u_ila_0/probe11 [get_nets [list u_demo_interp_dac8_mmcm_common/selected_valid ]]
create_debug_port u_ila_0 probe
set_property port_width 1 [get_debug_ports u_ila_0/probe12]
set_property PROBE_TYPE DATA_AND_TRIGGER [get_debug_ports u_ila_0/probe12]
connect_debug_port u_ila_0/probe12 [get_nets [list u_demo_interp_dac8_mmcm_common/x_in_update_ce ]]
create_debug_port u_ila_0 probe
set_property port_width 1 [get_debug_ports u_ila_0/probe13]
set_property PROBE_TYPE DATA [get_debug_ports u_ila_0/probe13]
connect_debug_port u_ila_0/probe13 [get_nets [list u_demo_interp_dac8_mmcm_common/x_in_valid ]]
save_constraints
Netlist sorting complete. Time (s): cpu = 00:00:00 ; elapsed = 00:00:00.007 . Memory (MB): peak = 2999.668 ; gain = 0.000
launch_runs impl_1 -jobs 19
Netlist sorting complete. Time (s): cpu = 00:00:00 ; elapsed = 00:00:00.004 . Memory (MB): peak = 2999.668 ; gain = 0.000
INFO: [Timing 38-480] Writing timing data to binary archive.
Writing placer database...
Writing XDEF routing.
Writing XDEF routing logical nets.
Writing XDEF routing special nets.
Write XDEF Complete: Time (s): cpu = 00:00:00 ; elapsed = 00:00:00.128 . Memory (MB): peak = 2999.668 ; gain = 0.000
Netlist sorting complete. Time (s): cpu = 00:00:00 ; elapsed = 00:00:00.004 . Memory (MB): peak = 2999.668 ; gain = 0.000
[Fri Jun  5 23:48:54 2026] Launched impl_1...
Run output will be captured here: D:/FpgaProject/XilinxProject/XC7A35T/fir_interpolation/interp4_ctrl/interp4_ctrl.runs/impl_1/runme.log
launch_runs impl_1 -to_step write_bitstream -jobs 19
[Fri Jun  5 23:55:18 2026] Launched impl_1...
Run output will be captured here: D:/FpgaProject/XilinxProject/XC7A35T/fir_interpolation/interp4_ctrl/interp4_ctrl.runs/impl_1/runme.log
open_hw
connect_hw_server
INFO: [Labtools 27-2285] Connecting to hw_server url TCP:localhost:3121
INFO: [Labtools 27-2222] Launching hw_server...
INFO: [Labtools 27-2221] Launch Output:

****** Xilinx hw_server v2018.3
  **** Build date : Dec  7 2018-00:40:27
    ** Copyright 1986-2018 Xilinx, Inc. All Rights Reserved.


open_hw_target
INFO: [Labtoolstcl 44-466] Opening hw_target localhost:3121/xilinx_tcf/Digilent/SULEE2409455
set_property PROGRAM.FILE {D:/FpgaProject/XilinxProject/XC7A35T/fir_interpolation/interp4_ctrl/interp4_ctrl.runs/impl_1/board_demo_competition_dac8_top.bit} [get_hw_devices xc7a35t_0]
set_property PROBES.FILE {D:/FpgaProject/XilinxProject/XC7A35T/fir_interpolation/interp4_ctrl/interp4_ctrl.runs/impl_1/board_demo_competition_dac8_top.ltx} [get_hw_devices xc7a35t_0]
set_property FULL_PROBES.FILE {D:/FpgaProject/XilinxProject/XC7A35T/fir_interpolation/interp4_ctrl/interp4_ctrl.runs/impl_1/board_demo_competition_dac8_top.ltx} [get_hw_devices xc7a35t_0]
current_hw_device [get_hw_devices xc7a35t_0]
refresh_hw_device [lindex [get_hw_devices xc7a35t_0] 0]
INFO: [Labtools 27-1435] Device xc7a35t (JTAG device index = 0) is not programmed (DONE status = 0).
create_hw_cfgmem -hw_device [get_hw_devices xc7a35t_0] -mem_dev [lindex [get_cfgmem_parts {mx25u12835f-spi-x1_x2_x4}] 0]
set_property PROBES.FILE {D:/FpgaProject/XilinxProject/XC7A35T/fir_interpolation/interp4_ctrl/interp4_ctrl.runs/impl_1/board_demo_competition_dac8_top.ltx} [get_hw_devices xc7a35t_0]
set_property FULL_PROBES.FILE {D:/FpgaProject/XilinxProject/XC7A35T/fir_interpolation/interp4_ctrl/interp4_ctrl.runs/impl_1/board_demo_competition_dac8_top.ltx} [get_hw_devices xc7a35t_0]
set_property PROGRAM.FILE {D:/FpgaProject/XilinxProject/XC7A35T/fir_interpolation/interp4_ctrl/interp4_ctrl.runs/impl_1/board_demo_competition_dac8_top.bit} [get_hw_devices xc7a35t_0]
program_hw_devices [get_hw_devices xc7a35t_0]
INFO: [Labtools 27-3164] End of startup status: HIGH
refresh_hw_device [lindex [get_hw_devices xc7a35t_0] 0]
INFO: [Labtools 27-2302] Device xc7a35t (JTAG device index = 0) is programmed with a design that has 1 ILA core(s).
ERROR: [Labtools 27-3412] Mismatch between the design programmed into the device 'xc7a35t' (JTAG device index = '0'
 and the probes file(s) 'D:/FpgaProject/XilinxProject/XC7A35T/fir_interpolation/interp4_ctrl/interp4_ctrl.runs/impl_1/board_demo_competition_dac8_top.ltx'.
 The hw_probe 'u_demo_interp_dac8_mmcm_common/dac_data_r' in the probes file has port index '6'. This port location for the ILA core at location (uuid_23E7D65A79BC59F7BC47406C1714DFAE), does not support a data probe.
.
Resolution: 
1) Ensure that the clock signal connected to the debug core and/or debug hub is clean and free-running.
2) Ensure that the clock connected to the debug core and/or debug hub meets all timing constraints.
3) Ensure that the JTAG clock frequency is 2.5x times slower than the frequency of the clock connected to your debug hub.
ERROR: [Labtoolstcl 44-513] HW Target shutdown. Closing target: localhost:3121/xilinx_tcf/Digilent/SULEE2409455
close_hw_target
INFO: [Labtoolstcl 44-464] Closing hw_target localhost:3121/xilinx_tcf/Digilent/SULEE2409455
INFO: [Labtoolstcl 44-468] Target hw_target localhost:3121/xilinx_tcf/Digilent/SULEE2409455 is already closed
open_hw_target
INFO: [Labtoolstcl 44-466] Opening hw_target localhost:3121/xilinx_tcf/Digilent/SULEE2409455
ERROR: [Labtools 27-2270] Target localhost:3121/xilinx_tcf/Digilent/SULEE2409455 is no longer available.
Check cable connectivity and that the target board is powered up then
use the disconnect_hw_server and connect_hw_server to re-register this hardware target.
set_property PARAM.FREQUENCY 1000000 [current_hw_target]
ERROR: [Labtoolstcl 44-683] Failed to set property [PARAM.FREQUENCY] to 1000000 for hw_target [localhost:3121/xilinx_tcf/Digilent/SULEE2409455].
disconnect_hw_server localhost:3121
connect_hw_server
INFO: [Labtools 27-2285] Connecting to hw_server url TCP:localhost:3121
open_hw_target
INFO: [Labtoolstcl 44-466] Opening hw_target localhost:3121/xilinx_tcf/Digilent/SULEE2409455
set_property PROGRAM.FILE {D:/FpgaProject/XilinxProject/XC7A35T/fir_interpolation/interp4_ctrl/interp4_ctrl.runs/impl_1/board_demo_competition_dac8_top.bit} [get_hw_devices xc7a35t_0]
set_property PROBES.FILE {D:/FpgaProject/XilinxProject/XC7A35T/fir_interpolation/interp4_ctrl/interp4_ctrl.runs/impl_1/board_demo_competition_dac8_top.ltx} [get_hw_devices xc7a35t_0]
set_property FULL_PROBES.FILE {D:/FpgaProject/XilinxProject/XC7A35T/fir_interpolation/interp4_ctrl/interp4_ctrl.runs/impl_1/board_demo_competition_dac8_top.ltx} [get_hw_devices xc7a35t_0]
current_hw_device [get_hw_devices xc7a35t_0]
refresh_hw_device [lindex [get_hw_devices xc7a35t_0] 0]
INFO: [Labtools 27-1435] Device xc7a35t (JTAG device index = 0) is not programmed (DONE status = 0).
create_hw_cfgmem -hw_device [get_hw_devices xc7a35t_0] -mem_dev [lindex [get_cfgmem_parts {mx25u12835f-spi-x1_x2_x4}] 0]
close_hw_target
INFO: [Labtoolstcl 44-464] Closing hw_target localhost:3121/xilinx_tcf/Digilent/SULEE2409455
open_hw_target
INFO: [Labtoolstcl 44-466] Opening hw_target localhost:3121/xilinx_tcf/Digilent/SULEE2409455
set_property PARAM.FREQUENCY 1000000 [current_hw_target]
set_property PROBES.FILE {D:/FpgaProject/XilinxProject/XC7A35T/fir_interpolation/interp4_ctrl/interp4_ctrl.runs/impl_1/board_demo_competition_dac8_top.ltx} [get_hw_devices xc7a35t_0]
set_property FULL_PROBES.FILE {D:/FpgaProject/XilinxProject/XC7A35T/fir_interpolation/interp4_ctrl/interp4_ctrl.runs/impl_1/board_demo_competition_dac8_top.ltx} [get_hw_devices xc7a35t_0]
set_property PROGRAM.FILE {D:/FpgaProject/XilinxProject/XC7A35T/fir_interpolation/interp4_ctrl/interp4_ctrl.runs/impl_1/board_demo_competition_dac8_top.bit} [get_hw_devices xc7a35t_0]
program_hw_devices [get_hw_devices xc7a35t_0]
INFO: [Labtools 27-3164] End of startup status: HIGH
program_hw_devices: Time (s): cpu = 00:00:17 ; elapsed = 00:00:18 . Memory (MB): peak = 2999.668 ; gain = 0.000
refresh_hw_device [lindex [get_hw_devices xc7a35t_0] 0]
INFO: [Labtools 27-2302] Device xc7a35t (JTAG device index = 0) is programmed with a design that has 1 ILA core(s).
WARNING: [Labtools 27-1972] Mismatch between the design programmed into the device xc7a35t (JTAG device index = 0) and the probes file(s) D:/FpgaProject/XilinxProject/XC7A35T/fir_interpolation/interp4_ctrl/interp4_ctrl.runs/impl_1/board_demo_competition_dac8_top.ltx.
 The core at location uuid_23E7D65A79BC59F7BC47406C1714DFAE has different widths for ILA input port 12. Port width in the device core is 0, but port width in the probes file is 1.
Resolution: 
1. Reprogram device with the correct programming file and associated probes file(s) OR
2. Goto device properties and associate the correct probes file(s) with the programming file already programmed in the device.
refresh_hw_device [lindex [get_hw_devices xc7a35t_0] 0]
INFO: [Labtools 27-2302] Device xc7a35t (JTAG device index = 0) is programmed with a design that has 1 ILA core(s).
WARNING: [Labtools 27-1972] Mismatch between the design programmed into the device xc7a35t (JTAG device index = 0) and the probes file(s) D:/FpgaProject/XilinxProject/XC7A35T/fir_interpolation/interp4_ctrl/interp4_ctrl.runs/impl_1/board_demo_competition_dac8_top.ltx.
 The core at location uuid_23E7D65A79BC59F7BC47406C1714DFAE has different widths for ILA input port 12. Port width in the device core is 0, but port width in the probes file is 1.
Resolution: 
1. Reprogram device with the correct programming file and associated probes file(s) OR
2. Goto device properties and associate the correct probes file(s) with the programming file already programmed in the device.
refresh_hw_device [lindex [get_hw_devices xc7a35t_0] 0]
INFO: [Labtools 27-2302] Device xc7a35t (JTAG device index = 0) is programmed with a design that has 1 ILA core(s).
WARNING: [Labtools 27-1972] Mismatch between the design programmed into the device xc7a35t (JTAG device index = 0) and the probes file(s) D:/FpgaProject/XilinxProject/XC7A35T/fir_interpolation/interp4_ctrl/interp4_ctrl.runs/impl_1/board_demo_competition_dac8_top.ltx.
 The core at location uuid_23E7D65A79BC59F7BC47406C1714DFAE has different widths for ILA input port 12. Port width in the device core is 0, but port width in the probes file is 1.
Resolution: 
1. Reprogram device with the correct programming file and associated probes file(s) OR
2. Goto device properties and associate the correct probes file(s) with the programming file already programmed in the device.
set dev [lindex [get_hw_devices xc7a35t_0] 0]
xc7a35t_0
current_hw_device $dev
xc7a35t_0
puts [get_property PROGRAM.FILE $dev]
D:/FpgaProject/XilinxProject/XC7A35T/fir_interpolation/interp4_ctrl/interp4_ctrl.runs/impl_1/board_demo_competition_dac8_top.bit
puts [get_property PROBES.FILE $dev]
D:/FpgaProject/XilinxProject/XC7A35T/fir_interpolation/interp4_ctrl/interp4_ctrl.runs/impl_1/board_demo_competition_dac8_top.ltx
puts [get_property PROBES.FILE $dev]
D:/FpgaProject/XilinxProject/XC7A35T/fir_interpolation/interp4_ctrl/interp4_ctrl.runs/impl_1/board_demo_competition_dac8_top.ltx
set_property PROBES.FILE {D:/FpgaProject/XilinxProject/XC7A35T/fir_interpolation/interp4_ctrl/interp4_ctrl.runs/impl_1/board_demo_competition_dac8_top.ltx} $dev
refresh_hw_device $dev
INFO: [Labtools 27-2302] Device xc7a35t (JTAG device index = 0) is programmed with a design that has 1 ILA core(s).
WARNING: [Labtools 27-1972] Mismatch between the design programmed into the device xc7a35t (JTAG device index = 0) and the probes file(s) D:/FpgaProject/XilinxProject/XC7A35T/fir_interpolation/interp4_ctrl/interp4_ctrl.runs/impl_1/board_demo_competition_dac8_top.ltx.
 The core at location uuid_23E7D65A79BC59F7BC47406C1714DFAE has different widths for ILA input port 12. Port width in the device core is 0, but port width in the probes file is 1.
Resolution: 
1. Reprogram device with the correct programming file and associated probes file(s) OR
2. Goto device properties and associate the correct probes file(s) with the programming file already programmed in the device.
puts [get_property PROBES.FILE $dev]
D:/FpgaProject/XilinxProject/XC7A35T/fir_interpolation/interp4_ctrl/interp4_ctrl.runs/impl_1/board_demo_competition_dac8_top.ltx
get_hw_ilas
hw_ila_1
get_hw_probes
WARNING: [Labtoolstcl 44-131] No matching hw_probes were found.
reset_run synth_1
launch_runs impl_1 -jobs 19
WARNING: [Project 1-478] Design 'synth_1' is stale and will not be used when launching 'impl_1'
[Sat Jun  6 01:08:54 2026] Launched synth_1...
Run output will be captured here: D:/FpgaProject/XilinxProject/XC7A35T/fir_interpolation/interp4_ctrl/interp4_ctrl.runs/synth_1/runme.log
[Sat Jun  6 01:08:54 2026] Launched impl_1...
Run output will be captured here: D:/FpgaProject/XilinxProject/XC7A35T/fir_interpolation/interp4_ctrl/interp4_ctrl.runs/impl_1/runme.log
launch_runs impl_1 -to_step write_bitstream -jobs 19
[Sat Jun  6 01:15:04 2026] Launched impl_1...
Run output will be captured here: D:/FpgaProject/XilinxProject/XC7A35T/fir_interpolation/interp4_ctrl/interp4_ctrl.runs/impl_1/runme.log
open_run impl_1
INFO: [Netlist 29-17] Analyzing 4141 Unisim elements for replacement
INFO: [Netlist 29-28] Unisim Transformation completed in 0 CPU seconds
INFO: [Project 1-479] Netlist was created with Vivado 2018.3
INFO: [Project 1-570] Preparing netlist for logic optimization
INFO: [Timing 38-478] Restoring timing data from binary archive.
INFO: [Timing 38-479] Binary timing data restore complete.
INFO: [Project 1-856] Restoring constraints from binary archive.
INFO: [Project 1-853] Binary constraint restore complete.
Reading XDEF placement.
Reading placer database...
Reading XDEF routing.
Read XDEF File: Time (s): cpu = 00:00:02 ; elapsed = 00:00:02 . Memory (MB): peak = 3259.250 ; gain = 30.461
Restored from archive | CPU: 2.000000 secs | Memory: 0.000000 MB |
Finished XDEF File Restore: Time (s): cpu = 00:00:02 ; elapsed = 00:00:02 . Memory (MB): peak = 3259.250 ; gain = 30.461
Netlist sorting complete. Time (s): cpu = 00:00:00 ; elapsed = 00:00:00.004 . Memory (MB): peak = 3259.250 ; gain = 0.000
INFO: [Project 1-111] Unisim Transformation Summary:
  A total of 30 instances were transformed.
  CFGLUT5 => CFGLUT5 (SRLC32E, SRL16E): 24 instances
  RAM32M => RAM32M (RAMD32, RAMD32, RAMD32, RAMD32, RAMD32, RAMD32, RAMS32, RAMS32): 6 instances

open_run: Time (s): cpu = 00:00:12 ; elapsed = 00:00:08 . Memory (MB): peak = 3346.473 ; gain = 346.805
open_report: Time (s): cpu = 00:00:09 ; elapsed = 00:00:05 . Memory (MB): peak = 4473.621 ; gain = 1089.277
WARNING: [Timing 38-436] There are set_bus_skew constraint(s) in this design. Please run report_bus_skew to ensure that bus skew requirements are met.
set_property PROBES.FILE {D:/FpgaProject/XilinxProject/XC7A35T/fir_interpolation/interp4_ctrl/interp4_ctrl.runs/impl_1/board_demo_competition_dac8_top.ltx} [get_hw_devices xc7a35t_0]
set_property FULL_PROBES.FILE {D:/FpgaProject/XilinxProject/XC7A35T/fir_interpolation/interp4_ctrl/interp4_ctrl.runs/impl_1/board_demo_competition_dac8_top.ltx} [get_hw_devices xc7a35t_0]
set_property PROGRAM.FILE {D:/FpgaProject/XilinxProject/XC7A35T/fir_interpolation/interp4_ctrl/interp4_ctrl.runs/impl_1/board_demo_competition_dac8_top.bit} [get_hw_devices xc7a35t_0]
program_hw_devices [get_hw_devices xc7a35t_0]
INFO: [Labtools 27-3164] End of startup status: HIGH
program_hw_devices: Time (s): cpu = 00:00:18 ; elapsed = 00:00:18 . Memory (MB): peak = 4480.297 ; gain = 0.000
refresh_hw_device [lindex [get_hw_devices xc7a35t_0] 0]
INFO: [Labtools 27-2302] Device xc7a35t (JTAG device index = 0) is programmed with a design that has 1 ILA core(s).
display_hw_ila_data [ get_hw_ila_data hw_ila_data_1 -of_objects [get_hw_ilas -of_objects [get_hw_devices xc7a35t_0] -filter {CELL_NAME=~"u_ila_0"}]]
WARNING: Simulation object u_demo_interp_dac8_mmcm_common/ce_cnt was not found in the design.
WARNING: Simulation object u_demo_interp_dac8_mmcm_common/display_sample_sat was not found in the design.
WARNING: Simulation object u_demo_interp_dac8_mmcm_common/y_out_w was not found in the design.
WARNING: Simulation object u_demo_interp_dac8_mmcm_common/ce4_out was not found in the design.
WARNING: Simulation object u_demo_interp_dac8_mmcm_common/ce8_out was not found in the design.
WARNING: Simulation object u_demo_interp_dac8_mmcm_common/ce128_out was not found in the design.
WARNING: Simulation object u_demo_interp_dac8_mmcm_common/y_out_valid_w was not found in the design.
set_property PROBES.FILE {D:/FpgaProject/XilinxProject/XC7A35T/fir_interpolation/interp4_ctrl/interp4_ctrl.runs/impl_1/board_demo_competition_dac8_top.ltx} [get_hw_devices xc7a35t_0]
set_property FULL_PROBES.FILE {D:/FpgaProject/XilinxProject/XC7A35T/fir_interpolation/interp4_ctrl/interp4_ctrl.runs/impl_1/board_demo_competition_dac8_top.ltx} [get_hw_devices xc7a35t_0]
set_property PROGRAM.FILE {D:/FpgaProject/XilinxProject/XC7A35T/fir_interpolation/interp4_ctrl/interp4_ctrl.runs/impl_1/board_demo_competition_dac8_top.bit} [get_hw_devices xc7a35t_0]
program_hw_devices [get_hw_devices xc7a35t_0]
INFO: [Labtools 27-3164] End of startup status: HIGH
program_hw_devices: Time (s): cpu = 00:00:18 ; elapsed = 00:00:18 . Memory (MB): peak = 4480.297 ; gain = 0.000
refresh_hw_device [lindex [get_hw_devices xc7a35t_0] 0]
INFO: [Labtools 27-2302] Device xc7a35t (JTAG device index = 0) is programmed with a design that has 1 ILA core(s).
run_hw_ila [get_hw_ilas -of_objects [get_hw_devices xc7a35t_0] -filter {CELL_NAME=~"u_ila_0"}]
INFO: [Labtools 27-1964] The ILA core 'hw_ila_1' trigger was armed at 2026-Jun-06 01:18:49
wait_on_hw_ila [get_hw_ilas -of_objects [get_hw_devices xc7a35t_0] -filter {CELL_NAME=~"u_ila_0"}]
display_hw_ila_data [upload_hw_ila_data [get_hw_ilas -of_objects [get_hw_devices xc7a35t_0] -filter {CELL_NAME=~"u_ila_0"}]]
INFO: [Labtools 27-1966] The ILA core 'hw_ila_1' triggered at 2026-Jun-06 01:18:49
INFO: [Labtools 27-3304] ILA Waveform data saved to file D:/FpgaProject/XilinxProject/XC7A35T/fir_interpolation/interp4_ctrl/interp4_ctrl.hw/backup/hw_ila_data_1.ila. Use Tcl command 'read_hw_ila_data' or Vivado File->Import->Import ILA Data menu item to import the previously saved data.
run_hw_ila [get_hw_ilas -of_objects [get_hw_devices xc7a35t_0] -filter {CELL_NAME=~"u_ila_0"}]
ERROR: [Labtools 27-1395] Unable to arm ILA 'hw_ila_1'. The core clock is slow or no core clock connected for this ILA or the ILA core may not meet timing.
run_hw_ila [get_hw_ilas -of_objects [get_hw_devices xc7a35t_0] -filter {CELL_NAME=~"u_ila_0"}]
ERROR: [Labtools 27-1395] Unable to arm ILA 'hw_ila_1'. The core clock is slow or no core clock connected for this ILA or the ILA core may not meet timing.
run_hw_ila [get_hw_ilas -of_objects [get_hw_devices xc7a35t_0] -filter {CELL_NAME=~"u_ila_0"}]
ERROR: [Labtools 27-1395] Unable to arm ILA 'hw_ila_1'. The core clock is slow or no core clock connected for this ILA or the ILA core may not meet timing.
run_hw_ila [get_hw_ilas -of_objects [get_hw_devices xc7a35t_0] -filter {CELL_NAME=~"u_ila_0"}]
ERROR: [Labtools 27-1395] Unable to arm ILA 'hw_ila_1'. The core clock is slow or no core clock connected for this ILA or the ILA core may not meet timing.
exit
INFO: [Common 17-206] Exiting Vivado at Sat Jun  6 01:28:01 2026...
