#-----------------------------------------------------------
# Vivado v2018.3 (64-bit)
# SW Build 2405991 on Thu Dec  6 23:38:27 MST 2018
# IP Build 2404404 on Fri Dec  7 01:43:56 MST 2018
# Start of session at: Thu Jun  4 15:17:02 2026
# Process ID: 44244
# Current directory: D:/FpgaProject/XilinxProject/XC7A35T/fir_interpolation/interp4_ctrl
# Command line: vivado.exe -gui_launcher_event rodinguilauncherevent32664 D:\FpgaProject\XilinxProject\XC7A35T\fir_interpolation\interp4_ctrl\interp4_ctrl.xpr
# Log file: D:/FpgaProject/XilinxProject/XC7A35T/fir_interpolation/interp4_ctrl/vivado.log
# Journal file: D:/FpgaProject/XilinxProject/XC7A35T/fir_interpolation/interp4_ctrl\vivado.jou
#-----------------------------------------------------------
start_gui
open_project D:/FpgaProject/XilinxProject/XC7A35T/fir_interpolation/interp4_ctrl/interp4_ctrl.xpr
Scanning sources...
Finished scanning sources
INFO: [IP_Flow 19-234] Refreshing IP repositories
INFO: [IP_Flow 19-1704] No user IP repositories specified
INFO: [IP_Flow 19-2313] Loaded Vivado IP repository 'E:/app/Xilinx2018.3/Vivado/2018.3/data/ip'.
open_project: Time (s): cpu = 00:00:13 ; elapsed = 00:00:08 . Memory (MB): peak = 788.730 ; gain = 168.742
update_compile_order -fileset sources_1
reset_run synth_1
launch_runs synth_1 -jobs 19
WARNING: [HDL 9-3756] overwriting previous definition of module 'demo_interp_dac8_common' [D:/FpgaProject/XilinxProject/XC7A35T/fir_interpolation/interp4_ctrl/interp4_ctrl.srcs/sources_1/imports/new/demo_interp_dac8_common_fast.v:15]
WARNING: [filemgmt 20-1318] Duplicate Design Unit 'demo_interp_dac8_common()' found in library 'xil_defaultlib'
Duplicate found at line 14 of file D:/FpgaProject/XilinxProject/XC7A35T/fir_interpolation/interp4_ctrl/interp4_ctrl.srcs/sources_1/imports/new/demo_interp_dac8_common.v
	(Active) Duplicate found at line 15 of file D:/FpgaProject/XilinxProject/XC7A35T/fir_interpolation/interp4_ctrl/interp4_ctrl.srcs/sources_1/imports/new/demo_interp_dac8_common_fast.v
[Thu Jun  4 15:24:12 2026] Launched synth_1...
Run output will be captured here: D:/FpgaProject/XilinxProject/XC7A35T/fir_interpolation/interp4_ctrl/interp4_ctrl.runs/synth_1/runme.log
launch_runs impl_1 -jobs 19
[Thu Jun  4 15:27:00 2026] Launched impl_1...
Run output will be captured here: D:/FpgaProject/XilinxProject/XC7A35T/fir_interpolation/interp4_ctrl/interp4_ctrl.runs/impl_1/runme.log
launch_runs impl_1 -to_step write_bitstream -jobs 19
[Thu Jun  4 15:30:21 2026] Launched impl_1...
Run output will be captured here: D:/FpgaProject/XilinxProject/XC7A35T/fir_interpolation/interp4_ctrl/interp4_ctrl.runs/impl_1/runme.log
open_hw
connect_hw_server
INFO: [Labtools 27-2285] Connecting to hw_server url TCP:localhost:3121
INFO: [Labtools 27-2222] Launching hw_server...
INFO: [Labtools 27-2221] Launch Output:

****** Xilinx hw_server v2018.3
  **** Build date : Dec  7 2018-00:40:27
    ** Copyright 1986-2018 Xilinx, Inc. All Rights Reserved.


open_hw_target
INFO: [Labtoolstcl 44-466] Opening hw_target localhost:3121/xilinx_tcf/Digilent/SULEE2409455
set_property PROGRAM.FILE {D:/FpgaProject/XilinxProject/XC7A35T/fir_interpolation/interp4_ctrl/interp4_ctrl.runs/impl_1/board_demo_competition_dac8_top.bit} [get_hw_devices xc7a35t_0]
current_hw_device [get_hw_devices xc7a35t_0]
refresh_hw_device -update_hw_probes false [lindex [get_hw_devices xc7a35t_0] 0]
INFO: [Labtools 27-1434] Device xc7a35t (JTAG device index = 0) is programmed with a design that has no supported debug core(s) in it.
create_hw_cfgmem -hw_device [get_hw_devices xc7a35t_0] -mem_dev [lindex [get_cfgmem_parts {mx25u12835f-spi-x1_x2_x4}] 0]
set_property PROBES.FILE {} [get_hw_devices xc7a35t_0]
set_property FULL_PROBES.FILE {} [get_hw_devices xc7a35t_0]
set_property PROGRAM.FILE {D:/FpgaProject/XilinxProject/XC7A35T/fir_interpolation/interp4_ctrl/interp4_ctrl.runs/impl_1/board_demo_competition_dac8_top.bit} [get_hw_devices xc7a35t_0]
program_hw_devices [get_hw_devices xc7a35t_0]
INFO: [Labtools 27-3164] End of startup status: HIGH
refresh_hw_device [lindex [get_hw_devices xc7a35t_0] 0]
INFO: [Labtools 27-1434] Device xc7a35t (JTAG device index = 0) is programmed with a design that has no supported debug core(s) in it.
ERROR: [Labtoolstcl 44-513] HW Target shutdown. Closing target: localhost:3121/xilinx_tcf/Digilent/SULEE2409455
exit
INFO: [Common 17-206] Exiting Vivado at Thu Jun  4 15:52:33 2026...
