#-----------------------------------------------------------
# Vivado v2018.3 (64-bit)
# SW Build 2405991 on Thu Dec  6 23:38:27 MST 2018
# IP Build 2404404 on Fri Dec  7 01:43:56 MST 2018
# Start of session at: Thu Jun  4 22:39:23 2026
# Process ID: 51868
# Current directory: D:/FpgaProject/XilinxProject/XC7A35T/fir_interpolation/interp4_ctrl
# Command line: vivado.exe -gui_launcher_event rodinguilauncherevent18076 D:\FpgaProject\XilinxProject\XC7A35T\fir_interpolation\interp4_ctrl\interp4_ctrl.xpr
# Log file: D:/FpgaProject/XilinxProject/XC7A35T/fir_interpolation/interp4_ctrl/vivado.log
# Journal file: D:/FpgaProject/XilinxProject/XC7A35T/fir_interpolation/interp4_ctrl\vivado.jou
#-----------------------------------------------------------
start_gui
open_project D:/FpgaProject/XilinxProject/XC7A35T/fir_interpolation/interp4_ctrl/interp4_ctrl.xpr
Scanning sources...
Finished scanning sources
INFO: [IP_Flow 19-234] Refreshing IP repositories
INFO: [IP_Flow 19-1704] No user IP repositories specified
INFO: [IP_Flow 19-2313] Loaded Vivado IP repository 'E:/app/Xilinx2018.3/Vivado/2018.3/data/ip'.
open_project: Time (s): cpu = 00:00:09 ; elapsed = 00:00:07 . Memory (MB): peak = 741.645 ; gain = 109.191
update_compile_order -fileset sources_1
reset_run synth_1
launch_runs synth_1 -jobs 19
WARNING: [HDL 9-3756] overwriting previous definition of module 'demo_interp_dac8_common' [D:/FpgaProject/XilinxProject/XC7A35T/fir_interpolation/interp4_ctrl/interp4_ctrl.srcs/sources_1/imports/new/demo_interp_dac8_common_fast.v:15]
WARNING: [filemgmt 20-1318] Duplicate Design Unit 'demo_interp_dac8_common()' found in library 'xil_defaultlib'
Duplicate found at line 14 of file D:/FpgaProject/XilinxProject/XC7A35T/fir_interpolation/interp4_ctrl/interp4_ctrl.srcs/sources_1/imports/new/demo_interp_dac8_common.v
	(Active) Duplicate found at line 15 of file D:/FpgaProject/XilinxProject/XC7A35T/fir_interpolation/interp4_ctrl/interp4_ctrl.srcs/sources_1/imports/new/demo_interp_dac8_common_fast.v
[Thu Jun  4 22:40:15 2026] Launched synth_1...
Run output will be captured here: D:/FpgaProject/XilinxProject/XC7A35T/fir_interpolation/interp4_ctrl/interp4_ctrl.runs/synth_1/runme.log
launch_runs impl_1 -jobs 19
[Thu Jun  4 22:45:44 2026] Launched impl_1...
Run output will be captured here: D:/FpgaProject/XilinxProject/XC7A35T/fir_interpolation/interp4_ctrl/interp4_ctrl.runs/impl_1/runme.log
launch_runs impl_1 -to_step write_bitstream -jobs 19
[Thu Jun  4 22:47:58 2026] Launched impl_1...
Run output will be captured here: D:/FpgaProject/XilinxProject/XC7A35T/fir_interpolation/interp4_ctrl/interp4_ctrl.runs/impl_1/runme.log
open_hw
connect_hw_server
INFO: [Labtools 27-2285] Connecting to hw_server url TCP:localhost:3121
INFO: [Labtools 27-2222] Launching hw_server...
INFO: [Labtools 27-2221] Launch Output:

****** Xilinx hw_server v2018.3
  **** Build date : Dec  7 2018-00:40:27
    ** Copyright 1986-2018 Xilinx, Inc. All Rights Reserved.


open_hw_target
INFO: [Labtoolstcl 44-466] Opening hw_target localhost:3121/xilinx_tcf/Digilent/SULEE2409455
set_property PROGRAM.FILE {D:/FpgaProject/XilinxProject/XC7A35T/fir_interpolation/interp4_ctrl/interp4_ctrl.runs/impl_1/board_demo_competition_dac8_top.bit} [get_hw_devices xc7a35t_0]
current_hw_device [get_hw_devices xc7a35t_0]
refresh_hw_device -update_hw_probes false [lindex [get_hw_devices xc7a35t_0] 0]
INFO: [Labtools 27-1434] Device xc7a35t (JTAG device index = 0) is programmed with a design that has no supported debug core(s) in it.
create_hw_cfgmem -hw_device [get_hw_devices xc7a35t_0] -mem_dev [lindex [get_cfgmem_parts {mx25u12835f-spi-x1_x2_x4}] 0]
set_property PROBES.FILE {} [get_hw_devices xc7a35t_0]
set_property FULL_PROBES.FILE {} [get_hw_devices xc7a35t_0]
set_property PROGRAM.FILE {D:/FpgaProject/XilinxProject/XC7A35T/fir_interpolation/interp4_ctrl/interp4_ctrl.runs/impl_1/board_demo_competition_dac8_top.bit} [get_hw_devices xc7a35t_0]
program_hw_devices [get_hw_devices xc7a35t_0]
INFO: [Labtools 27-3164] End of startup status: HIGH
refresh_hw_device [lindex [get_hw_devices xc7a35t_0] 0]
INFO: [Labtools 27-1434] Device xc7a35t (JTAG device index = 0) is programmed with a design that has no supported debug core(s) in it.
reset_run synth_1
launch_runs synth_1 -jobs 19
WARNING: [HDL 9-3756] overwriting previous definition of module 'demo_interp_dac8_common' [D:/FpgaProject/XilinxProject/XC7A35T/fir_interpolation/interp4_ctrl/interp4_ctrl.srcs/sources_1/imports/new/demo_interp_dac8_common_fast.v:15]
WARNING: [filemgmt 20-1318] Duplicate Design Unit 'demo_interp_dac8_common()' found in library 'xil_defaultlib'
Duplicate found at line 14 of file D:/FpgaProject/XilinxProject/XC7A35T/fir_interpolation/interp4_ctrl/interp4_ctrl.srcs/sources_1/imports/new/demo_interp_dac8_common.v
	(Active) Duplicate found at line 15 of file D:/FpgaProject/XilinxProject/XC7A35T/fir_interpolation/interp4_ctrl/interp4_ctrl.srcs/sources_1/imports/new/demo_interp_dac8_common_fast.v
[Thu Jun  4 22:57:49 2026] Launched synth_1...
Run output will be captured here: D:/FpgaProject/XilinxProject/XC7A35T/fir_interpolation/interp4_ctrl/interp4_ctrl.runs/synth_1/runme.log
launch_runs impl_1 -jobs 19
[Thu Jun  4 23:00:37 2026] Launched impl_1...
Run output will be captured here: D:/FpgaProject/XilinxProject/XC7A35T/fir_interpolation/interp4_ctrl/interp4_ctrl.runs/impl_1/runme.log
launch_runs impl_1 -to_step write_bitstream -jobs 19
[Thu Jun  4 23:03:22 2026] Launched impl_1...
Run output will be captured here: D:/FpgaProject/XilinxProject/XC7A35T/fir_interpolation/interp4_ctrl/interp4_ctrl.runs/impl_1/runme.log
open_run impl_1
INFO: [Netlist 29-17] Analyzing 4047 Unisim elements for replacement
INFO: [Netlist 29-28] Unisim Transformation completed in 0 CPU seconds
INFO: [Project 1-479] Netlist was created with Vivado 2018.3
INFO: [Device 21-403] Loading part xc7a35tfgg484-2
INFO: [Project 1-570] Preparing netlist for logic optimization
INFO: [Timing 38-478] Restoring timing data from binary archive.
INFO: [Timing 38-479] Binary timing data restore complete.
INFO: [Project 1-856] Restoring constraints from binary archive.
INFO: [Project 1-853] Binary constraint restore complete.
Reading XDEF placement.
Reading placer database...
Reading XDEF routing.
Read XDEF File: Time (s): cpu = 00:00:01 ; elapsed = 00:00:01 . Memory (MB): peak = 2807.812 ; gain = 29.973
Restored from archive | CPU: 1.000000 secs | Memory: 0.000000 MB |
Finished XDEF File Restore: Time (s): cpu = 00:00:01 ; elapsed = 00:00:01 . Memory (MB): peak = 2807.812 ; gain = 29.973
Netlist sorting complete. Time (s): cpu = 00:00:00 ; elapsed = 00:00:00.004 . Memory (MB): peak = 2807.812 ; gain = 0.000
INFO: [Project 1-111] Unisim Transformation Summary:
No Unisim elements were transformed.

open_run: Time (s): cpu = 00:00:23 ; elapsed = 00:00:19 . Memory (MB): peak = 3002.746 ; gain = 1060.977
set_property PROBES.FILE {} [get_hw_devices xc7a35t_0]
set_property FULL_PROBES.FILE {} [get_hw_devices xc7a35t_0]
set_property PROGRAM.FILE {D:/FpgaProject/XilinxProject/XC7A35T/fir_interpolation/interp4_ctrl/interp4_ctrl.runs/impl_1/board_demo_competition_dac8_top.bit} [get_hw_devices xc7a35t_0]
program_hw_devices [get_hw_devices xc7a35t_0]
INFO: [Labtools 27-3164] End of startup status: HIGH
refresh_hw_device [lindex [get_hw_devices xc7a35t_0] 0]
INFO: [Labtools 27-1434] Device xc7a35t (JTAG device index = 0) is programmed with a design that has no supported debug core(s) in it.
reset_run synth_1
launch_runs synth_1 -jobs 19
WARNING: [HDL 9-3756] overwriting previous definition of module 'demo_interp_dac8_common' [D:/FpgaProject/XilinxProject/XC7A35T/fir_interpolation/interp4_ctrl/interp4_ctrl.srcs/sources_1/imports/new/demo_interp_dac8_common_fast.v:15]
WARNING: [filemgmt 20-1318] Duplicate Design Unit 'demo_interp_dac8_common()' found in library 'xil_defaultlib'
Duplicate found at line 14 of file D:/FpgaProject/XilinxProject/XC7A35T/fir_interpolation/interp4_ctrl/interp4_ctrl.srcs/sources_1/imports/new/demo_interp_dac8_common.v
	(Active) Duplicate found at line 15 of file D:/FpgaProject/XilinxProject/XC7A35T/fir_interpolation/interp4_ctrl/interp4_ctrl.srcs/sources_1/imports/new/demo_interp_dac8_common_fast.v
[Thu Jun  4 23:12:32 2026] Launched synth_1...
Run output will be captured here: D:/FpgaProject/XilinxProject/XC7A35T/fir_interpolation/interp4_ctrl/interp4_ctrl.runs/synth_1/runme.log
launch_runs impl_1 -jobs 19
[Thu Jun  4 23:13:05 2026] Launched impl_1...
Run output will be captured here: D:/FpgaProject/XilinxProject/XC7A35T/fir_interpolation/interp4_ctrl/interp4_ctrl.runs/impl_1/runme.log
launch_runs impl_1 -to_step write_bitstream -jobs 19
[Thu Jun  4 23:13:53 2026] Launched impl_1...
Run output will be captured here: D:/FpgaProject/XilinxProject/XC7A35T/fir_interpolation/interp4_ctrl/interp4_ctrl.runs/impl_1/runme.log
set_property PROBES.FILE {} [get_hw_devices xc7a35t_0]
set_property FULL_PROBES.FILE {} [get_hw_devices xc7a35t_0]
set_property PROGRAM.FILE {D:/FpgaProject/XilinxProject/XC7A35T/fir_interpolation/interp4_ctrl/interp4_ctrl.runs/impl_1/board_demo_competition_dac8_top.bit} [get_hw_devices xc7a35t_0]
program_hw_devices [get_hw_devices xc7a35t_0]
INFO: [Labtools 27-3164] End of startup status: HIGH
refresh_hw_device [lindex [get_hw_devices xc7a35t_0] 0]
INFO: [Labtools 27-1434] Device xc7a35t (JTAG device index = 0) is programmed with a design that has no supported debug core(s) in it.
reset_run synth_1
launch_runs synth_1 -jobs 19
WARNING: [HDL 9-3756] overwriting previous definition of module 'demo_interp_dac8_common' [D:/FpgaProject/XilinxProject/XC7A35T/fir_interpolation/interp4_ctrl/interp4_ctrl.srcs/sources_1/imports/new/demo_interp_dac8_common_fast.v:15]
WARNING: [filemgmt 20-1318] Duplicate Design Unit 'demo_interp_dac8_common()' found in library 'xil_defaultlib'
Duplicate found at line 14 of file D:/FpgaProject/XilinxProject/XC7A35T/fir_interpolation/interp4_ctrl/interp4_ctrl.srcs/sources_1/imports/new/demo_interp_dac8_common.v
	(Active) Duplicate found at line 15 of file D:/FpgaProject/XilinxProject/XC7A35T/fir_interpolation/interp4_ctrl/interp4_ctrl.srcs/sources_1/imports/new/demo_interp_dac8_common_fast.v
[Thu Jun  4 23:21:41 2026] Launched synth_1...
Run output will be captured here: D:/FpgaProject/XilinxProject/XC7A35T/fir_interpolation/interp4_ctrl/interp4_ctrl.runs/synth_1/runme.log
launch_runs impl_1 -jobs 19
[Thu Jun  4 23:22:48 2026] Launched impl_1...
Run output will be captured here: D:/FpgaProject/XilinxProject/XC7A35T/fir_interpolation/interp4_ctrl/interp4_ctrl.runs/impl_1/runme.log
launch_runs impl_1 -to_step write_bitstream -jobs 19
[Thu Jun  4 23:23:33 2026] Launched impl_1...
Run output will be captured here: D:/FpgaProject/XilinxProject/XC7A35T/fir_interpolation/interp4_ctrl/interp4_ctrl.runs/impl_1/runme.log
set_property PROBES.FILE {} [get_hw_devices xc7a35t_0]
set_property FULL_PROBES.FILE {} [get_hw_devices xc7a35t_0]
set_property PROGRAM.FILE {D:/FpgaProject/XilinxProject/XC7A35T/fir_interpolation/interp4_ctrl/interp4_ctrl.runs/impl_1/board_demo_competition_dac8_top.bit} [get_hw_devices xc7a35t_0]
program_hw_devices [get_hw_devices xc7a35t_0]
INFO: [Labtools 27-3164] End of startup status: HIGH
refresh_hw_device [lindex [get_hw_devices xc7a35t_0] 0]
INFO: [Labtools 27-1434] Device xc7a35t (JTAG device index = 0) is programmed with a design that has no supported debug core(s) in it.
reset_run synth_1
launch_runs synth_1 -jobs 19
WARNING: [HDL 9-3756] overwriting previous definition of module 'demo_interp_dac8_common' [D:/FpgaProject/XilinxProject/XC7A35T/fir_interpolation/interp4_ctrl/interp4_ctrl.srcs/sources_1/imports/new/demo_interp_dac8_common_fast.v:15]
WARNING: [filemgmt 20-1318] Duplicate Design Unit 'demo_interp_dac8_common()' found in library 'xil_defaultlib'
Duplicate found at line 14 of file D:/FpgaProject/XilinxProject/XC7A35T/fir_interpolation/interp4_ctrl/interp4_ctrl.srcs/sources_1/imports/new/demo_interp_dac8_common.v
	(Active) Duplicate found at line 15 of file D:/FpgaProject/XilinxProject/XC7A35T/fir_interpolation/interp4_ctrl/interp4_ctrl.srcs/sources_1/imports/new/demo_interp_dac8_common_fast.v
[Thu Jun  4 23:30:03 2026] Launched synth_1...
Run output will be captured here: D:/FpgaProject/XilinxProject/XC7A35T/fir_interpolation/interp4_ctrl/interp4_ctrl.runs/synth_1/runme.log
launch_runs impl_1 -jobs 19
[Thu Jun  4 23:33:55 2026] Launched impl_1...
Run output will be captured here: D:/FpgaProject/XilinxProject/XC7A35T/fir_interpolation/interp4_ctrl/interp4_ctrl.runs/impl_1/runme.log
launch_runs impl_1 -to_step write_bitstream -jobs 19
[Thu Jun  4 23:36:30 2026] Launched impl_1...
Run output will be captured here: D:/FpgaProject/XilinxProject/XC7A35T/fir_interpolation/interp4_ctrl/interp4_ctrl.runs/impl_1/runme.log
set_property PROBES.FILE {} [get_hw_devices xc7a35t_0]
set_property FULL_PROBES.FILE {} [get_hw_devices xc7a35t_0]
set_property PROGRAM.FILE {D:/FpgaProject/XilinxProject/XC7A35T/fir_interpolation/interp4_ctrl/interp4_ctrl.runs/impl_1/board_demo_competition_dac8_top.bit} [get_hw_devices xc7a35t_0]
program_hw_devices [get_hw_devices xc7a35t_0]
INFO: [Labtools 27-3164] End of startup status: HIGH
refresh_hw_device [lindex [get_hw_devices xc7a35t_0] 0]
INFO: [Labtools 27-1434] Device xc7a35t (JTAG device index = 0) is programmed with a design that has no supported debug core(s) in it.
reset_run synth_1
launch_runs synth_1 -jobs 19
WARNING: [HDL 9-3756] overwriting previous definition of module 'demo_interp_dac8_common' [D:/FpgaProject/XilinxProject/XC7A35T/fir_interpolation/interp4_ctrl/interp4_ctrl.srcs/sources_1/imports/new/demo_interp_dac8_common_fast.v:15]
WARNING: [filemgmt 20-1318] Duplicate Design Unit 'demo_interp_dac8_common()' found in library 'xil_defaultlib'
Duplicate found at line 14 of file D:/FpgaProject/XilinxProject/XC7A35T/fir_interpolation/interp4_ctrl/interp4_ctrl.srcs/sources_1/imports/new/demo_interp_dac8_common.v
	(Active) Duplicate found at line 15 of file D:/FpgaProject/XilinxProject/XC7A35T/fir_interpolation/interp4_ctrl/interp4_ctrl.srcs/sources_1/imports/new/demo_interp_dac8_common_fast.v
[Thu Jun  4 23:43:06 2026] Launched synth_1...
Run output will be captured here: D:/FpgaProject/XilinxProject/XC7A35T/fir_interpolation/interp4_ctrl/interp4_ctrl.runs/synth_1/runme.log
launch_runs impl_1 -jobs 19
[Thu Jun  4 23:44:16 2026] Launched impl_1...
Run output will be captured here: D:/FpgaProject/XilinxProject/XC7A35T/fir_interpolation/interp4_ctrl/interp4_ctrl.runs/impl_1/runme.log
launch_runs impl_1 -to_step write_bitstream -jobs 19
[Thu Jun  4 23:45:34 2026] Launched impl_1...
Run output will be captured here: D:/FpgaProject/XilinxProject/XC7A35T/fir_interpolation/interp4_ctrl/interp4_ctrl.runs/impl_1/runme.log
set_property PROBES.FILE {} [get_hw_devices xc7a35t_0]
set_property FULL_PROBES.FILE {} [get_hw_devices xc7a35t_0]
set_property PROGRAM.FILE {D:/FpgaProject/XilinxProject/XC7A35T/fir_interpolation/interp4_ctrl/interp4_ctrl.runs/impl_1/board_demo_competition_dac8_top.bit} [get_hw_devices xc7a35t_0]
program_hw_devices [get_hw_devices xc7a35t_0]
INFO: [Labtools 27-3164] End of startup status: HIGH
refresh_hw_device [lindex [get_hw_devices xc7a35t_0] 0]
INFO: [Labtools 27-1434] Device xc7a35t (JTAG device index = 0) is programmed with a design that has no supported debug core(s) in it.
reset_run synth_1
launch_runs synth_1 -jobs 19
WARNING: [HDL 9-3756] overwriting previous definition of module 'demo_interp_dac8_common' [D:/FpgaProject/XilinxProject/XC7A35T/fir_interpolation/interp4_ctrl/interp4_ctrl.srcs/sources_1/imports/new/demo_interp_dac8_common_fast.v:15]
WARNING: [filemgmt 20-1318] Duplicate Design Unit 'demo_interp_dac8_common()' found in library 'xil_defaultlib'
Duplicate found at line 14 of file D:/FpgaProject/XilinxProject/XC7A35T/fir_interpolation/interp4_ctrl/interp4_ctrl.srcs/sources_1/imports/new/demo_interp_dac8_common.v
	(Active) Duplicate found at line 15 of file D:/FpgaProject/XilinxProject/XC7A35T/fir_interpolation/interp4_ctrl/interp4_ctrl.srcs/sources_1/imports/new/demo_interp_dac8_common_fast.v
[Fri Jun  5 00:02:47 2026] Launched synth_1...
Run output will be captured here: D:/FpgaProject/XilinxProject/XC7A35T/fir_interpolation/interp4_ctrl/interp4_ctrl.runs/synth_1/runme.log
launch_runs impl_1 -jobs 19
[Fri Jun  5 00:03:47 2026] Launched impl_1...
Run output will be captured here: D:/FpgaProject/XilinxProject/XC7A35T/fir_interpolation/interp4_ctrl/interp4_ctrl.runs/impl_1/runme.log
launch_runs impl_1 -to_step write_bitstream -jobs 19
[Fri Jun  5 00:05:27 2026] Launched impl_1...
Run output will be captured here: D:/FpgaProject/XilinxProject/XC7A35T/fir_interpolation/interp4_ctrl/interp4_ctrl.runs/impl_1/runme.log
set_property PROBES.FILE {} [get_hw_devices xc7a35t_0]
set_property FULL_PROBES.FILE {} [get_hw_devices xc7a35t_0]
set_property PROGRAM.FILE {D:/FpgaProject/XilinxProject/XC7A35T/fir_interpolation/interp4_ctrl/interp4_ctrl.runs/impl_1/board_demo_competition_dac8_top.bit} [get_hw_devices xc7a35t_0]
program_hw_devices [get_hw_devices xc7a35t_0]
INFO: [Labtools 27-3164] End of startup status: HIGH
refresh_hw_device [lindex [get_hw_devices xc7a35t_0] 0]
INFO: [Labtools 27-1434] Device xc7a35t (JTAG device index = 0) is programmed with a design that has no supported debug core(s) in it.
reset_run synth_1
launch_runs synth_1 -jobs 19
WARNING: [HDL 9-3756] overwriting previous definition of module 'demo_interp_dac8_common' [D:/FpgaProject/XilinxProject/XC7A35T/fir_interpolation/interp4_ctrl/interp4_ctrl.srcs/sources_1/imports/new/demo_interp_dac8_common_fast.v:15]
WARNING: [filemgmt 20-1318] Duplicate Design Unit 'demo_interp_dac8_common()' found in library 'xil_defaultlib'
Duplicate found at line 14 of file D:/FpgaProject/XilinxProject/XC7A35T/fir_interpolation/interp4_ctrl/interp4_ctrl.srcs/sources_1/imports/new/demo_interp_dac8_common.v
	(Active) Duplicate found at line 15 of file D:/FpgaProject/XilinxProject/XC7A35T/fir_interpolation/interp4_ctrl/interp4_ctrl.srcs/sources_1/imports/new/demo_interp_dac8_common_fast.v
[Fri Jun  5 00:15:25 2026] Launched synth_1...
Run output will be captured here: D:/FpgaProject/XilinxProject/XC7A35T/fir_interpolation/interp4_ctrl/interp4_ctrl.runs/synth_1/runme.log
launch_runs impl_1 -jobs 19
[Fri Jun  5 00:16:47 2026] Launched impl_1...
Run output will be captured here: D:/FpgaProject/XilinxProject/XC7A35T/fir_interpolation/interp4_ctrl/interp4_ctrl.runs/impl_1/runme.log
refresh_design
INFO: [Netlist 29-17] Analyzing 6 Unisim elements for replacement
INFO: [Netlist 29-28] Unisim Transformation completed in 0 CPU seconds
INFO: [Project 1-479] Netlist was created with Vivado 2018.3
INFO: [Project 1-570] Preparing netlist for logic optimization
INFO: [Timing 38-478] Restoring timing data from binary archive.
INFO: [Timing 38-479] Binary timing data restore complete.
INFO: [Project 1-856] Restoring constraints from binary archive.
INFO: [Project 1-853] Binary constraint restore complete.
Reading XDEF placement.
Reading placer database...
Reading XDEF routing.
Read XDEF File: Time (s): cpu = 00:00:00 ; elapsed = 00:00:00.091 . Memory (MB): peak = 3528.211 ; gain = 0.000
Restored from archive | CPU: 0.000000 secs | Memory: 0.000000 MB |
Finished XDEF File Restore: Time (s): cpu = 00:00:00 ; elapsed = 00:00:00.091 . Memory (MB): peak = 3528.211 ; gain = 0.000
launch_runs impl_1 -to_step write_bitstream -jobs 19
[Fri Jun  5 00:19:57 2026] Launched impl_1...
Run output will be captured here: D:/FpgaProject/XilinxProject/XC7A35T/fir_interpolation/interp4_ctrl/interp4_ctrl.runs/impl_1/runme.log
set_property PROBES.FILE {} [get_hw_devices xc7a35t_0]
set_property FULL_PROBES.FILE {} [get_hw_devices xc7a35t_0]
set_property PROGRAM.FILE {D:/FpgaProject/XilinxProject/XC7A35T/fir_interpolation/interp4_ctrl/interp4_ctrl.runs/impl_1/board_demo_competition_dac8_top.bit} [get_hw_devices xc7a35t_0]
program_hw_devices [get_hw_devices xc7a35t_0]
INFO: [Labtools 27-3164] End of startup status: HIGH
refresh_hw_device [lindex [get_hw_devices xc7a35t_0] 0]
INFO: [Labtools 27-1434] Device xc7a35t (JTAG device index = 0) is programmed with a design that has no supported debug core(s) in it.
reset_run synth_1
launch_runs synth_1 -jobs 19
WARNING: [HDL 9-3756] overwriting previous definition of module 'demo_interp_dac8_common' [D:/FpgaProject/XilinxProject/XC7A35T/fir_interpolation/interp4_ctrl/interp4_ctrl.srcs/sources_1/imports/new/demo_interp_dac8_common_fast.v:15]
WARNING: [filemgmt 20-1318] Duplicate Design Unit 'demo_interp_dac8_common()' found in library 'xil_defaultlib'
Duplicate found at line 14 of file D:/FpgaProject/XilinxProject/XC7A35T/fir_interpolation/interp4_ctrl/interp4_ctrl.srcs/sources_1/imports/new/demo_interp_dac8_common.v
	(Active) Duplicate found at line 15 of file D:/FpgaProject/XilinxProject/XC7A35T/fir_interpolation/interp4_ctrl/interp4_ctrl.srcs/sources_1/imports/new/demo_interp_dac8_common_fast.v
[Fri Jun  5 00:25:41 2026] Launched synth_1...
Run output will be captured here: D:/FpgaProject/XilinxProject/XC7A35T/fir_interpolation/interp4_ctrl/interp4_ctrl.runs/synth_1/runme.log
launch_runs impl_1 -jobs 19
[Fri Jun  5 00:27:39 2026] Launched impl_1...
Run output will be captured here: D:/FpgaProject/XilinxProject/XC7A35T/fir_interpolation/interp4_ctrl/interp4_ctrl.runs/impl_1/runme.log
launch_runs impl_1 -to_step write_bitstream -jobs 19
[Fri Jun  5 00:28:20 2026] Launched impl_1...
Run output will be captured here: D:/FpgaProject/XilinxProject/XC7A35T/fir_interpolation/interp4_ctrl/interp4_ctrl.runs/impl_1/runme.log
set_property PROBES.FILE {} [get_hw_devices xc7a35t_0]
set_property FULL_PROBES.FILE {} [get_hw_devices xc7a35t_0]
set_property PROGRAM.FILE {D:/FpgaProject/XilinxProject/XC7A35T/fir_interpolation/interp4_ctrl/interp4_ctrl.runs/impl_1/board_demo_competition_dac8_top.bit} [get_hw_devices xc7a35t_0]
program_hw_devices [get_hw_devices xc7a35t_0]
INFO: [Labtools 27-3164] End of startup status: HIGH
refresh_hw_device [lindex [get_hw_devices xc7a35t_0] 0]
INFO: [Labtools 27-1434] Device xc7a35t (JTAG device index = 0) is programmed with a design that has no supported debug core(s) in it.
reset_run synth_1
launch_runs synth_1 -jobs 19
WARNING: [HDL 9-3756] overwriting previous definition of module 'demo_interp_dac8_common' [D:/FpgaProject/XilinxProject/XC7A35T/fir_interpolation/interp4_ctrl/interp4_ctrl.srcs/sources_1/imports/new/demo_interp_dac8_common_fast.v:15]
WARNING: [filemgmt 20-1318] Duplicate Design Unit 'demo_interp_dac8_common()' found in library 'xil_defaultlib'
Duplicate found at line 14 of file D:/FpgaProject/XilinxProject/XC7A35T/fir_interpolation/interp4_ctrl/interp4_ctrl.srcs/sources_1/imports/new/demo_interp_dac8_common.v
	(Active) Duplicate found at line 15 of file D:/FpgaProject/XilinxProject/XC7A35T/fir_interpolation/interp4_ctrl/interp4_ctrl.srcs/sources_1/imports/new/demo_interp_dac8_common_fast.v
[Fri Jun  5 00:37:25 2026] Launched synth_1...
Run output will be captured here: D:/FpgaProject/XilinxProject/XC7A35T/fir_interpolation/interp4_ctrl/interp4_ctrl.runs/synth_1/runme.log
reset_run synth_1
launch_runs synth_1 -jobs 19
WARNING: [HDL 9-3756] overwriting previous definition of module 'demo_interp_dac8_common' [D:/FpgaProject/XilinxProject/XC7A35T/fir_interpolation/interp4_ctrl/interp4_ctrl.srcs/sources_1/imports/new/demo_interp_dac8_common_fast.v:15]
WARNING: [filemgmt 20-1318] Duplicate Design Unit 'demo_interp_dac8_common()' found in library 'xil_defaultlib'
Duplicate found at line 14 of file D:/FpgaProject/XilinxProject/XC7A35T/fir_interpolation/interp4_ctrl/interp4_ctrl.srcs/sources_1/imports/new/demo_interp_dac8_common.v
	(Active) Duplicate found at line 15 of file D:/FpgaProject/XilinxProject/XC7A35T/fir_interpolation/interp4_ctrl/interp4_ctrl.srcs/sources_1/imports/new/demo_interp_dac8_common_fast.v
[Fri Jun  5 00:45:32 2026] Launched synth_1...
Run output will be captured here: D:/FpgaProject/XilinxProject/XC7A35T/fir_interpolation/interp4_ctrl/interp4_ctrl.runs/synth_1/runme.log
launch_runs impl_1 -jobs 19
[Fri Jun  5 00:46:04 2026] Launched impl_1...
Run output will be captured here: D:/FpgaProject/XilinxProject/XC7A35T/fir_interpolation/interp4_ctrl/interp4_ctrl.runs/impl_1/runme.log
launch_runs impl_1 -to_step write_bitstream -jobs 19
[Fri Jun  5 00:46:49 2026] Launched impl_1...
Run output will be captured here: D:/FpgaProject/XilinxProject/XC7A35T/fir_interpolation/interp4_ctrl/interp4_ctrl.runs/impl_1/runme.log
set_property PROBES.FILE {} [get_hw_devices xc7a35t_0]
set_property FULL_PROBES.FILE {} [get_hw_devices xc7a35t_0]
set_property PROGRAM.FILE {D:/FpgaProject/XilinxProject/XC7A35T/fir_interpolation/interp4_ctrl/interp4_ctrl.runs/impl_1/board_demo_competition_dac8_top.bit} [get_hw_devices xc7a35t_0]
program_hw_devices [get_hw_devices xc7a35t_0]
INFO: [Labtools 27-3164] End of startup status: HIGH
refresh_hw_device [lindex [get_hw_devices xc7a35t_0] 0]
INFO: [Labtools 27-1434] Device xc7a35t (JTAG device index = 0) is programmed with a design that has no supported debug core(s) in it.
reset_run synth_1
launch_runs synth_1 -jobs 19
WARNING: [HDL 9-3756] overwriting previous definition of module 'demo_interp_dac8_common' [D:/FpgaProject/XilinxProject/XC7A35T/fir_interpolation/interp4_ctrl/interp4_ctrl.srcs/sources_1/imports/new/demo_interp_dac8_common_fast.v:15]
WARNING: [filemgmt 20-1318] Duplicate Design Unit 'demo_interp_dac8_common()' found in library 'xil_defaultlib'
Duplicate found at line 14 of file D:/FpgaProject/XilinxProject/XC7A35T/fir_interpolation/interp4_ctrl/interp4_ctrl.srcs/sources_1/imports/new/demo_interp_dac8_common.v
	(Active) Duplicate found at line 15 of file D:/FpgaProject/XilinxProject/XC7A35T/fir_interpolation/interp4_ctrl/interp4_ctrl.srcs/sources_1/imports/new/demo_interp_dac8_common_fast.v
[Fri Jun  5 00:50:57 2026] Launched synth_1...
Run output will be captured here: D:/FpgaProject/XilinxProject/XC7A35T/fir_interpolation/interp4_ctrl/interp4_ctrl.runs/synth_1/runme.log
launch_runs impl_1 -jobs 19
[Fri Jun  5 00:51:30 2026] Launched impl_1...
Run output will be captured here: D:/FpgaProject/XilinxProject/XC7A35T/fir_interpolation/interp4_ctrl/interp4_ctrl.runs/impl_1/runme.log
launch_runs impl_1 -to_step write_bitstream -jobs 19
[Fri Jun  5 00:52:15 2026] Launched impl_1...
Run output will be captured here: D:/FpgaProject/XilinxProject/XC7A35T/fir_interpolation/interp4_ctrl/interp4_ctrl.runs/impl_1/runme.log
set_property PROBES.FILE {} [get_hw_devices xc7a35t_0]
set_property FULL_PROBES.FILE {} [get_hw_devices xc7a35t_0]
set_property PROGRAM.FILE {D:/FpgaProject/XilinxProject/XC7A35T/fir_interpolation/interp4_ctrl/interp4_ctrl.runs/impl_1/board_demo_competition_dac8_top.bit} [get_hw_devices xc7a35t_0]
program_hw_devices [get_hw_devices xc7a35t_0]
INFO: [Labtools 27-3164] End of startup status: HIGH
refresh_hw_device [lindex [get_hw_devices xc7a35t_0] 0]
INFO: [Labtools 27-1434] Device xc7a35t (JTAG device index = 0) is programmed with a design that has no supported debug core(s) in it.
reset_run synth_1
launch_runs synth_1 -jobs 19
WARNING: [HDL 9-3756] overwriting previous definition of module 'demo_interp_dac8_common' [D:/FpgaProject/XilinxProject/XC7A35T/fir_interpolation/interp4_ctrl/interp4_ctrl.srcs/sources_1/imports/new/demo_interp_dac8_common_fast.v:15]
WARNING: [filemgmt 20-1318] Duplicate Design Unit 'demo_interp_dac8_common()' found in library 'xil_defaultlib'
Duplicate found at line 14 of file D:/FpgaProject/XilinxProject/XC7A35T/fir_interpolation/interp4_ctrl/interp4_ctrl.srcs/sources_1/imports/new/demo_interp_dac8_common.v
	(Active) Duplicate found at line 15 of file D:/FpgaProject/XilinxProject/XC7A35T/fir_interpolation/interp4_ctrl/interp4_ctrl.srcs/sources_1/imports/new/demo_interp_dac8_common_fast.v
[Fri Jun  5 01:03:07 2026] Launched synth_1...
Run output will be captured here: D:/FpgaProject/XilinxProject/XC7A35T/fir_interpolation/interp4_ctrl/interp4_ctrl.runs/synth_1/runme.log
launch_runs impl_1 -jobs 19
[Fri Jun  5 01:05:17 2026] Launched impl_1...
Run output will be captured here: D:/FpgaProject/XilinxProject/XC7A35T/fir_interpolation/interp4_ctrl/interp4_ctrl.runs/impl_1/runme.log
launch_runs impl_1 -to_step write_bitstream -jobs 19
[Fri Jun  5 01:07:16 2026] Launched impl_1...
Run output will be captured here: D:/FpgaProject/XilinxProject/XC7A35T/fir_interpolation/interp4_ctrl/interp4_ctrl.runs/impl_1/runme.log
set_property PROBES.FILE {} [get_hw_devices xc7a35t_0]
set_property FULL_PROBES.FILE {} [get_hw_devices xc7a35t_0]
set_property PROGRAM.FILE {D:/FpgaProject/XilinxProject/XC7A35T/fir_interpolation/interp4_ctrl/interp4_ctrl.runs/impl_1/board_demo_competition_dac8_top.bit} [get_hw_devices xc7a35t_0]
program_hw_devices [get_hw_devices xc7a35t_0]
INFO: [Labtools 27-3164] End of startup status: HIGH
refresh_hw_device [lindex [get_hw_devices xc7a35t_0] 0]
INFO: [Labtools 27-1434] Device xc7a35t (JTAG device index = 0) is programmed with a design that has no supported debug core(s) in it.
reset_run synth_1
launch_runs synth_1 -jobs 19
WARNING: [HDL 9-3756] overwriting previous definition of module 'demo_interp_dac8_common' [D:/FpgaProject/XilinxProject/XC7A35T/fir_interpolation/interp4_ctrl/interp4_ctrl.srcs/sources_1/imports/new/demo_interp_dac8_common_fast.v:15]
WARNING: [filemgmt 20-1318] Duplicate Design Unit 'demo_interp_dac8_common()' found in library 'xil_defaultlib'
Duplicate found at line 14 of file D:/FpgaProject/XilinxProject/XC7A35T/fir_interpolation/interp4_ctrl/interp4_ctrl.srcs/sources_1/imports/new/demo_interp_dac8_common.v
	(Active) Duplicate found at line 15 of file D:/FpgaProject/XilinxProject/XC7A35T/fir_interpolation/interp4_ctrl/interp4_ctrl.srcs/sources_1/imports/new/demo_interp_dac8_common_fast.v
[Fri Jun  5 01:33:31 2026] Launched synth_1...
Run output will be captured here: D:/FpgaProject/XilinxProject/XC7A35T/fir_interpolation/interp4_ctrl/interp4_ctrl.runs/synth_1/runme.log
launch_runs impl_1 -jobs 19
[Fri Jun  5 01:36:03 2026] Launched impl_1...
Run output will be captured here: D:/FpgaProject/XilinxProject/XC7A35T/fir_interpolation/interp4_ctrl/interp4_ctrl.runs/impl_1/runme.log
launch_runs impl_1 -to_step write_bitstream -jobs 19
[Fri Jun  5 01:37:58 2026] Launched impl_1...
Run output will be captured here: D:/FpgaProject/XilinxProject/XC7A35T/fir_interpolation/interp4_ctrl/interp4_ctrl.runs/impl_1/runme.log
set_property PROBES.FILE {} [get_hw_devices xc7a35t_0]
set_property FULL_PROBES.FILE {} [get_hw_devices xc7a35t_0]
set_property PROGRAM.FILE {D:/FpgaProject/XilinxProject/XC7A35T/fir_interpolation/interp4_ctrl/interp4_ctrl.runs/impl_1/board_demo_competition_dac8_top.bit} [get_hw_devices xc7a35t_0]
program_hw_devices [get_hw_devices xc7a35t_0]
INFO: [Labtools 27-3164] End of startup status: HIGH
refresh_hw_device [lindex [get_hw_devices xc7a35t_0] 0]
INFO: [Labtools 27-1434] Device xc7a35t (JTAG device index = 0) is programmed with a design that has no supported debug core(s) in it.
update_compile_order -fileset sources_1
reset_run synth_1
launch_runs synth_1 -jobs 19
WARNING: [HDL 9-3756] overwriting previous definition of module 'demo_interp_dac8_common' [D:/FpgaProject/XilinxProject/XC7A35T/fir_interpolation/interp4_ctrl/interp4_ctrl.srcs/sources_1/imports/new/demo_interp_dac8_common_fast.v:15]
CRITICAL WARNING: [HDL 9-806] Syntax error near "end". [D:/FpgaProject/XilinxProject/XC7A35T/fir_interpolation/interp4_ctrl/interp4_ctrl.srcs/sources_1/new/demo_interp_dac8_mmcm_common.v:358]
CRITICAL WARNING: [HDL 9-806] Syntax error near "end". [D:/FpgaProject/XilinxProject/XC7A35T/fir_interpolation/interp4_ctrl/interp4_ctrl.srcs/sources_1/new/demo_interp_dac8_mmcm_common.v:401]
CRITICAL WARNING: [HDL 9-806] Syntax error near ";". [D:/FpgaProject/XilinxProject/XC7A35T/fir_interpolation/interp4_ctrl/interp4_ctrl.srcs/sources_1/new/demo_interp_dac8_mmcm_common.v:454]
WARNING: [filemgmt 20-1318] Duplicate Design Unit 'demo_interp_dac8_common()' found in library 'xil_defaultlib'
Duplicate found at line 14 of file D:/FpgaProject/XilinxProject/XC7A35T/fir_interpolation/interp4_ctrl/interp4_ctrl.srcs/sources_1/imports/new/demo_interp_dac8_common.v
	(Active) Duplicate found at line 15 of file D:/FpgaProject/XilinxProject/XC7A35T/fir_interpolation/interp4_ctrl/interp4_ctrl.srcs/sources_1/imports/new/demo_interp_dac8_common_fast.v
[Fri Jun  5 01:49:16 2026] Launched synth_1...
Run output will be captured here: D:/FpgaProject/XilinxProject/XC7A35T/fir_interpolation/interp4_ctrl/interp4_ctrl.runs/synth_1/runme.log
reset_run synth_1
launch_runs synth_1 -jobs 19
WARNING: [HDL 9-3756] overwriting previous definition of module 'demo_interp_dac8_common' [D:/FpgaProject/XilinxProject/XC7A35T/fir_interpolation/interp4_ctrl/interp4_ctrl.srcs/sources_1/imports/new/demo_interp_dac8_common_fast.v:15]
CRITICAL WARNING: [HDL 9-806] Syntax error near "end". [D:/FpgaProject/XilinxProject/XC7A35T/fir_interpolation/interp4_ctrl/interp4_ctrl.srcs/sources_1/new/demo_interp_dac8_mmcm_common.v:358]
CRITICAL WARNING: [HDL 9-806] Syntax error near "end". [D:/FpgaProject/XilinxProject/XC7A35T/fir_interpolation/interp4_ctrl/interp4_ctrl.srcs/sources_1/new/demo_interp_dac8_mmcm_common.v:401]
CRITICAL WARNING: [HDL 9-806] Syntax error near ";". [D:/FpgaProject/XilinxProject/XC7A35T/fir_interpolation/interp4_ctrl/interp4_ctrl.srcs/sources_1/new/demo_interp_dac8_mmcm_common.v:454]
WARNING: [filemgmt 20-1318] Duplicate Design Unit 'demo_interp_dac8_common()' found in library 'xil_defaultlib'
Duplicate found at line 14 of file D:/FpgaProject/XilinxProject/XC7A35T/fir_interpolation/interp4_ctrl/interp4_ctrl.srcs/sources_1/imports/new/demo_interp_dac8_common.v
	(Active) Duplicate found at line 15 of file D:/FpgaProject/XilinxProject/XC7A35T/fir_interpolation/interp4_ctrl/interp4_ctrl.srcs/sources_1/imports/new/demo_interp_dac8_common_fast.v
[Fri Jun  5 01:50:07 2026] Launched synth_1...
Run output will be captured here: D:/FpgaProject/XilinxProject/XC7A35T/fir_interpolation/interp4_ctrl/interp4_ctrl.runs/synth_1/runme.log
update_compile_order -fileset sources_1
reset_run synth_1
launch_runs synth_1 -jobs 19
WARNING: [HDL 9-3756] overwriting previous definition of module 'demo_interp_dac8_common' [D:/FpgaProject/XilinxProject/XC7A35T/fir_interpolation/interp4_ctrl/interp4_ctrl.srcs/sources_1/imports/new/demo_interp_dac8_common_fast.v:15]
WARNING: [filemgmt 20-1318] Duplicate Design Unit 'demo_interp_dac8_common()' found in library 'xil_defaultlib'
Duplicate found at line 14 of file D:/FpgaProject/XilinxProject/XC7A35T/fir_interpolation/interp4_ctrl/interp4_ctrl.srcs/sources_1/imports/new/demo_interp_dac8_common.v
	(Active) Duplicate found at line 15 of file D:/FpgaProject/XilinxProject/XC7A35T/fir_interpolation/interp4_ctrl/interp4_ctrl.srcs/sources_1/imports/new/demo_interp_dac8_common_fast.v
[Fri Jun  5 01:55:50 2026] Launched synth_1...
Run output will be captured here: D:/FpgaProject/XilinxProject/XC7A35T/fir_interpolation/interp4_ctrl/interp4_ctrl.runs/synth_1/runme.log
launch_runs impl_1 -jobs 19
[Fri Jun  5 01:58:26 2026] Launched impl_1...
Run output will be captured here: D:/FpgaProject/XilinxProject/XC7A35T/fir_interpolation/interp4_ctrl/interp4_ctrl.runs/impl_1/runme.log
launch_runs impl_1 -to_step write_bitstream -jobs 19
[Fri Jun  5 02:00:24 2026] Launched impl_1...
Run output will be captured here: D:/FpgaProject/XilinxProject/XC7A35T/fir_interpolation/interp4_ctrl/interp4_ctrl.runs/impl_1/runme.log
set_property PROBES.FILE {} [get_hw_devices xc7a35t_0]
set_property FULL_PROBES.FILE {} [get_hw_devices xc7a35t_0]
set_property PROGRAM.FILE {D:/FpgaProject/XilinxProject/XC7A35T/fir_interpolation/interp4_ctrl/interp4_ctrl.runs/impl_1/board_demo_competition_dac8_top.bit} [get_hw_devices xc7a35t_0]
program_hw_devices [get_hw_devices xc7a35t_0]
INFO: [Labtools 27-3164] End of startup status: HIGH
refresh_hw_device [lindex [get_hw_devices xc7a35t_0] 0]
INFO: [Labtools 27-1434] Device xc7a35t (JTAG device index = 0) is programmed with a design that has no supported debug core(s) in it.
reset_run synth_1
launch_runs synth_1 -jobs 19
WARNING: [HDL 9-3756] overwriting previous definition of module 'demo_interp_dac8_common' [D:/FpgaProject/XilinxProject/XC7A35T/fir_interpolation/interp4_ctrl/interp4_ctrl.srcs/sources_1/imports/new/demo_interp_dac8_common_fast.v:15]
WARNING: [filemgmt 20-1318] Duplicate Design Unit 'demo_interp_dac8_common()' found in library 'xil_defaultlib'
Duplicate found at line 14 of file D:/FpgaProject/XilinxProject/XC7A35T/fir_interpolation/interp4_ctrl/interp4_ctrl.srcs/sources_1/imports/new/demo_interp_dac8_common.v
	(Active) Duplicate found at line 15 of file D:/FpgaProject/XilinxProject/XC7A35T/fir_interpolation/interp4_ctrl/interp4_ctrl.srcs/sources_1/imports/new/demo_interp_dac8_common_fast.v
[Fri Jun  5 02:08:33 2026] Launched synth_1...
Run output will be captured here: D:/FpgaProject/XilinxProject/XC7A35T/fir_interpolation/interp4_ctrl/interp4_ctrl.runs/synth_1/runme.log
launch_runs impl_1 -jobs 19
[Fri Jun  5 02:11:02 2026] Launched impl_1...
Run output will be captured here: D:/FpgaProject/XilinxProject/XC7A35T/fir_interpolation/interp4_ctrl/interp4_ctrl.runs/impl_1/runme.log
launch_runs impl_1 -to_step write_bitstream -jobs 19
[Fri Jun  5 02:13:01 2026] Launched impl_1...
Run output will be captured here: D:/FpgaProject/XilinxProject/XC7A35T/fir_interpolation/interp4_ctrl/interp4_ctrl.runs/impl_1/runme.log
set_property PROBES.FILE {} [get_hw_devices xc7a35t_0]
set_property FULL_PROBES.FILE {} [get_hw_devices xc7a35t_0]
set_property PROGRAM.FILE {D:/FpgaProject/XilinxProject/XC7A35T/fir_interpolation/interp4_ctrl/interp4_ctrl.runs/impl_1/board_demo_competition_dac8_top.bit} [get_hw_devices xc7a35t_0]
program_hw_devices [get_hw_devices xc7a35t_0]
INFO: [Labtools 27-3164] End of startup status: HIGH
refresh_hw_device [lindex [get_hw_devices xc7a35t_0] 0]
INFO: [Labtools 27-1434] Device xc7a35t (JTAG device index = 0) is programmed with a design that has no supported debug core(s) in it.
exit
INFO: [Common 17-206] Exiting Vivado at Fri Jun  5 02:27:05 2026...
