#-----------------------------------------------------------
# Vivado v2018.3 (64-bit)
# SW Build 2405991 on Thu Dec  6 23:38:27 MST 2018
# IP Build 2404404 on Fri Dec  7 01:43:56 MST 2018
# Start of session at: Wed Jun  3 21:56:54 2026
# Process ID: 35096
# Current directory: D:/FpgaProject/XilinxProject/XC7A35T/fir_interpolation/interp4_ctrl
# Command line: vivado.exe -gui_launcher_event rodinguilauncherevent49708 D:\FpgaProject\XilinxProject\XC7A35T\fir_interpolation\interp4_ctrl\interp4_ctrl.xpr
# Log file: D:/FpgaProject/XilinxProject/XC7A35T/fir_interpolation/interp4_ctrl/vivado.log
# Journal file: D:/FpgaProject/XilinxProject/XC7A35T/fir_interpolation/interp4_ctrl\vivado.jou
#-----------------------------------------------------------
start_gui
open_project D:/FpgaProject/XilinxProject/XC7A35T/fir_interpolation/interp4_ctrl/interp4_ctrl.xpr
INFO: [Project 1-313] Project file moved from 'D:/20260128learn/fpga_class/interp4_ctrl' since last save.
Scanning sources...
Finished scanning sources
INFO: [IP_Flow 19-234] Refreshing IP repositories
INFO: [IP_Flow 19-1704] No user IP repositories specified
INFO: [IP_Flow 19-2313] Loaded Vivado IP repository 'E:/app/Xilinx2018.3/Vivado/2018.3/data/ip'.
open_project: Time (s): cpu = 00:00:11 ; elapsed = 00:00:09 . Memory (MB): peak = 758.164 ; gain = 113.723
update_compile_order -fileset sources_1
reset_run synth_1
launch_runs synth_1 -jobs 19
WARNING: [HDL 9-3756] overwriting previous definition of module 'demo_interp_dac8_common' [D:/FpgaProject/XilinxProject/XC7A35T/fir_interpolation/interp4_ctrl/interp4_ctrl.srcs/sources_1/imports/new/demo_interp_dac8_common_fast.v:15]
WARNING: [filemgmt 20-1318] Duplicate Design Unit 'demo_interp_dac8_common()' found in library 'xil_defaultlib'
Duplicate found at line 14 of file D:/FpgaProject/XilinxProject/XC7A35T/fir_interpolation/interp4_ctrl/interp4_ctrl.srcs/sources_1/imports/new/demo_interp_dac8_common.v
	(Active) Duplicate found at line 15 of file D:/FpgaProject/XilinxProject/XC7A35T/fir_interpolation/interp4_ctrl/interp4_ctrl.srcs/sources_1/imports/new/demo_interp_dac8_common_fast.v
[Wed Jun  3 21:59:04 2026] Launched synth_1...
Run output will be captured here: D:/FpgaProject/XilinxProject/XC7A35T/fir_interpolation/interp4_ctrl/interp4_ctrl.runs/synth_1/runme.log
launch_runs impl_1 -jobs 19
[Wed Jun  3 22:05:42 2026] Launched impl_1...
Run output will be captured here: D:/FpgaProject/XilinxProject/XC7A35T/fir_interpolation/interp4_ctrl/interp4_ctrl.runs/impl_1/runme.log
launch_runs impl_1 -to_step write_bitstream -jobs 19
[Wed Jun  3 22:08:11 2026] Launched impl_1...
Run output will be captured here: D:/FpgaProject/XilinxProject/XC7A35T/fir_interpolation/interp4_ctrl/interp4_ctrl.runs/impl_1/runme.log
open_hw
connect_hw_server
INFO: [Labtools 27-2285] Connecting to hw_server url TCP:localhost:3121
INFO: [Labtools 27-2222] Launching hw_server...
INFO: [Labtools 27-2221] Launch Output:

****** Xilinx hw_server v2018.3
  **** Build date : Dec  7 2018-00:40:27
    ** Copyright 1986-2018 Xilinx, Inc. All Rights Reserved.


open_hw_target
INFO: [Labtoolstcl 44-466] Opening hw_target localhost:3121/xilinx_tcf/Digilent/SULEE2409455
ERROR: [Labtools 27-2269] No devices detected on target localhost:3121/xilinx_tcf/Digilent/SULEE2409455.
Check cable connectivity and that the target board is powered up then
use the disconnect_hw_server and connect_hw_server to re-register this hardware target.
ERROR: [Common 17-39] 'open_hw_target' failed due to earlier errors.
create_hw_cfgmem -hw_device [lindex [get_hw_devices xc7a35t_0] 0] [lindex [get_cfgmem_parts {mt25ql128-spi-x1_x2_x4}] 0]
set_property PROGRAM.BLANK_CHECK  0 [ get_property PROGRAM.HW_CFGMEM [lindex [get_hw_devices xc7a35t_0] 0]]
set_property PROGRAM.ERASE  1 [ get_property PROGRAM.HW_CFGMEM [lindex [get_hw_devices xc7a35t_0] 0]]
set_property PROGRAM.CFG_PROGRAM  1 [ get_property PROGRAM.HW_CFGMEM [lindex [get_hw_devices xc7a35t_0] 0]]
set_property PROGRAM.VERIFY  1 [ get_property PROGRAM.HW_CFGMEM [lindex [get_hw_devices xc7a35t_0] 0]]
set_property PROGRAM.CHECKSUM  0 [ get_property PROGRAM.HW_CFGMEM [lindex [get_hw_devices xc7a35t_0] 0]]
refresh_hw_device [lindex [get_hw_devices xc7a35t_0] 0]
INFO: [Labtools 27-2302] Device xc7a35t (JTAG device index = 0) is programmed with a design that has 1 ILA core(s).
WARNING: [Labtools 27-1347] Unable to find Debug Probes file []. Please update hw_device property [PROBES.FILE]
 Update of hw_probe objects, will be skipped.
WARNING: [Labtools 27-1974] Mismatch between the design programmed into the device xc7a35t_0 and the probes file(s) .
The device design has 1 ILA core(s) and 0 VIO core(s). 0 ILA core(s) and 0 VIO core(s) are matched in the probes file(s).
Resolution: 
1. Reprogram device with the correct programming file and associated probes file(s) OR
2. Goto device properties and associate the correct probes file(s) with the programming file already programmed in the device.
set_property PROBES.FILE {} [get_hw_devices xc7a35t_0]
set_property FULL_PROBES.FILE {} [get_hw_devices xc7a35t_0]
set_property PROGRAM.FILE {D:/FpgaProject/XilinxProject/XC7A35T/fir_interpolation/interp4_ctrl/interp4_ctrl.runs/impl_1/board_demo_competition_dac8_top.bit} [get_hw_devices xc7a35t_0]
program_hw_devices [get_hw_devices xc7a35t_0]
INFO: [Labtools 27-3164] End of startup status: HIGH
refresh_hw_device [lindex [get_hw_devices xc7a35t_0] 0]
INFO: [Labtools 27-1434] Device xc7a35t (JTAG device index = 0) is programmed with a design that has no supported debug core(s) in it.
close_hw
reset_run synth_1
WARNING: [Vivado 12-1017] Problems encountered:
1. Failed to delete one or more files in run directory D:/FpgaProject/XilinxProject/XC7A35T/fir_interpolation/interp4_ctrl/interp4_ctrl.runs/synth_1

launch_runs synth_1 -jobs 19
WARNING: [HDL 9-3756] overwriting previous definition of module 'demo_interp_dac8_common' [D:/FpgaProject/XilinxProject/XC7A35T/fir_interpolation/interp4_ctrl/interp4_ctrl.srcs/sources_1/imports/new/demo_interp_dac8_common_fast.v:15]
WARNING: [filemgmt 20-1318] Duplicate Design Unit 'demo_interp_dac8_common()' found in library 'xil_defaultlib'
Duplicate found at line 14 of file D:/FpgaProject/XilinxProject/XC7A35T/fir_interpolation/interp4_ctrl/interp4_ctrl.srcs/sources_1/imports/new/demo_interp_dac8_common.v
	(Active) Duplicate found at line 15 of file D:/FpgaProject/XilinxProject/XC7A35T/fir_interpolation/interp4_ctrl/interp4_ctrl.srcs/sources_1/imports/new/demo_interp_dac8_common_fast.v
[Wed Jun  3 22:25:00 2026] Launched synth_1...
Run output will be captured here: D:/FpgaProject/XilinxProject/XC7A35T/fir_interpolation/interp4_ctrl/interp4_ctrl.runs/synth_1/runme.log
launch_runs impl_1 -jobs 19
[Wed Jun  3 22:32:29 2026] Launched impl_1...
Run output will be captured here: D:/FpgaProject/XilinxProject/XC7A35T/fir_interpolation/interp4_ctrl/interp4_ctrl.runs/impl_1/runme.log
launch_runs impl_1 -to_step write_bitstream -jobs 19
[Wed Jun  3 22:37:32 2026] Launched impl_1...
Run output will be captured here: D:/FpgaProject/XilinxProject/XC7A35T/fir_interpolation/interp4_ctrl/interp4_ctrl.runs/impl_1/runme.log
open_hw
connect_hw_server
INFO: [Labtools 27-2285] Connecting to hw_server url TCP:localhost:3121
INFO: [Labtools 27-2222] Launching hw_server...
INFO: [Labtools 27-2221] Launch Output:

****** Xilinx hw_server v2018.3
  **** Build date : Dec  7 2018-00:40:27
    ** Copyright 1986-2018 Xilinx, Inc. All Rights Reserved.


open_hw_target
INFO: [Labtoolstcl 44-466] Opening hw_target localhost:3121/xilinx_tcf/Digilent/SULEE2409455
set_property PROGRAM.FILE {D:/FpgaProject/XilinxProject/XC7A35T/fir_interpolation/interp4_ctrl/interp4_ctrl.runs/impl_1/board_demo_competition_dac8_top.bit} [get_hw_devices xc7a35t_0]
current_hw_device [get_hw_devices xc7a35t_0]
refresh_hw_device -update_hw_probes false [lindex [get_hw_devices xc7a35t_0] 0]
INFO: [Labtools 27-1434] Device xc7a35t (JTAG device index = 0) is programmed with a design that has no supported debug core(s) in it.
create_hw_cfgmem -hw_device [get_hw_devices xc7a35t_0] -mem_dev [lindex [get_cfgmem_parts {mt25ql128-spi-x1_x2_x4}] 0]
delete_hw_cfgmem [ get_property PROGRAM.HW_CFGMEM [get_hw_devices xc7a35t_0 ]]
create_hw_cfgmem -hw_device [lindex [get_hw_devices xc7a35t_0] 0] [lindex [get_cfgmem_parts {mx25u12835f-spi-x1_x2_x4}] 0]
set_property PROGRAM.BLANK_CHECK  0 [ get_property PROGRAM.HW_CFGMEM [lindex [get_hw_devices xc7a35t_0] 0]]
set_property PROGRAM.ERASE  1 [ get_property PROGRAM.HW_CFGMEM [lindex [get_hw_devices xc7a35t_0] 0]]
set_property PROGRAM.CFG_PROGRAM  1 [ get_property PROGRAM.HW_CFGMEM [lindex [get_hw_devices xc7a35t_0] 0]]
set_property PROGRAM.VERIFY  1 [ get_property PROGRAM.HW_CFGMEM [lindex [get_hw_devices xc7a35t_0] 0]]
set_property PROGRAM.CHECKSUM  0 [ get_property PROGRAM.HW_CFGMEM [lindex [get_hw_devices xc7a35t_0] 0]]
refresh_hw_device [lindex [get_hw_devices xc7a35t_0] 0]
INFO: [Labtools 27-1434] Device xc7a35t (JTAG device index = 0) is programmed with a design that has no supported debug core(s) in it.
set_property STEPS.WRITE_BITSTREAM.ARGS.BIN_FILE true [get_runs impl_1]
reset_run impl_1 -prev_step 
launch_runs impl_1 -to_step write_bitstream -jobs 19
[Wed Jun  3 22:46:49 2026] Launched impl_1...
Run output will be captured here: D:/FpgaProject/XilinxProject/XC7A35T/fir_interpolation/interp4_ctrl/interp4_ctrl.runs/impl_1/runme.log
set_property PROGRAM.FILES "D:/FpgaProject/XilinxProject/XC7A35T/fir_interpolation/interp4_ctrl/interp4_ctrl.runs/impl_1/board_demo_competition_dac8_top.bin" [ get_property PROGRAM.HW_CFGMEM [lindex [get_hw_devices xc7a35t_0] 0]]
set_property PROBES.FILE {} [get_hw_devices xc7a35t_0]
set_property FULL_PROBES.FILE {} [get_hw_devices xc7a35t_0]
set_property PROGRAM.FILE {D:/FpgaProject/XilinxProject/XC7A35T/fir_interpolation/interp4_ctrl/interp4_ctrl.runs/impl_1/board_demo_competition_dac8_top.bit} [get_hw_devices xc7a35t_0]
program_hw_devices [get_hw_devices xc7a35t_0]
INFO: [Labtools 27-3164] End of startup status: HIGH
refresh_hw_device [lindex [get_hw_devices xc7a35t_0] 0]
INFO: [Labtools 27-1434] Device xc7a35t (JTAG device index = 0) is programmed with a design that has no supported debug core(s) in it.
open_run synth_1 -name synth_1
Design is defaulting to impl run constrset: constrs_1
Design is defaulting to synth run part: xc7a35tfgg484-2
INFO: [Project 1-454] Reading design checkpoint 'd:/FpgaProject/XilinxProject/XC7A35T/fir_interpolation/interp4_ctrl/interp4_ctrl.srcs/sources_1/ip/clk_wiz_audio_44k1/clk_wiz_audio_44k1.dcp' for cell 'u_clk_wiz_audio_44k1'
INFO: [Project 1-454] Reading design checkpoint 'd:/FpgaProject/XilinxProject/XC7A35T/fir_interpolation/interp4_ctrl/interp4_ctrl.srcs/sources_1/ip/clk_wiz_audio_48k/clk_wiz_audio_48k.dcp' for cell 'u_clk_wiz_audio_48k'
INFO: [Netlist 29-17] Analyzing 4047 Unisim elements for replacement
INFO: [Netlist 29-28] Unisim Transformation completed in 0 CPU seconds
INFO: [Project 1-479] Netlist was created with Vivado 2018.3
INFO: [Device 21-403] Loading part xc7a35tfgg484-2
INFO: [Project 1-570] Preparing netlist for logic optimization
Parsing XDC File [d:/FpgaProject/XilinxProject/XC7A35T/fir_interpolation/interp4_ctrl/interp4_ctrl.srcs/sources_1/ip/clk_wiz_audio_44k1/clk_wiz_audio_44k1_board.xdc] for cell 'u_clk_wiz_audio_44k1/inst'
Finished Parsing XDC File [d:/FpgaProject/XilinxProject/XC7A35T/fir_interpolation/interp4_ctrl/interp4_ctrl.srcs/sources_1/ip/clk_wiz_audio_44k1/clk_wiz_audio_44k1_board.xdc] for cell 'u_clk_wiz_audio_44k1/inst'
Parsing XDC File [d:/FpgaProject/XilinxProject/XC7A35T/fir_interpolation/interp4_ctrl/interp4_ctrl.srcs/sources_1/ip/clk_wiz_audio_44k1/clk_wiz_audio_44k1.xdc] for cell 'u_clk_wiz_audio_44k1/inst'
Finished Parsing XDC File [d:/FpgaProject/XilinxProject/XC7A35T/fir_interpolation/interp4_ctrl/interp4_ctrl.srcs/sources_1/ip/clk_wiz_audio_44k1/clk_wiz_audio_44k1.xdc] for cell 'u_clk_wiz_audio_44k1/inst'
Parsing XDC File [d:/FpgaProject/XilinxProject/XC7A35T/fir_interpolation/interp4_ctrl/interp4_ctrl.srcs/sources_1/ip/clk_wiz_audio_48k/clk_wiz_audio_48k_board.xdc] for cell 'u_clk_wiz_audio_48k/inst'
Finished Parsing XDC File [d:/FpgaProject/XilinxProject/XC7A35T/fir_interpolation/interp4_ctrl/interp4_ctrl.srcs/sources_1/ip/clk_wiz_audio_48k/clk_wiz_audio_48k_board.xdc] for cell 'u_clk_wiz_audio_48k/inst'
Parsing XDC File [d:/FpgaProject/XilinxProject/XC7A35T/fir_interpolation/interp4_ctrl/interp4_ctrl.srcs/sources_1/ip/clk_wiz_audio_48k/clk_wiz_audio_48k.xdc] for cell 'u_clk_wiz_audio_48k/inst'
Finished Parsing XDC File [d:/FpgaProject/XilinxProject/XC7A35T/fir_interpolation/interp4_ctrl/interp4_ctrl.srcs/sources_1/ip/clk_wiz_audio_48k/clk_wiz_audio_48k.xdc] for cell 'u_clk_wiz_audio_48k/inst'
Parsing XDC File [D:/FpgaProject/XilinxProject/XC7A35T/fir_interpolation/interp4_ctrl/interp4_ctrl.srcs/constrs_1/new/board_demo_competition_dac8_top.xdc]
Finished Parsing XDC File [D:/FpgaProject/XilinxProject/XC7A35T/fir_interpolation/interp4_ctrl/interp4_ctrl.srcs/constrs_1/new/board_demo_competition_dac8_top.xdc]
Parsing XDC File [d:/FpgaProject/XilinxProject/XC7A35T/fir_interpolation/interp4_ctrl/interp4_ctrl.srcs/sources_1/ip/clk_wiz_audio_44k1/clk_wiz_audio_44k1_late.xdc] for cell 'u_clk_wiz_audio_44k1/inst'
Finished Parsing XDC File [d:/FpgaProject/XilinxProject/XC7A35T/fir_interpolation/interp4_ctrl/interp4_ctrl.srcs/sources_1/ip/clk_wiz_audio_44k1/clk_wiz_audio_44k1_late.xdc] for cell 'u_clk_wiz_audio_44k1/inst'
Parsing XDC File [d:/FpgaProject/XilinxProject/XC7A35T/fir_interpolation/interp4_ctrl/interp4_ctrl.srcs/sources_1/ip/clk_wiz_audio_48k/clk_wiz_audio_48k_late.xdc] for cell 'u_clk_wiz_audio_48k/inst'
Finished Parsing XDC File [d:/FpgaProject/XilinxProject/XC7A35T/fir_interpolation/interp4_ctrl/interp4_ctrl.srcs/sources_1/ip/clk_wiz_audio_48k/clk_wiz_audio_48k_late.xdc] for cell 'u_clk_wiz_audio_48k/inst'
INFO: [Opt 31-138] Pushed 0 inverter(s) to 0 load pin(s).
Netlist sorting complete. Time (s): cpu = 00:00:00 ; elapsed = 00:00:00.003 . Memory (MB): peak = 2790.816 ; gain = 0.000
INFO: [Project 1-111] Unisim Transformation Summary:
No Unisim elements were transformed.

open_run: Time (s): cpu = 00:00:23 ; elapsed = 00:00:20 . Memory (MB): peak = 2989.234 ; gain = 1029.262
report_utilization -name utilization_1
open_run impl_1
INFO: [Netlist 29-17] Analyzing 4047 Unisim elements for replacement
INFO: [Netlist 29-28] Unisim Transformation completed in 0 CPU seconds
INFO: [Project 1-479] Netlist was created with Vivado 2018.3
INFO: [Project 1-570] Preparing netlist for logic optimization
INFO: [Timing 38-478] Restoring timing data from binary archive.
INFO: [Timing 38-479] Binary timing data restore complete.
INFO: [Project 1-856] Restoring constraints from binary archive.
INFO: [Project 1-853] Binary constraint restore complete.
Reading XDEF placement.
Reading placer database...
Reading XDEF routing.
Read XDEF File: Time (s): cpu = 00:00:01 ; elapsed = 00:00:01 . Memory (MB): peak = 3165.938 ; gain = 27.641
Restored from archive | CPU: 1.000000 secs | Memory: 0.000000 MB |
Finished XDEF File Restore: Time (s): cpu = 00:00:01 ; elapsed = 00:00:01 . Memory (MB): peak = 3165.938 ; gain = 27.641
Netlist sorting complete. Time (s): cpu = 00:00:00 ; elapsed = 00:00:00.003 . Memory (MB): peak = 3165.938 ; gain = 0.000
INFO: [Project 1-111] Unisim Transformation Summary:
No Unisim elements were transformed.

open_run: Time (s): cpu = 00:00:08 ; elapsed = 00:00:06 . Memory (MB): peak = 3243.688 ; gain = 254.453
report_timing_summary -delay_type min_max -report_unconstrained -check_timing_verbose -max_paths 10 -input_pins -routable_nets -name timing_1
INFO: [Timing 38-91] UpdateTimingParams: Speed grade: -2, Delay Type: min_max.
INFO: [Timing 38-191] Multithreading enabled for timing update using a maximum of 2 CPUs
report_timing_summary: Time (s): cpu = 00:00:10 ; elapsed = 00:00:05 . Memory (MB): peak = 3698.863 ; gain = 14.344
report_power -name {power_1}
Command: report_power -name power_1
Running Vector-less Activity Propagation...

Finished Running Vector-less Activity Propagation
0 Infos, 0 Warnings, 0 Critical Warnings and 0 Errors encountered.
report_power completed successfully
report_power: Time (s): cpu = 00:00:09 ; elapsed = 00:00:06 . Memory (MB): peak = 3962.523 ; gain = 263.402
ERROR: [Labtoolstcl 44-513] HW Target shutdown. Closing target: localhost:3121/xilinx_tcf/Digilent/SULEE2409455
close_hw
reset_run synth_1
WARNING: [Vivado 12-1017] Problems encountered:
1. Failed to delete one or more files in run directory D:/FpgaProject/XilinxProject/XC7A35T/fir_interpolation/interp4_ctrl/interp4_ctrl.runs/synth_1

launch_runs synth_1 -jobs 19
WARNING: [HDL 9-3756] overwriting previous definition of module 'demo_interp_dac8_common' [D:/FpgaProject/XilinxProject/XC7A35T/fir_interpolation/interp4_ctrl/interp4_ctrl.srcs/sources_1/imports/new/demo_interp_dac8_common_fast.v:15]
WARNING: [filemgmt 20-1318] Duplicate Design Unit 'demo_interp_dac8_common()' found in library 'xil_defaultlib'
Duplicate found at line 14 of file D:/FpgaProject/XilinxProject/XC7A35T/fir_interpolation/interp4_ctrl/interp4_ctrl.srcs/sources_1/imports/new/demo_interp_dac8_common.v
	(Active) Duplicate found at line 15 of file D:/FpgaProject/XilinxProject/XC7A35T/fir_interpolation/interp4_ctrl/interp4_ctrl.srcs/sources_1/imports/new/demo_interp_dac8_common_fast.v
[Wed Jun  3 23:38:58 2026] Launched synth_1...
Run output will be captured here: D:/FpgaProject/XilinxProject/XC7A35T/fir_interpolation/interp4_ctrl/interp4_ctrl.runs/synth_1/runme.log
launch_runs impl_1 -jobs 19
WARNING: [Project 1-478] Design 'synth_1' is stale and will not be used when launching 'impl_1'
[Wed Jun  3 23:44:48 2026] Launched impl_1...
Run output will be captured here: D:/FpgaProject/XilinxProject/XC7A35T/fir_interpolation/interp4_ctrl/interp4_ctrl.runs/impl_1/runme.log
launch_runs impl_1 -to_step write_bitstream -jobs 19
[Wed Jun  3 23:50:42 2026] Launched impl_1...
Run output will be captured here: D:/FpgaProject/XilinxProject/XC7A35T/fir_interpolation/interp4_ctrl/interp4_ctrl.runs/impl_1/runme.log
open_hw
connect_hw_server
INFO: [Labtools 27-2285] Connecting to hw_server url TCP:localhost:3121
INFO: [Labtools 27-2222] Launching hw_server...
INFO: [Labtools 27-2221] Launch Output:

****** Xilinx hw_server v2018.3
  **** Build date : Dec  7 2018-00:40:27
    ** Copyright 1986-2018 Xilinx, Inc. All Rights Reserved.


open_hw_target
INFO: [Labtoolstcl 44-466] Opening hw_target localhost:3121/xilinx_tcf/Digilent/SULEE2409455
set_property PROGRAM.FILE {D:/FpgaProject/XilinxProject/XC7A35T/fir_interpolation/interp4_ctrl/interp4_ctrl.runs/impl_1/board_demo_competition_dac8_top.bit} [get_hw_devices xc7a35t_0]
current_hw_device [get_hw_devices xc7a35t_0]
refresh_hw_device -update_hw_probes false [lindex [get_hw_devices xc7a35t_0] 0]
INFO: [Labtools 27-1434] Device xc7a35t (JTAG device index = 0) is programmed with a design that has no supported debug core(s) in it.
create_hw_cfgmem -hw_device [get_hw_devices xc7a35t_0] -mem_dev [lindex [get_cfgmem_parts {mx25u12835f-spi-x1_x2_x4}] 0]
set_property PROBES.FILE {} [get_hw_devices xc7a35t_0]
set_property FULL_PROBES.FILE {} [get_hw_devices xc7a35t_0]
set_property PROGRAM.FILE {D:/FpgaProject/XilinxProject/XC7A35T/fir_interpolation/interp4_ctrl/interp4_ctrl.runs/impl_1/board_demo_competition_dac8_top.bit} [get_hw_devices xc7a35t_0]
program_hw_devices [get_hw_devices xc7a35t_0]
INFO: [Labtools 27-3164] End of startup status: HIGH
refresh_hw_device [lindex [get_hw_devices xc7a35t_0] 0]
INFO: [Labtools 27-1434] Device xc7a35t (JTAG device index = 0) is programmed with a design that has no supported debug core(s) in it.
close_hw
exit
INFO: [Common 17-206] Exiting Vivado at Thu Jun  4 00:23:24 2026...
