#-----------------------------------------------------------
# Vivado v2018.3 (64-bit)
# SW Build 2405991 on Thu Dec  6 23:38:27 MST 2018
# IP Build 2404404 on Fri Dec  7 01:43:56 MST 2018
# Start of session at: Sat Jun 20 15:18:57 2026
# Process ID: 38320
# Current directory: D:/FpgaProject/XilinxProject/XC7A35T/fir_interpolation/XC7A35T_interp
# Command line: vivado.exe -gui_launcher_event rodinguilauncherevent50536 D:\FpgaProject\XilinxProject\XC7A35T\fir_interpolation\XC7A35T_interp\XC7A35T_interp.xpr
# Log file: D:/FpgaProject/XilinxProject/XC7A35T/fir_interpolation/XC7A35T_interp/vivado.log
# Journal file: D:/FpgaProject/XilinxProject/XC7A35T/fir_interpolation/XC7A35T_interp\vivado.jou
#-----------------------------------------------------------
start_gui
open_project D:/FpgaProject/XilinxProject/XC7A35T/fir_interpolation/XC7A35T_interp/XC7A35T_interp.xpr
Scanning sources...
Finished scanning sources
INFO: [IP_Flow 19-234] Refreshing IP repositories
INFO: [IP_Flow 19-1704] No user IP repositories specified
INFO: [IP_Flow 19-2313] Loaded Vivado IP repository 'E:/app/Xilinx2018.3/Vivado/2018.3/data/ip'.
update_compile_order -fileset sources_1
reset_run impl_1 -prev_step 
launch_runs impl_1 -to_step write_bitstream -jobs 19
[Sat Jun 20 15:20:09 2026] Launched impl_1...
Run output will be captured here: D:/FpgaProject/XilinxProject/XC7A35T/fir_interpolation/XC7A35T_interp/XC7A35T_interp.runs/impl_1/runme.log
open_hw
connect_hw_server
INFO: [Labtools 27-2285] Connecting to hw_server url TCP:localhost:3121
INFO: [Labtools 27-2222] Launching hw_server...
INFO: [Labtools 27-2221] Launch Output:

****** Xilinx hw_server v2018.3
  **** Build date : Dec  7 2018-00:40:27
    ** Copyright 1986-2018 Xilinx, Inc. All Rights Reserved.


open_hw_target
INFO: [Labtoolstcl 44-466] Opening hw_target localhost:3121/xilinx_tcf/Digilent/SULEE2409455
set_property PROGRAM.FILE {D:/FpgaProject/XilinxProject/XC7A35T/fir_interpolation/XC7A35T_interp/XC7A35T_interp.runs/impl_1/board_demo_competition_dac8_top.bit} [get_hw_devices xc7a35t_0]
set_property PROBES.FILE {D:/FpgaProject/XilinxProject/XC7A35T/fir_interpolation/XC7A35T_interp/XC7A35T_interp.runs/impl_1/board_demo_competition_dac8_top.ltx} [get_hw_devices xc7a35t_0]
set_property FULL_PROBES.FILE {D:/FpgaProject/XilinxProject/XC7A35T/fir_interpolation/XC7A35T_interp/XC7A35T_interp.runs/impl_1/board_demo_competition_dac8_top.ltx} [get_hw_devices xc7a35t_0]
current_hw_device [get_hw_devices xc7a35t_0]
refresh_hw_device [lindex [get_hw_devices xc7a35t_0] 0]
INFO: [Labtools 27-1435] Device xc7a35t (JTAG device index = 0) is not programmed (DONE status = 0).
set_property PROBES.FILE {D:/FpgaProject/XilinxProject/XC7A35T/fir_interpolation/XC7A35T_interp/XC7A35T_interp.runs/impl_1/board_demo_competition_dac8_top.ltx} [get_hw_devices xc7a35t_0]
set_property FULL_PROBES.FILE {D:/FpgaProject/XilinxProject/XC7A35T/fir_interpolation/XC7A35T_interp/XC7A35T_interp.runs/impl_1/board_demo_competition_dac8_top.ltx} [get_hw_devices xc7a35t_0]
set_property PROGRAM.FILE {D:/FpgaProject/XilinxProject/XC7A35T/fir_interpolation/XC7A35T_interp/XC7A35T_interp.runs/impl_1/board_demo_competition_dac8_top.bit} [get_hw_devices xc7a35t_0]
program_hw_devices [get_hw_devices xc7a35t_0]
INFO: [Labtools 27-3164] End of startup status: HIGH
refresh_hw_device [lindex [get_hw_devices xc7a35t_0] 0]
INFO: [Labtools 27-2302] Device xc7a35t (JTAG device index = 0) is programmed with a design that has 3 ILA core(s).
display_hw_ila_data [ get_hw_ila_data hw_ila_data_1 -of_objects [get_hw_ilas -of_objects [get_hw_devices xc7a35t_0] -filter {CELL_NAME=~"u_ila_0"}]]
display_hw_ila_data [ get_hw_ila_data hw_ila_data_2 -of_objects [get_hw_ilas -of_objects [get_hw_devices xc7a35t_0] -filter {CELL_NAME=~"u_ila_1"}]]
display_hw_ila_data [ get_hw_ila_data hw_ila_data_3 -of_objects [get_hw_ilas -of_objects [get_hw_devices xc7a35t_0] -filter {CELL_NAME=~"u_ila_2"}]]
reset_run synth_1
launch_runs synth_1 -jobs 19
[Sat Jun 20 15:34:22 2026] Launched synth_1...
Run output will be captured here: D:/FpgaProject/XilinxProject/XC7A35T/fir_interpolation/XC7A35T_interp/XC7A35T_interp.runs/synth_1/runme.log
launch_runs impl_1 -jobs 19
[Sat Jun 20 15:34:54 2026] Launched impl_1...
Run output will be captured here: D:/FpgaProject/XilinxProject/XC7A35T/fir_interpolation/XC7A35T_interp/XC7A35T_interp.runs/impl_1/runme.log
launch_runs impl_1 -to_step write_bitstream -jobs 19
[Sat Jun 20 15:36:37 2026] Launched impl_1...
Run output will be captured here: D:/FpgaProject/XilinxProject/XC7A35T/fir_interpolation/XC7A35T_interp/XC7A35T_interp.runs/impl_1/runme.log
open_run impl_1
INFO: [Netlist 29-17] Analyzing 247 Unisim elements for replacement
INFO: [Netlist 29-28] Unisim Transformation completed in 0 CPU seconds
INFO: [Project 1-479] Netlist was created with Vivado 2018.3
INFO: [Device 21-403] Loading part xc7a35tfgg484-2
INFO: [Project 1-570] Preparing netlist for logic optimization
INFO: [Timing 38-478] Restoring timing data from binary archive.
INFO: [Timing 38-479] Binary timing data restore complete.
INFO: [Project 1-856] Restoring constraints from binary archive.
INFO: [Project 1-853] Binary constraint restore complete.
Reading XDEF placement.
Reading placer database...
Reading XDEF routing.
Read XDEF File: Time (s): cpu = 00:00:01 ; elapsed = 00:00:00.305 . Memory (MB): peak = 2754.816 ; gain = 2.199
Restored from archive | CPU: 1.000000 secs | Memory: 0.000000 MB |
Finished XDEF File Restore: Time (s): cpu = 00:00:01 ; elapsed = 00:00:00.305 . Memory (MB): peak = 2754.816 ; gain = 2.199
Netlist sorting complete. Time (s): cpu = 00:00:00 ; elapsed = 00:00:00.002 . Memory (MB): peak = 2761.363 ; gain = 0.000
INFO: [Project 1-111] Unisim Transformation Summary:
  A total of 142 instances were transformed.
  CFGLUT5 => CFGLUT5 (SRLC32E, SRL16E): 136 instances
  RAM32M => RAM32M (RAMD32, RAMD32, RAMD32, RAMD32, RAMD32, RAMD32, RAMS32, RAMS32): 6 instances

open_run: Time (s): cpu = 00:00:20 ; elapsed = 00:00:17 . Memory (MB): peak = 2943.492 ; gain = 1047.473
WARNING: [Timing 38-436] There are set_bus_skew constraint(s) in this design. Please run report_bus_skew to ensure that bus skew requirements are met.
set_property PROBES.FILE {D:/FpgaProject/XilinxProject/XC7A35T/fir_interpolation/XC7A35T_interp/XC7A35T_interp.runs/impl_1/board_demo_competition_dac8_top.ltx} [get_hw_devices xc7a35t_0]
set_property FULL_PROBES.FILE {D:/FpgaProject/XilinxProject/XC7A35T/fir_interpolation/XC7A35T_interp/XC7A35T_interp.runs/impl_1/board_demo_competition_dac8_top.ltx} [get_hw_devices xc7a35t_0]
set_property PROGRAM.FILE {D:/FpgaProject/XilinxProject/XC7A35T/fir_interpolation/XC7A35T_interp/XC7A35T_interp.runs/impl_1/board_demo_competition_dac8_top.bit} [get_hw_devices xc7a35t_0]
program_hw_devices [get_hw_devices xc7a35t_0]
INFO: [Labtools 27-3164] End of startup status: HIGH
refresh_hw_device [lindex [get_hw_devices xc7a35t_0] 0]
INFO: [Labtools 27-2302] Device xc7a35t (JTAG device index = 0) is programmed with a design that has 3 ILA core(s).
reset_run synth_1
launch_runs synth_1 -jobs 19
[Sat Jun 20 15:40:46 2026] Launched synth_1...
Run output will be captured here: D:/FpgaProject/XilinxProject/XC7A35T/fir_interpolation/XC7A35T_interp/XC7A35T_interp.runs/synth_1/runme.log
launch_runs impl_1 -jobs 19
[Sat Jun 20 15:41:21 2026] Launched impl_1...
Run output will be captured here: D:/FpgaProject/XilinxProject/XC7A35T/fir_interpolation/XC7A35T_interp/XC7A35T_interp.runs/impl_1/runme.log
launch_runs impl_1 -to_step write_bitstream -jobs 19
[Sat Jun 20 15:43:01 2026] Launched impl_1...
Run output will be captured here: D:/FpgaProject/XilinxProject/XC7A35T/fir_interpolation/XC7A35T_interp/XC7A35T_interp.runs/impl_1/runme.log
set_property PROBES.FILE {D:/FpgaProject/XilinxProject/XC7A35T/fir_interpolation/XC7A35T_interp/XC7A35T_interp.runs/impl_1/board_demo_competition_dac8_top.ltx} [get_hw_devices xc7a35t_0]
set_property FULL_PROBES.FILE {D:/FpgaProject/XilinxProject/XC7A35T/fir_interpolation/XC7A35T_interp/XC7A35T_interp.runs/impl_1/board_demo_competition_dac8_top.ltx} [get_hw_devices xc7a35t_0]
set_property PROGRAM.FILE {D:/FpgaProject/XilinxProject/XC7A35T/fir_interpolation/XC7A35T_interp/XC7A35T_interp.runs/impl_1/board_demo_competition_dac8_top.bit} [get_hw_devices xc7a35t_0]
program_hw_devices [get_hw_devices xc7a35t_0]
INFO: [Labtools 27-3164] End of startup status: HIGH
refresh_hw_device [lindex [get_hw_devices xc7a35t_0] 0]
INFO: [Labtools 27-2302] Device xc7a35t (JTAG device index = 0) is programmed with a design that has 3 ILA core(s).
reset_run synth_1
launch_runs synth_1 -jobs 19
[Sat Jun 20 15:48:01 2026] Launched synth_1...
Run output will be captured here: D:/FpgaProject/XilinxProject/XC7A35T/fir_interpolation/XC7A35T_interp/XC7A35T_interp.runs/synth_1/runme.log
launch_runs impl_1 -jobs 19
[Sat Jun 20 15:48:39 2026] Launched impl_1...
Run output will be captured here: D:/FpgaProject/XilinxProject/XC7A35T/fir_interpolation/XC7A35T_interp/XC7A35T_interp.runs/impl_1/runme.log
launch_runs impl_1 -to_step write_bitstream -jobs 19
[Sat Jun 20 15:50:18 2026] Launched impl_1...
Run output will be captured here: D:/FpgaProject/XilinxProject/XC7A35T/fir_interpolation/XC7A35T_interp/XC7A35T_interp.runs/impl_1/runme.log
set_property PROBES.FILE {D:/FpgaProject/XilinxProject/XC7A35T/fir_interpolation/XC7A35T_interp/XC7A35T_interp.runs/impl_1/board_demo_competition_dac8_top.ltx} [get_hw_devices xc7a35t_0]
set_property FULL_PROBES.FILE {D:/FpgaProject/XilinxProject/XC7A35T/fir_interpolation/XC7A35T_interp/XC7A35T_interp.runs/impl_1/board_demo_competition_dac8_top.ltx} [get_hw_devices xc7a35t_0]
set_property PROGRAM.FILE {D:/FpgaProject/XilinxProject/XC7A35T/fir_interpolation/XC7A35T_interp/XC7A35T_interp.runs/impl_1/board_demo_competition_dac8_top.bit} [get_hw_devices xc7a35t_0]
program_hw_devices [get_hw_devices xc7a35t_0]
INFO: [Labtools 27-3164] End of startup status: HIGH
refresh_hw_device [lindex [get_hw_devices xc7a35t_0] 0]
INFO: [Labtools 27-2302] Device xc7a35t (JTAG device index = 0) is programmed with a design that has 3 ILA core(s).
reset_run synth_1
launch_runs synth_1 -jobs 19
[Sat Jun 20 15:56:26 2026] Launched synth_1...
Run output will be captured here: D:/FpgaProject/XilinxProject/XC7A35T/fir_interpolation/XC7A35T_interp/XC7A35T_interp.runs/synth_1/runme.log
launch_runs impl_1 -jobs 19
[Sat Jun 20 15:56:56 2026] Launched impl_1...
Run output will be captured here: D:/FpgaProject/XilinxProject/XC7A35T/fir_interpolation/XC7A35T_interp/XC7A35T_interp.runs/impl_1/runme.log
launch_runs impl_1 -to_step write_bitstream -jobs 19
[Sat Jun 20 16:00:43 2026] Launched impl_1...
Run output will be captured here: D:/FpgaProject/XilinxProject/XC7A35T/fir_interpolation/XC7A35T_interp/XC7A35T_interp.runs/impl_1/runme.log
set_property PROBES.FILE {D:/FpgaProject/XilinxProject/XC7A35T/fir_interpolation/XC7A35T_interp/XC7A35T_interp.runs/impl_1/board_demo_competition_dac8_top.ltx} [get_hw_devices xc7a35t_0]
set_property FULL_PROBES.FILE {D:/FpgaProject/XilinxProject/XC7A35T/fir_interpolation/XC7A35T_interp/XC7A35T_interp.runs/impl_1/board_demo_competition_dac8_top.ltx} [get_hw_devices xc7a35t_0]
set_property PROGRAM.FILE {D:/FpgaProject/XilinxProject/XC7A35T/fir_interpolation/XC7A35T_interp/XC7A35T_interp.runs/impl_1/board_demo_competition_dac8_top.bit} [get_hw_devices xc7a35t_0]
program_hw_devices [get_hw_devices xc7a35t_0]
INFO: [Labtools 27-3164] End of startup status: HIGH
refresh_hw_device [lindex [get_hw_devices xc7a35t_0] 0]
INFO: [Labtools 27-2302] Device xc7a35t (JTAG device index = 0) is programmed with a design that has 3 ILA core(s).
reset_run synth_1
launch_runs synth_1 -jobs 19
[Sat Jun 20 16:08:14 2026] Launched synth_1...
Run output will be captured here: D:/FpgaProject/XilinxProject/XC7A35T/fir_interpolation/XC7A35T_interp/XC7A35T_interp.runs/synth_1/runme.log
launch_runs impl_1 -jobs 19
[Sat Jun 20 16:09:31 2026] Launched impl_1...
Run output will be captured here: D:/FpgaProject/XilinxProject/XC7A35T/fir_interpolation/XC7A35T_interp/XC7A35T_interp.runs/impl_1/runme.log
launch_runs impl_1 -to_step write_bitstream -jobs 19
[Sat Jun 20 16:12:31 2026] Launched impl_1...
Run output will be captured here: D:/FpgaProject/XilinxProject/XC7A35T/fir_interpolation/XC7A35T_interp/XC7A35T_interp.runs/impl_1/runme.log
set_property PROBES.FILE {D:/FpgaProject/XilinxProject/XC7A35T/fir_interpolation/XC7A35T_interp/XC7A35T_interp.runs/impl_1/board_demo_competition_dac8_top.ltx} [get_hw_devices xc7a35t_0]
set_property FULL_PROBES.FILE {D:/FpgaProject/XilinxProject/XC7A35T/fir_interpolation/XC7A35T_interp/XC7A35T_interp.runs/impl_1/board_demo_competition_dac8_top.ltx} [get_hw_devices xc7a35t_0]
set_property PROGRAM.FILE {D:/FpgaProject/XilinxProject/XC7A35T/fir_interpolation/XC7A35T_interp/XC7A35T_interp.runs/impl_1/board_demo_competition_dac8_top.bit} [get_hw_devices xc7a35t_0]
program_hw_devices [get_hw_devices xc7a35t_0]
INFO: [Labtools 27-3164] End of startup status: HIGH
refresh_hw_device [lindex [get_hw_devices xc7a35t_0] 0]
INFO: [Labtools 27-2302] Device xc7a35t (JTAG device index = 0) is programmed with a design that has 3 ILA core(s).
reset_run synth_1
launch_runs synth_1 -jobs 19
[Sat Jun 20 16:18:01 2026] Launched synth_1...
Run output will be captured here: D:/FpgaProject/XilinxProject/XC7A35T/fir_interpolation/XC7A35T_interp/XC7A35T_interp.runs/synth_1/runme.log
launch_runs impl_1 -jobs 19
[Sat Jun 20 16:19:26 2026] Launched impl_1...
Run output will be captured here: D:/FpgaProject/XilinxProject/XC7A35T/fir_interpolation/XC7A35T_interp/XC7A35T_interp.runs/impl_1/runme.log
launch_runs impl_1 -to_step write_bitstream -jobs 19
[Sat Jun 20 16:22:18 2026] Launched impl_1...
Run output will be captured here: D:/FpgaProject/XilinxProject/XC7A35T/fir_interpolation/XC7A35T_interp/XC7A35T_interp.runs/impl_1/runme.log
set_property PROBES.FILE {D:/FpgaProject/XilinxProject/XC7A35T/fir_interpolation/XC7A35T_interp/XC7A35T_interp.runs/impl_1/board_demo_competition_dac8_top.ltx} [get_hw_devices xc7a35t_0]
set_property FULL_PROBES.FILE {D:/FpgaProject/XilinxProject/XC7A35T/fir_interpolation/XC7A35T_interp/XC7A35T_interp.runs/impl_1/board_demo_competition_dac8_top.ltx} [get_hw_devices xc7a35t_0]
set_property PROGRAM.FILE {D:/FpgaProject/XilinxProject/XC7A35T/fir_interpolation/XC7A35T_interp/XC7A35T_interp.runs/impl_1/board_demo_competition_dac8_top.bit} [get_hw_devices xc7a35t_0]
program_hw_devices [get_hw_devices xc7a35t_0]
INFO: [Labtools 27-3164] End of startup status: HIGH
refresh_hw_device [lindex [get_hw_devices xc7a35t_0] 0]
INFO: [Labtools 27-2302] Device xc7a35t (JTAG device index = 0) is programmed with a design that has 3 ILA core(s).
reset_run synth_1
launch_runs synth_1 -jobs 19
[Sat Jun 20 16:27:18 2026] Launched synth_1...
Run output will be captured here: D:/FpgaProject/XilinxProject/XC7A35T/fir_interpolation/XC7A35T_interp/XC7A35T_interp.runs/synth_1/runme.log
launch_runs impl_1 -jobs 19
[Sat Jun 20 16:29:15 2026] Launched impl_1...
Run output will be captured here: D:/FpgaProject/XilinxProject/XC7A35T/fir_interpolation/XC7A35T_interp/XC7A35T_interp.runs/impl_1/runme.log
launch_runs impl_1 -to_step write_bitstream -jobs 19
[Sat Jun 20 16:32:04 2026] Launched impl_1...
Run output will be captured here: D:/FpgaProject/XilinxProject/XC7A35T/fir_interpolation/XC7A35T_interp/XC7A35T_interp.runs/impl_1/runme.log
set_property PROBES.FILE {D:/FpgaProject/XilinxProject/XC7A35T/fir_interpolation/XC7A35T_interp/XC7A35T_interp.runs/impl_1/board_demo_competition_dac8_top.ltx} [get_hw_devices xc7a35t_0]
set_property FULL_PROBES.FILE {D:/FpgaProject/XilinxProject/XC7A35T/fir_interpolation/XC7A35T_interp/XC7A35T_interp.runs/impl_1/board_demo_competition_dac8_top.ltx} [get_hw_devices xc7a35t_0]
set_property PROGRAM.FILE {D:/FpgaProject/XilinxProject/XC7A35T/fir_interpolation/XC7A35T_interp/XC7A35T_interp.runs/impl_1/board_demo_competition_dac8_top.bit} [get_hw_devices xc7a35t_0]
program_hw_devices [get_hw_devices xc7a35t_0]
INFO: [Labtools 27-3164] End of startup status: HIGH
refresh_hw_device [lindex [get_hw_devices xc7a35t_0] 0]
INFO: [Labtools 27-2302] Device xc7a35t (JTAG device index = 0) is programmed with a design that has 3 ILA core(s).
reset_run synth_1
launch_runs synth_1 -jobs 19
[Sat Jun 20 16:37:47 2026] Launched synth_1...
Run output will be captured here: D:/FpgaProject/XilinxProject/XC7A35T/fir_interpolation/XC7A35T_interp/XC7A35T_interp.runs/synth_1/runme.log
launch_runs impl_1 -jobs 19
[Sat Jun 20 16:38:20 2026] Launched impl_1...
Run output will be captured here: D:/FpgaProject/XilinxProject/XC7A35T/fir_interpolation/XC7A35T_interp/XC7A35T_interp.runs/impl_1/runme.log
launch_runs impl_1 -to_step write_bitstream -jobs 19
[Sat Jun 20 16:39:52 2026] Launched impl_1...
Run output will be captured here: D:/FpgaProject/XilinxProject/XC7A35T/fir_interpolation/XC7A35T_interp/XC7A35T_interp.runs/impl_1/runme.log
set_property PROBES.FILE {D:/FpgaProject/XilinxProject/XC7A35T/fir_interpolation/XC7A35T_interp/XC7A35T_interp.runs/impl_1/board_demo_competition_dac8_top.ltx} [get_hw_devices xc7a35t_0]
set_property FULL_PROBES.FILE {D:/FpgaProject/XilinxProject/XC7A35T/fir_interpolation/XC7A35T_interp/XC7A35T_interp.runs/impl_1/board_demo_competition_dac8_top.ltx} [get_hw_devices xc7a35t_0]
set_property PROGRAM.FILE {D:/FpgaProject/XilinxProject/XC7A35T/fir_interpolation/XC7A35T_interp/XC7A35T_interp.runs/impl_1/board_demo_competition_dac8_top.bit} [get_hw_devices xc7a35t_0]
program_hw_devices [get_hw_devices xc7a35t_0]
INFO: [Labtools 27-3164] End of startup status: HIGH
refresh_hw_device [lindex [get_hw_devices xc7a35t_0] 0]
INFO: [Labtools 27-2302] Device xc7a35t (JTAG device index = 0) is programmed with a design that has 3 ILA core(s).
update_compile_order -fileset sources_1
reset_run synth_1
launch_runs synth_1 -jobs 19
[Sat Jun 20 17:44:29 2026] Launched synth_1...
Run output will be captured here: D:/FpgaProject/XilinxProject/XC7A35T/fir_interpolation/XC7A35T_interp/XC7A35T_interp.runs/synth_1/runme.log
launch_runs impl_1 -jobs 19
[Sat Jun 20 17:45:00 2026] Launched impl_1...
Run output will be captured here: D:/FpgaProject/XilinxProject/XC7A35T/fir_interpolation/XC7A35T_interp/XC7A35T_interp.runs/impl_1/runme.log
reset_run impl_1
launch_runs impl_1 -jobs 19
[Sat Jun 20 17:47:02 2026] Launched impl_1...
Run output will be captured here: D:/FpgaProject/XilinxProject/XC7A35T/fir_interpolation/XC7A35T_interp/XC7A35T_interp.runs/impl_1/runme.log
reset_run synth_1
launch_runs synth_1 -jobs 19
[Sat Jun 20 17:52:30 2026] Launched synth_1...
Run output will be captured here: D:/FpgaProject/XilinxProject/XC7A35T/fir_interpolation/XC7A35T_interp/XC7A35T_interp.runs/synth_1/runme.log
launch_runs impl_1 -jobs 19
[Sat Jun 20 17:53:15 2026] Launched impl_1...
Run output will be captured here: D:/FpgaProject/XilinxProject/XC7A35T/fir_interpolation/XC7A35T_interp/XC7A35T_interp.runs/impl_1/runme.log
launch_runs impl_1 -to_step write_bitstream -jobs 19
[Sat Jun 20 17:54:31 2026] Launched impl_1...
Run output will be captured here: D:/FpgaProject/XilinxProject/XC7A35T/fir_interpolation/XC7A35T_interp/XC7A35T_interp.runs/impl_1/runme.log
save_wave_config {D:/FpgaProject/XilinxProject/XC7A35T/fir_interpolation/XC7A35T_interp/XC7A35T_interp.hw/hw_1/wave/hw_ila_data_1/hw_ila_data_1.wcfg}
save_wave_config {D:/FpgaProject/XilinxProject/XC7A35T/fir_interpolation/XC7A35T_interp/XC7A35T_interp.hw/hw_1/wave/hw_ila_data_2/hw_ila_data_2.wcfg}
save_wave_config {D:/FpgaProject/XilinxProject/XC7A35T/fir_interpolation/XC7A35T_interp/XC7A35T_interp.hw/hw_1/wave/hw_ila_data_3/hw_ila_data_3.wcfg}
close_hw
reset_run impl_1 -prev_step 
launch_runs impl_1 -to_step write_bitstream -jobs 19
[Sat Jun 20 17:55:27 2026] Launched impl_1...
Run output will be captured here: D:/FpgaProject/XilinxProject/XC7A35T/fir_interpolation/XC7A35T_interp/XC7A35T_interp.runs/impl_1/runme.log
open_hw
connect_hw_server
INFO: [Labtools 27-2285] Connecting to hw_server url TCP:localhost:3121
INFO: [Labtools 27-2222] Launching hw_server...
INFO: [Labtools 27-2221] Launch Output:

****** Xilinx hw_server v2018.3
  **** Build date : Dec  7 2018-00:40:27
    ** Copyright 1986-2018 Xilinx, Inc. All Rights Reserved.


open_hw_target
INFO: [Labtoolstcl 44-466] Opening hw_target localhost:3121/xilinx_tcf/Digilent/SULEE2409455
set_property PROGRAM.FILE {D:/FpgaProject/XilinxProject/XC7A35T/fir_interpolation/XC7A35T_interp/XC7A35T_interp.runs/impl_1/board_demo_competition_dac8_top.bit} [get_hw_devices xc7a35t_0]
set_property PROBES.FILE {} [get_hw_devices xc7a35t_0]
set_property FULL_PROBES.FILE {} [get_hw_devices xc7a35t_0]
set_property PROGRAM.FILE {D:/FpgaProject/XilinxProject/XC7A35T/fir_interpolation/XC7A35T_interp/XC7A35T_interp.runs/impl_1/board_demo_competition_dac8_top.bit} [get_hw_devices xc7a35t_0]
program_hw_devices [get_hw_devices xc7a35t_0]
INFO: [Labtools 27-3164] End of startup status: HIGH
refresh_hw_device [lindex [get_hw_devices xc7a35t_0] 0]
INFO: [Labtools 27-1434] Device xc7a35t (JTAG device index = 0) is programmed with a design that has no supported debug core(s) in it.
update_compile_order -fileset sources_1
update_compile_order -fileset sources_1
reset_run synth_1
launch_runs synth_1 -jobs 19
WARNING: [HDL 9-3756] overwriting previous definition of module 'demo_interp_dac8_mmcm48_common' [D:/FpgaProject/XilinxProject/XC7A35T/fir_interpolation/XC7A35T_interp/XC7A35T_interp.srcs/sources_1/new/demo_interp_dac8_mmcm48_common.v:42]
WARNING: [filemgmt 20-1318] Duplicate Design Unit 'demo_interp_dac8_mmcm48_common()' found in library 'xil_defaultlib'
Duplicate found at line 29 of file D:/FpgaProject/XilinxProject/XC7A35T/fir_interpolation/XC7A35T_interp/XC7A35T_interp.srcs/sources_1/new/board_demo_competition_dac8_top.v
	(Active) Duplicate found at line 42 of file D:/FpgaProject/XilinxProject/XC7A35T/fir_interpolation/XC7A35T_interp/XC7A35T_interp.srcs/sources_1/new/demo_interp_dac8_mmcm48_common.v
[Sat Jun 20 18:03:40 2026] Launched synth_1...
Run output will be captured here: D:/FpgaProject/XilinxProject/XC7A35T/fir_interpolation/XC7A35T_interp/XC7A35T_interp.runs/synth_1/runme.log
launch_runs impl_1 -jobs 19
[Sat Jun 20 18:05:12 2026] Launched impl_1...
Run output will be captured here: D:/FpgaProject/XilinxProject/XC7A35T/fir_interpolation/XC7A35T_interp/XC7A35T_interp.runs/impl_1/runme.log
launch_runs impl_1 -to_step write_bitstream -jobs 19
[Sat Jun 20 18:07:11 2026] Launched impl_1...
Run output will be captured here: D:/FpgaProject/XilinxProject/XC7A35T/fir_interpolation/XC7A35T_interp/XC7A35T_interp.runs/impl_1/runme.log
reset_run impl_1 -prev_step 
launch_runs impl_1 -to_step write_bitstream -jobs 19
[Sat Jun 20 18:08:14 2026] Launched impl_1...
Run output will be captured here: D:/FpgaProject/XilinxProject/XC7A35T/fir_interpolation/XC7A35T_interp/XC7A35T_interp.runs/impl_1/runme.log
close_hw
set_property top board_demo_competition_dac8_top [current_fileset]
update_compile_order -fileset sources_1
reset_run synth_1
launch_runs synth_1 -jobs 19
CRITICAL WARNING: [HDL 9-3952] use of undefined macro 'verilog' [D:/FpgaProject/XilinxProject/XC7A35T/fir_interpolation/XC7A35T_interp/XC7A35T_interp.srcs/sources_1/new/demo_interp_dac8_mmcm48_common.v:1]
[Sat Jun 20 18:15:15 2026] Launched synth_1...
Run output will be captured here: D:/FpgaProject/XilinxProject/XC7A35T/fir_interpolation/XC7A35T_interp/XC7A35T_interp.runs/synth_1/runme.log
reset_run synth_1
launch_runs synth_1 -jobs 19
[Sat Jun 20 18:15:58 2026] Launched synth_1...
Run output will be captured here: D:/FpgaProject/XilinxProject/XC7A35T/fir_interpolation/XC7A35T_interp/XC7A35T_interp.runs/synth_1/runme.log
launch_runs impl_1 -jobs 19
[Sat Jun 20 18:16:48 2026] Launched impl_1...
Run output will be captured here: D:/FpgaProject/XilinxProject/XC7A35T/fir_interpolation/XC7A35T_interp/XC7A35T_interp.runs/impl_1/runme.log
launch_runs impl_1 -to_step write_bitstream -jobs 19
[Sat Jun 20 18:17:34 2026] Launched impl_1...
Run output will be captured here: D:/FpgaProject/XilinxProject/XC7A35T/fir_interpolation/XC7A35T_interp/XC7A35T_interp.runs/impl_1/runme.log
open_hw
connect_hw_server
INFO: [Labtools 27-2285] Connecting to hw_server url TCP:localhost:3121
INFO: [Labtools 27-2222] Launching hw_server...
INFO: [Labtools 27-2221] Launch Output:

****** Xilinx hw_server v2018.3
  **** Build date : Dec  7 2018-00:40:27
    ** Copyright 1986-2018 Xilinx, Inc. All Rights Reserved.


open_hw_target
INFO: [Labtoolstcl 44-466] Opening hw_target localhost:3121/xilinx_tcf/Digilent/SULEE2409455
set_property PROGRAM.FILE {D:/FpgaProject/XilinxProject/XC7A35T/fir_interpolation/XC7A35T_interp/XC7A35T_interp.runs/impl_1/board_demo_competition_dac8_top.bit} [get_hw_devices xc7a35t_0]
current_hw_device [get_hw_devices xc7a35t_0]
refresh_hw_device -update_hw_probes false [lindex [get_hw_devices xc7a35t_0] 0]
INFO: [Labtools 27-1434] Device xc7a35t (JTAG device index = 0) is programmed with a design that has no supported debug core(s) in it.
set_property PROBES.FILE {} [get_hw_devices xc7a35t_0]
set_property FULL_PROBES.FILE {} [get_hw_devices xc7a35t_0]
set_property PROGRAM.FILE {D:/FpgaProject/XilinxProject/XC7A35T/fir_interpolation/XC7A35T_interp/XC7A35T_interp.runs/impl_1/board_demo_competition_dac8_top.bit} [get_hw_devices xc7a35t_0]
program_hw_devices [get_hw_devices xc7a35t_0]
INFO: [Labtools 27-3164] End of startup status: HIGH
refresh_hw_device [lindex [get_hw_devices xc7a35t_0] 0]
INFO: [Labtools 27-1434] Device xc7a35t (JTAG device index = 0) is programmed with a design that has no supported debug core(s) in it.
set_property PROBES.FILE {} [get_hw_devices xc7a35t_0]
set_property FULL_PROBES.FILE {} [get_hw_devices xc7a35t_0]
set_property PROGRAM.FILE {D:/FpgaProject/XilinxProject/XC7A35T/fir_interpolation/XC7A35T_interp/XC7A35T_interp.runs/impl_1/board_demo_competition_dac8_top.bit} [get_hw_devices xc7a35t_0]
program_hw_devices [get_hw_devices xc7a35t_0]
INFO: [Labtools 27-3164] End of startup status: HIGH
refresh_hw_device [lindex [get_hw_devices xc7a35t_0] 0]
INFO: [Labtools 27-1434] Device xc7a35t (JTAG device index = 0) is programmed with a design that has no supported debug core(s) in it.
reset_run synth_1
launch_runs synth_1 -jobs 19
[Sat Jun 20 18:24:17 2026] Launched synth_1...
Run output will be captured here: D:/FpgaProject/XilinxProject/XC7A35T/fir_interpolation/XC7A35T_interp/XC7A35T_interp.runs/synth_1/runme.log
launch_runs impl_1 -jobs 19
[Sat Jun 20 18:24:44 2026] Launched impl_1...
Run output will be captured here: D:/FpgaProject/XilinxProject/XC7A35T/fir_interpolation/XC7A35T_interp/XC7A35T_interp.runs/impl_1/runme.log
launch_runs impl_1 -to_step write_bitstream -jobs 19
[Sat Jun 20 18:25:24 2026] Launched impl_1...
Run output will be captured here: D:/FpgaProject/XilinxProject/XC7A35T/fir_interpolation/XC7A35T_interp/XC7A35T_interp.runs/impl_1/runme.log
set_property PROBES.FILE {} [get_hw_devices xc7a35t_0]
set_property FULL_PROBES.FILE {} [get_hw_devices xc7a35t_0]
set_property PROGRAM.FILE {D:/FpgaProject/XilinxProject/XC7A35T/fir_interpolation/XC7A35T_interp/XC7A35T_interp.runs/impl_1/board_demo_competition_dac8_top.bit} [get_hw_devices xc7a35t_0]
program_hw_devices [get_hw_devices xc7a35t_0]
INFO: [Labtools 27-3164] End of startup status: HIGH
refresh_hw_device [lindex [get_hw_devices xc7a35t_0] 0]
INFO: [Labtools 27-1434] Device xc7a35t (JTAG device index = 0) is programmed with a design that has no supported debug core(s) in it.
ERROR: [Labtoolstcl 44-513] HW Target shutdown. Closing target: localhost:3121/xilinx_tcf/Digilent/SULEE2409455
update_compile_order -fileset sources_1
close_hw
reset_run synth_1
launch_runs synth_1 -jobs 19
[Sat Jun 20 19:30:28 2026] Launched synth_1...
Run output will be captured here: D:/FpgaProject/XilinxProject/XC7A35T/fir_interpolation/XC7A35T_interp/XC7A35T_interp.runs/synth_1/runme.log
launch_runs impl_1 -jobs 19
[Sat Jun 20 19:32:17 2026] Launched impl_1...
Run output will be captured here: D:/FpgaProject/XilinxProject/XC7A35T/fir_interpolation/XC7A35T_interp/XC7A35T_interp.runs/impl_1/runme.log
launch_runs impl_1 -to_step write_bitstream -jobs 19
[Sat Jun 20 19:36:25 2026] Launched impl_1...
Run output will be captured here: D:/FpgaProject/XilinxProject/XC7A35T/fir_interpolation/XC7A35T_interp/XC7A35T_interp.runs/impl_1/runme.log
open_hw
connect_hw_server
INFO: [Labtools 27-2285] Connecting to hw_server url TCP:localhost:3121
INFO: [Labtools 27-2222] Launching hw_server...
INFO: [Labtools 27-2221] Launch Output:

****** Xilinx hw_server v2018.3
  **** Build date : Dec  7 2018-00:40:27
    ** Copyright 1986-2018 Xilinx, Inc. All Rights Reserved.


disconnect_hw_server localhost:3121
connect_hw_server
INFO: [Labtools 27-2285] Connecting to hw_server url TCP:localhost:3121
open_hw_target
INFO: [Labtoolstcl 44-466] Opening hw_target localhost:3121/xilinx_tcf/Digilent/SULEE2409455
set_property PROGRAM.FILE {D:/FpgaProject/XilinxProject/XC7A35T/fir_interpolation/XC7A35T_interp/XC7A35T_interp.runs/impl_1/board_demo_competition_dac8_top.bit} [get_hw_devices xc7a35t_0]
current_hw_device [get_hw_devices xc7a35t_0]
refresh_hw_device -update_hw_probes false [lindex [get_hw_devices xc7a35t_0] 0]
INFO: [Labtools 27-1435] Device xc7a35t (JTAG device index = 0) is not programmed (DONE status = 0).
set_property PROBES.FILE {} [get_hw_devices xc7a35t_0]
set_property FULL_PROBES.FILE {} [get_hw_devices xc7a35t_0]
set_property PROGRAM.FILE {D:/FpgaProject/XilinxProject/XC7A35T/fir_interpolation/XC7A35T_interp/XC7A35T_interp.runs/impl_1/board_demo_competition_dac8_top.bit} [get_hw_devices xc7a35t_0]
program_hw_devices [get_hw_devices xc7a35t_0]
INFO: [Labtools 27-3164] End of startup status: HIGH
refresh_hw_device [lindex [get_hw_devices xc7a35t_0] 0]
INFO: [Labtools 27-1434] Device xc7a35t (JTAG device index = 0) is programmed with a design that has no supported debug core(s) in it.
set_property PROBES.FILE {} [get_hw_devices xc7a35t_0]
set_property FULL_PROBES.FILE {} [get_hw_devices xc7a35t_0]
set_property PROGRAM.FILE {D:/FpgaProject/XilinxProject/XC7A35T/fir_interpolation/XC7A35T_interp/XC7A35T_interp.runs/impl_1/board_demo_competition_dac8_top.bit} [get_hw_devices xc7a35t_0]
program_hw_devices [get_hw_devices xc7a35t_0]
INFO: [Labtools 27-3164] End of startup status: HIGH
refresh_hw_device [lindex [get_hw_devices xc7a35t_0] 0]
INFO: [Labtools 27-1434] Device xc7a35t (JTAG device index = 0) is programmed with a design that has no supported debug core(s) in it.
reset_run synth_1
launch_runs synth_1 -jobs 19
[Sat Jun 20 19:44:17 2026] Launched synth_1...
Run output will be captured here: D:/FpgaProject/XilinxProject/XC7A35T/fir_interpolation/XC7A35T_interp/XC7A35T_interp.runs/synth_1/runme.log
launch_runs impl_1 -jobs 19
[Sat Jun 20 19:45:51 2026] Launched impl_1...
Run output will be captured here: D:/FpgaProject/XilinxProject/XC7A35T/fir_interpolation/XC7A35T_interp/XC7A35T_interp.runs/impl_1/runme.log
launch_runs impl_1 -to_step write_bitstream -jobs 19
[Sat Jun 20 19:47:43 2026] Launched impl_1...
Run output will be captured here: D:/FpgaProject/XilinxProject/XC7A35T/fir_interpolation/XC7A35T_interp/XC7A35T_interp.runs/impl_1/runme.log
set_property PROBES.FILE {} [get_hw_devices xc7a35t_0]
set_property FULL_PROBES.FILE {} [get_hw_devices xc7a35t_0]
set_property PROGRAM.FILE {D:/FpgaProject/XilinxProject/XC7A35T/fir_interpolation/XC7A35T_interp/XC7A35T_interp.runs/impl_1/board_demo_competition_dac8_top.bit} [get_hw_devices xc7a35t_0]
program_hw_devices [get_hw_devices xc7a35t_0]
INFO: [Labtools 27-3164] End of startup status: HIGH
refresh_hw_device [lindex [get_hw_devices xc7a35t_0] 0]
INFO: [Labtools 27-1434] Device xc7a35t (JTAG device index = 0) is programmed with a design that has no supported debug core(s) in it.
reset_run synth_1
launch_runs synth_1 -jobs 19
[Sat Jun 20 19:54:08 2026] Launched synth_1...
Run output will be captured here: D:/FpgaProject/XilinxProject/XC7A35T/fir_interpolation/XC7A35T_interp/XC7A35T_interp.runs/synth_1/runme.log
launch_runs impl_1 -jobs 19
[Sat Jun 20 19:56:27 2026] Launched impl_1...
Run output will be captured here: D:/FpgaProject/XilinxProject/XC7A35T/fir_interpolation/XC7A35T_interp/XC7A35T_interp.runs/impl_1/runme.log
reset_run synth_1
launch_runs impl_1 -jobs 19
[Sat Jun 20 19:59:05 2026] Launched synth_1...
Run output will be captured here: D:/FpgaProject/XilinxProject/XC7A35T/fir_interpolation/XC7A35T_interp/XC7A35T_interp.runs/synth_1/runme.log
[Sat Jun 20 19:59:05 2026] Launched impl_1...
Run output will be captured here: D:/FpgaProject/XilinxProject/XC7A35T/fir_interpolation/XC7A35T_interp/XC7A35T_interp.runs/impl_1/runme.log
launch_runs impl_1 -to_step write_bitstream -jobs 19
[Sat Jun 20 21:56:37 2026] Launched impl_1...
Run output will be captured here: D:/FpgaProject/XilinxProject/XC7A35T/fir_interpolation/XC7A35T_interp/XC7A35T_interp.runs/impl_1/runme.log
set_property PROBES.FILE {} [get_hw_devices xc7a35t_0]
set_property FULL_PROBES.FILE {} [get_hw_devices xc7a35t_0]
set_property PROGRAM.FILE {D:/FpgaProject/XilinxProject/XC7A35T/fir_interpolation/XC7A35T_interp/XC7A35T_interp.runs/impl_1/board_demo_competition_dac8_top.bit} [get_hw_devices xc7a35t_0]
program_hw_devices [get_hw_devices xc7a35t_0]
INFO: [Labtools 27-3164] End of startup status: HIGH
refresh_hw_device [lindex [get_hw_devices xc7a35t_0] 0]
INFO: [Labtools 27-1434] Device xc7a35t (JTAG device index = 0) is programmed with a design that has no supported debug core(s) in it.
reset_run synth_1
launch_runs synth_1 -jobs 19
[Sat Jun 20 22:08:05 2026] Launched synth_1...
Run output will be captured here: D:/FpgaProject/XilinxProject/XC7A35T/fir_interpolation/XC7A35T_interp/XC7A35T_interp.runs/synth_1/runme.log
launch_runs impl_1 -jobs 19
[Sat Jun 20 22:10:22 2026] Launched impl_1...
Run output will be captured here: D:/FpgaProject/XilinxProject/XC7A35T/fir_interpolation/XC7A35T_interp/XC7A35T_interp.runs/impl_1/runme.log
close_hw
launch_runs impl_1 -to_step write_bitstream -jobs 19
[Sat Jun 20 23:27:44 2026] Launched impl_1...
Run output will be captured here: D:/FpgaProject/XilinxProject/XC7A35T/fir_interpolation/XC7A35T_interp/XC7A35T_interp.runs/impl_1/runme.log
open_hw
connect_hw_server
INFO: [Labtools 27-2285] Connecting to hw_server url TCP:localhost:3121
INFO: [Labtools 27-2222] Launching hw_server...
INFO: [Labtools 27-2221] Launch Output:

****** Xilinx hw_server v2018.3
  **** Build date : Dec  7 2018-00:40:27
    ** Copyright 1986-2018 Xilinx, Inc. All Rights Reserved.


open_hw_target
INFO: [Labtoolstcl 44-466] Opening hw_target localhost:3121/xilinx_tcf/Digilent/SULEE2409455
set_property PROGRAM.FILE {D:/FpgaProject/XilinxProject/XC7A35T/fir_interpolation/XC7A35T_interp/XC7A35T_interp.runs/impl_1/board_demo_competition_dac8_top.bit} [get_hw_devices xc7a35t_0]
current_hw_device [get_hw_devices xc7a35t_0]
refresh_hw_device -update_hw_probes false [lindex [get_hw_devices xc7a35t_0] 0]
INFO: [Labtools 27-1434] Device xc7a35t (JTAG device index = 0) is programmed with a design that has no supported debug core(s) in it.
set_property PROBES.FILE {} [get_hw_devices xc7a35t_0]
set_property FULL_PROBES.FILE {} [get_hw_devices xc7a35t_0]
set_property PROGRAM.FILE {D:/FpgaProject/XilinxProject/XC7A35T/fir_interpolation/XC7A35T_interp/XC7A35T_interp.runs/impl_1/board_demo_competition_dac8_top.bit} [get_hw_devices xc7a35t_0]
program_hw_devices [get_hw_devices xc7a35t_0]
INFO: [Labtools 27-3164] End of startup status: HIGH
refresh_hw_device [lindex [get_hw_devices xc7a35t_0] 0]
INFO: [Labtools 27-1434] Device xc7a35t (JTAG device index = 0) is programmed with a design that has no supported debug core(s) in it.
reset_run synth_1
launch_runs synth_1 -jobs 19
[Sat Jun 20 23:42:11 2026] Launched synth_1...
Run output will be captured here: D:/FpgaProject/XilinxProject/XC7A35T/fir_interpolation/XC7A35T_interp/XC7A35T_interp.runs/synth_1/runme.log
launch_runs impl_1 -jobs 19
[Sat Jun 20 23:48:22 2026] Launched impl_1...
Run output will be captured here: D:/FpgaProject/XilinxProject/XC7A35T/fir_interpolation/XC7A35T_interp/XC7A35T_interp.runs/impl_1/runme.log
exit
INFO: [Common 17-206] Exiting Vivado at Sun Jun 21 00:36:57 2026...
