INFO: [VRFC 10-2263] Analyzing Verilog file "D:/20260128learn/fpga_class/interp4_ctrl/interp4_ctrl.srcs/sources_1/ip/clk_wiz_audio_44k1/clk_wiz_audio_44k1_clk_wiz.v" into library xil_defaultlib
INFO: [VRFC 10-311] analyzing module clk_wiz_audio_44k1_clk_wiz
INFO: [VRFC 10-2263] Analyzing Verilog file "D:/20260128learn/fpga_class/interp4_ctrl/interp4_ctrl.srcs/sources_1/ip/clk_wiz_audio_44k1/clk_wiz_audio_44k1.v" into library xil_defaultlib
INFO: [VRFC 10-311] analyzing module clk_wiz_audio_44k1
INFO: [VRFC 10-2263] Analyzing Verilog file "D:/20260128learn/fpga_class/interp4_ctrl/interp4_ctrl.srcs/sources_1/ip/clk_wiz_audio_48k/clk_wiz_audio_48k_clk_wiz.v" into library xil_defaultlib
INFO: [VRFC 10-311] analyzing module clk_wiz_audio_48k_clk_wiz
INFO: [VRFC 10-2263] Analyzing Verilog file "D:/20260128learn/fpga_class/interp4_ctrl/interp4_ctrl.srcs/sources_1/ip/clk_wiz_audio_48k/clk_wiz_audio_48k.v" into library xil_defaultlib
INFO: [VRFC 10-311] analyzing module clk_wiz_audio_48k
INFO: [VRFC 10-2263] Analyzing Verilog file "D:/20260128learn/fpga_class/interp4_ctrl/interp4_ctrl.srcs/sources_1/new/board_demo_competition_dac8_top.v" into library xil_defaultlib
INFO: [VRFC 10-311] analyzing module board_demo_competition_dac8_top
INFO: [VRFC 10-2263] Analyzing Verilog file "D:/20260128learn/fpga_class/interp4_ctrl/interp4_ctrl.srcs/sources_1/imports/new/bridge_to_interp2_ce.v" into library xil_defaultlib
INFO: [VRFC 10-311] analyzing module bridge_to_interp2_ce
INFO: [VRFC 10-2263] Analyzing Verilog file "D:/20260128learn/fpga_class/interp4_ctrl/interp4_ctrl.srcs/sources_1/new/demo_interp_dac8_mmcm_common.v" into library xil_defaultlib
INFO: [VRFC 10-311] analyzing module demo_interp_dac8_mmcm_common
INFO: [VRFC 10-2263] Analyzing Verilog file "D:/20260128learn/fpga_class/interp4_ctrl/interp4_ctrl.srcs/sources_1/imports/new/fir_core_symm_interp2.v" into library xil_defaultlib
INFO: [VRFC 10-311] analyzing module fir_core_symm_interp2_v2
INFO: [VRFC 10-2263] Analyzing Verilog file "D:/20260128learn/fpga_class/interp4_ctrl/interp4_ctrl.srcs/sources_1/imports/new/fir_core_synm.v" into library xil_defaultlib
INFO: [VRFC 10-311] analyzing module fir_core_symm
INFO: [VRFC 10-2263] Analyzing Verilog file "D:/20260128learn/fpga_class/interp4_ctrl/interp4_ctrl.srcs/sources_1/imports/new/interp128_top_ce.v" into library xil_defaultlib
INFO: [VRFC 10-311] analyzing module interp128_top_ce
INFO: [VRFC 10-2263] Analyzing Verilog file "D:/20260128learn/fpga_class/interp4_ctrl/interp4_ctrl.srcs/sources_1/imports/new/interp2_ctrl_ce.v" into library xil_defaultlib
INFO: [VRFC 10-311] analyzing module interp2_ctrl_ce
INFO: [VRFC 10-2263] Analyzing Verilog file "D:/20260128learn/fpga_class/interp4_ctrl/interp4_ctrl.srcs/sources_1/imports/new/interp2_top_symm_ce.v" into library xil_defaultlib
INFO: [VRFC 10-311] analyzing module interp2_top_symm_ce
INFO: [VRFC 10-2263] Analyzing Verilog file "D:/20260128learn/fpga_class/interp4_ctrl/interp4_ctrl.srcs/sources_1/imports/new/interp4_ctrl_ce.v" into library xil_defaultlib
INFO: [VRFC 10-311] analyzing module interp4_ctrl_ce
INFO: [VRFC 10-2263] Analyzing Verilog file "D:/20260128learn/fpga_class/interp4_ctrl/interp4_ctrl.srcs/sources_1/imports/new/interp4_top_symm_ce.v" into library xil_defaultlib
INFO: [VRFC 10-311] analyzing module interp4_top_symm_ce
INFO: [VRFC 10-2263] Analyzing Verilog file "D:/20260128learn/fpga_class/interp4_ctrl/interp4_ctrl.srcs/sim_1/new/tb_board_demo_competition_dac8_top.v" into library xil_defaultlib
INFO: [VRFC 10-311] analyzing module tb_board_demo_competition_dac8_top
