#-----------------------------------------------------------
# Vivado v2018.3 (64-bit)
# SW Build 2405991 on Thu Dec  6 23:38:27 MST 2018
# IP Build 2404404 on Fri Dec  7 01:43:56 MST 2018
# Start of session at: Tue Jun 23 21:49:29 2026
# Process ID: 36412
# Current directory: D:/FpgaProject/XilinxProject/XC7A35T/fir_interpolation/XC7A35T_interp_dual_family_scope_OK_20260621
# Command line: vivado.exe -gui_launcher_event rodinguilauncherevent47724 D:\FpgaProject\XilinxProject\XC7A35T\fir_interpolation\XC7A35T_interp_dual_family_scope_OK_20260621\XC7A35T_interp.xpr
# Log file: D:/FpgaProject/XilinxProject/XC7A35T/fir_interpolation/XC7A35T_interp_dual_family_scope_OK_20260621/vivado.log
# Journal file: D:/FpgaProject/XilinxProject/XC7A35T/fir_interpolation/XC7A35T_interp_dual_family_scope_OK_20260621\vivado.jou
#-----------------------------------------------------------
start_gui
open_project D:/FpgaProject/XilinxProject/XC7A35T/fir_interpolation/XC7A35T_interp_dual_family_scope_OK_20260621/XC7A35T_interp.xpr
INFO: [ProjectBase 1-489] The host OS only allows 260 characters in a normal path. The project is stored in a path with more than 80 characters. If you experience issues with IP, Block Designs, or files not being found, please consider moving the project to a location with a shorter path. Alternately consider using the OS subst command to map part of the path to a drive letter.
Current project path is 'D:/FpgaProject/XilinxProject/XC7A35T/fir_interpolation/XC7A35T_interp_dual_family_scope_OK_20260621'
INFO: [Project 1-313] Project file moved from 'D:/FpgaProject/XilinxProject/XC7A35T/fir_interpolation/XC7A35T_interp' since last save.
Scanning sources...
Finished scanning sources
INFO: [IP_Flow 19-234] Refreshing IP repositories
INFO: [IP_Flow 19-1704] No user IP repositories specified
INFO: [IP_Flow 19-2313] Loaded Vivado IP repository 'E:/app/Xilinx2018.3/Vivado/2018.3/data/ip'.
open_project: Time (s): cpu = 00:00:22 ; elapsed = 00:00:12 . Memory (MB): peak = 757.289 ; gain = 138.766
update_compile_order -fileset sources_1open_run impl_1
INFO: [Netlist 29-17] Analyzing 4051 Unisim elements for r